[0.048s] Invoking command in '/home/zain/Projects/MasterThesis/build/sim_ros2_interface': CMAKE_PREFIX_PATH=/opt/ros/humble CONDA_PROMPT_MODIFIER=(MasterThesis) /usr/bin/cmake --build /home/zain/Projects/MasterThesis/build/sim_ros2_interface -- -j16 -l16
[0.079s] [ 75%] Built target generate_ros_code
[0.085s] [ 77%] [34m[1mGenerating generated/stubs.cpp, generated/stubs.h, generated/plugin.h, generated/stubsPlusPlus.cpp, generated/index.json, generated/reference.html, generated/typecheck.lua[0m
[0.109s] /opt/CoppeliaSim_Edu_V4_6_0_rev18_Ubuntu22_04/programming/include/simStubsGen/generate.py --verbose --xml-file /home/zain/Projects/MasterThesis/src/sim_ros2_interface/meta/callbacks.xml --gen-all /home/zain/Projects/MasterThesis/build/sim_ros2_interface/generated --lua-file /home/zain/Projects/MasterThesis/src/sim_ros2_interface/lua/simROS2.lua
[0.350s] /opt/anaconda3/envs/MasterThesis/bin/python3.1 /opt/CoppeliaSim_Edu_V4_6_0_rev18_Ubuntu22_04/programming/include/simStubsGen/generate_lua_xml.py /home/zain/Projects/MasterThesis/src/sim_ros2_interface/meta/callbacks.xml /home/zain/Projects/MasterThesis/src/sim_ros2_interface/lua/simROS2.lua /home/zain/Projects/MasterThesis/build/sim_ros2_interface/generated/lua.xml
[0.630s] /opt/anaconda3/envs/MasterThesis/bin/python3.1 /opt/CoppeliaSim_Edu_V4_6_0_rev18_Ubuntu22_04/programming/include/simStubsGen/merge_xml.py /home/zain/Projects/MasterThesis/src/sim_ros2_interface/meta/callbacks.xml /home/zain/Projects/MasterThesis/build/sim_ros2_interface/generated/lua.xml /home/zain/Projects/MasterThesis/build/sim_ros2_interface/generated/reference.xml
[0.653s] xsltproc -o /home/zain/Projects/MasterThesis/build/sim_ros2_interface/generated/reference.html /opt/CoppeliaSim_Edu_V4_6_0_rev18_Ubuntu22_04/programming/include/simStubsGen/xsl/reference.xsl /home/zain/Projects/MasterThesis/build/sim_ros2_interface/generated/reference.xml
[0.670s] /opt/anaconda3/envs/MasterThesis/bin/python3.1 /opt/CoppeliaSim_Edu_V4_6_0_rev18_Ubuntu22_04/programming/include/simStubsGen/generate_lua_typechecker.py /home/zain/Projects/MasterThesis/src/sim_ros2_interface/meta/callbacks.xml /home/zain/Projects/MasterThesis/src/sim_ros2_interface/lua/simROS2.lua /home/zain/Projects/MasterThesis/build/sim_ros2_interface/generated/lua.xml /home/zain/Projects/MasterThesis/build/sim_ros2_interface/generated/typecheck.lua
[0.956s] /opt/anaconda3/envs/MasterThesis/bin/python3.1 /opt/CoppeliaSim_Edu_V4_6_0_rev18_Ubuntu22_04/programming/include/simStubsGen/generate_api_index.py /home/zain/Projects/MasterThesis/build/sim_ros2_interface/generated/reference.xml /home/zain/Projects/MasterThesis/build/sim_ros2_interface/generated/index.json
[1.266s] /opt/anaconda3/envs/MasterThesis/bin/python3.1 /opt/CoppeliaSim_Edu_V4_6_0_rev18_Ubuntu22_04/programming/include/simStubsGen/generate_ce.py /home/zain/Projects/MasterThesis/build/sim_ros2_interface/generated/reference.xml /home/zain/Projects/MasterThesis/build/sim_ros2_interface/generated/ce.lua
[1.577s] /opt/anaconda3/envs/MasterThesis/bin/python3.1 /opt/CoppeliaSim_Edu_V4_6_0_rev18_Ubuntu22_04/programming/include/simStubsGen/external/pycpp/pycpp.py -p xml_file=/home/zain/Projects/MasterThesis/src/sim_ros2_interface/meta/callbacks.xml -P /opt/CoppeliaSim_Edu_V4_6_0_rev18_Ubuntu22_04/programming/include/simStubsGen -i /opt/CoppeliaSim_Edu_V4_6_0_rev18_Ubuntu22_04/programming/include/simStubsGen/cpp/stubs.cpp -o /home/zain/Projects/MasterThesis/build/sim_ros2_interface/generated/stubs.cpp
[1.882s] /opt/anaconda3/envs/MasterThesis/bin/python3.1 /opt/CoppeliaSim_Edu_V4_6_0_rev18_Ubuntu22_04/programming/include/simStubsGen/external/pycpp/pycpp.py -p xml_file=/home/zain/Projects/MasterThesis/src/sim_ros2_interface/meta/callbacks.xml -P /opt/CoppeliaSim_Edu_V4_6_0_rev18_Ubuntu22_04/programming/include/simStubsGen -i /opt/CoppeliaSim_Edu_V4_6_0_rev18_Ubuntu22_04/programming/include/simStubsGen/cpp/stubs.h -o /home/zain/Projects/MasterThesis/build/sim_ros2_interface/generated/stubs.h
[2.189s] /opt/anaconda3/envs/MasterThesis/bin/python3.1 /opt/CoppeliaSim_Edu_V4_6_0_rev18_Ubuntu22_04/programming/include/simStubsGen/external/pycpp/pycpp.py -p xml_file=/home/zain/Projects/MasterThesis/src/sim_ros2_interface/meta/callbacks.xml -P /opt/CoppeliaSim_Edu_V4_6_0_rev18_Ubuntu22_04/programming/include/simStubsGen -i /opt/CoppeliaSim_Edu_V4_6_0_rev18_Ubuntu22_04/programming/include/simStubsGen/cpp/plugin.h -o /home/zain/Projects/MasterThesis/build/sim_ros2_interface/generated/plugin.h
[2.462s] /opt/anaconda3/envs/MasterThesis/bin/python3.1 /opt/CoppeliaSim_Edu_V4_6_0_rev18_Ubuntu22_04/programming/include/simStubsGen/external/pycpp/pycpp.py -p xml_file=/home/zain/Projects/MasterThesis/src/sim_ros2_interface/meta/callbacks.xml -P /opt/CoppeliaSim_Edu_V4_6_0_rev18_Ubuntu22_04/programming/include/simStubsGen -i /opt/CoppeliaSim_Edu_V4_6_0_rev18_Ubuntu22_04/programming/include/simStubsGen/cpp/stubsPlusPlus.cpp -o /home/zain/Projects/MasterThesis/build/sim_ros2_interface/generated/stubsPlusPlus.cpp
[2.817s] [ 85%] [32mBuilding CXX object CMakeFiles/simROS2.dir/opt/CoppeliaSim_Edu_V4_6_0_rev18_Ubuntu22_04/programming/include/simPlusPlus/Lib.cpp.o[0m
[2.817s] [ 85%] [32mBuilding CXX object CMakeFiles/simROS2.dir/generated/stubs.cpp.o[0m
[2.817s] [ 87%] [32mBuilding CXX object CMakeFiles/simROS2.dir/opt/CoppeliaSim_Edu_V4_6_0_rev18_Ubuntu22_04/programming/include/simPlusPlus/Plugin.cpp.o[0m
[2.817s] [ 87%] [32mBuilding CXX object CMakeFiles/simROS2.dir/opt/CoppeliaSim_Edu_V4_6_0_rev18_Ubuntu22_04/programming/include/simLib/simLib.cpp.o[0m
[2.817s] [ 90%] [32mBuilding CXX object CMakeFiles/simROS2.dir/src/sim_ros2_interface.cpp.o[0m
[2.818s] [ 92%] [32mBuilding CXX object CMakeFiles/simROS2.dir/src/ros_msg_builtin_io.cpp.o[0m
[2.818s] [ 95%] [32mBuilding CXX object CMakeFiles/simROS2.dir/generated/callbacks.cpp.o[0m
[86.434s] gmake[2]: *** Deleting file 'CMakeFiles/simROS2.dir/src/sim_ros2_interface.cpp.o'
[86.434s] gmake[2]: *** [CMakeFiles/simROS2.dir/build.make:183: CMakeFiles/simROS2.dir/src/sim_ros2_interface.cpp.o] Interrupt
[86.434s] gmake[1]: *** [CMakeFiles/Makefile2:164: CMakeFiles/simROS2.dir/all] Interrupt
[86.434s] gmake: *** [Makefile:146: all] Interrupt
[86.541s] Invoked command in '/home/zain/Projects/MasterThesis/build/sim_ros2_interface' returned '-2': CMAKE_PREFIX_PATH=/opt/ros/humble CONDA_PROMPT_MODIFIER=(MasterThesis) /usr/bin/cmake --build /home/zain/Projects/MasterThesis/build/sim_ros2_interface -- -j16 -l16
