[0.658s] Invoking command in '/home/zain/Projects/MasterThesis/src/drone_controller_vrep': CONDA_PROMPT_MODIFIER=(MasterThesis) PYTHONPATH=/home/zain/Projects/MasterThesis/build/drone_controller_vrep/prefix_override:/home/zain/Projects/MasterThesis/install/drone_controller_vrep/lib/python3.10/site-packages:${PYTHONPATH} /usr/bin/python3 setup.py egg_info --egg-base ../../build/drone_controller_vrep build --build-base /home/zain/Projects/MasterThesis/build/drone_controller_vrep/build install --record /home/zain/Projects/MasterThesis/build/drone_controller_vrep/install.log --single-version-externally-managed
[0.857s] running egg_info
[0.857s] writing ../../build/drone_controller_vrep/drone_controller_vrep.egg-info/PKG-INFO
[0.857s] writing dependency_links to ../../build/drone_controller_vrep/drone_controller_vrep.egg-info/dependency_links.txt
[0.858s] writing entry points to ../../build/drone_controller_vrep/drone_controller_vrep.egg-info/entry_points.txt
[0.858s] writing requirements to ../../build/drone_controller_vrep/drone_controller_vrep.egg-info/requires.txt
[0.858s] writing top-level names to ../../build/drone_controller_vrep/drone_controller_vrep.egg-info/top_level.txt
[0.860s] reading manifest file '../../build/drone_controller_vrep/drone_controller_vrep.egg-info/SOURCES.txt'
[0.860s] adding license file 'LICENSE'
[0.861s] writing manifest file '../../build/drone_controller_vrep/drone_controller_vrep.egg-info/SOURCES.txt'
[0.861s] running build
[0.861s] running build_py
[0.861s] running install
[0.861s] /usr/lib/python3/dist-packages/setuptools/command/install.py:34: SetuptoolsDeprecationWarning: setup.py install is deprecated. Use build and pip and other standards-based tools.
[0.861s]   warnings.warn(
[0.861s] running install_lib
[0.862s] running install_data
[0.863s] running install_egg_info
[0.864s] removing '/home/zain/Projects/MasterThesis/install/drone_controller_vrep/lib/python3.10/site-packages/drone_controller_vrep-0.1.0-py3.10.egg-info' (and everything under it)
[0.864s] Copying ../../build/drone_controller_vrep/drone_controller_vrep.egg-info to /home/zain/Projects/MasterThesis/install/drone_controller_vrep/lib/python3.10/site-packages/drone_controller_vrep-0.1.0-py3.10.egg-info
[0.865s] running install_scripts
[0.879s] Installing drone_feedback_controller script to /home/zain/Projects/MasterThesis/install/drone_controller_vrep/lib/drone_controller_vrep
[0.880s] writing list of installed files to '/home/zain/Projects/MasterThesis/build/drone_controller_vrep/install.log'
[0.894s] Invoked command in '/home/zain/Projects/MasterThesis/src/drone_controller_vrep' returned '0': CONDA_PROMPT_MODIFIER=(MasterThesis) PYTHONPATH=/home/zain/Projects/MasterThesis/build/drone_controller_vrep/prefix_override:/home/zain/Projects/MasterThesis/install/drone_controller_vrep/lib/python3.10/site-packages:${PYTHONPATH} /usr/bin/python3 setup.py egg_info --egg-base ../../build/drone_controller_vrep build --build-base /home/zain/Projects/MasterThesis/build/drone_controller_vrep/build install --record /home/zain/Projects/MasterThesis/build/drone_controller_vrep/install.log --single-version-externally-managed
