[0.771s] Invoking command in '/home/zain/Projects/MasterThesis/src/drone_controller_vrep': CONDA_PROMPT_MODIFIER=(MasterThesis) PYTHONPATH=/home/zain/Projects/MasterThesis/build/drone_controller_vrep/prefix_override:/home/zain/Projects/MasterThesis/install/drone_controller_vrep/lib/python3.10/site-packages:${PYTHONPATH} VSCODE_ENV_PREPEND=PATH=/home/zain/.modular/pkg/packages.modular.com_mojo/bin\x3a/opt/anaconda3/envs/MasterThesis/bin\x3a/opt/anaconda3/condabin\x3a/home/zain/bin\x3a/usr/local/bin\x3a/opt/gcc-arm-none-eabi-9-2020-q2-update/bin\x3a/home/zain/.cargo/bin\x3a/home/zain/.local/bin\x3a/usr/local/sbin\x3a/usr/local/bin\x3a/usr/sbin\x3a/usr/bin\x3a/sbin\x3a/bin\x3a/usr/games\x3a/usr/local/games\x3a/snap/bin\x3a:PS1=(MasterThesis) /usr/bin/python3 setup.py egg_info --egg-base ../../build/drone_controller_vrep build --build-base /home/zain/Projects/MasterThesis/build/drone_controller_vrep/build install --record /home/zain/Projects/MasterThesis/build/drone_controller_vrep/install.log --single-version-externally-managed
[0.998s] running egg_info
[0.998s] writing ../../build/drone_controller_vrep/drone_controller_vrep.egg-info/PKG-INFO
[0.999s] writing dependency_links to ../../build/drone_controller_vrep/drone_controller_vrep.egg-info/dependency_links.txt
[0.999s] writing entry points to ../../build/drone_controller_vrep/drone_controller_vrep.egg-info/entry_points.txt
[0.999s] writing requirements to ../../build/drone_controller_vrep/drone_controller_vrep.egg-info/requires.txt
[0.999s] writing top-level names to ../../build/drone_controller_vrep/drone_controller_vrep.egg-info/top_level.txt
[1.001s] reading manifest file '../../build/drone_controller_vrep/drone_controller_vrep.egg-info/SOURCES.txt'
[1.001s] adding license file 'LICENSE'
[1.002s] writing manifest file '../../build/drone_controller_vrep/drone_controller_vrep.egg-info/SOURCES.txt'
[1.002s] running build
[1.002s] running build_py
[1.002s] copying drone_controller_vrep/drone_feedback_controller.py -> /home/zain/Projects/MasterThesis/build/drone_controller_vrep/build/lib/drone_controller_vrep
[1.002s] running install
[1.003s] /usr/lib/python3/dist-packages/setuptools/command/install.py:34: SetuptoolsDeprecationWarning: setup.py install is deprecated. Use build and pip and other standards-based tools.
[1.003s]   warnings.warn(
[1.003s] running install_lib
[1.003s] copying /home/zain/Projects/MasterThesis/build/drone_controller_vrep/build/lib/drone_controller_vrep/drone_feedback_controller.py -> /home/zain/Projects/MasterThesis/install/drone_controller_vrep/lib/python3.10/site-packages/drone_controller_vrep
[1.004s] byte-compiling /home/zain/Projects/MasterThesis/install/drone_controller_vrep/lib/python3.10/site-packages/drone_controller_vrep/drone_feedback_controller.py to drone_feedback_controller.cpython-310.pyc
[1.005s] running install_data
[1.006s] running install_egg_info
[1.007s] removing '/home/zain/Projects/MasterThesis/install/drone_controller_vrep/lib/python3.10/site-packages/drone_controller_vrep-0.1.0-py3.10.egg-info' (and everything under it)
[1.007s] Copying ../../build/drone_controller_vrep/drone_controller_vrep.egg-info to /home/zain/Projects/MasterThesis/install/drone_controller_vrep/lib/python3.10/site-packages/drone_controller_vrep-0.1.0-py3.10.egg-info
[1.008s] running install_scripts
[1.034s] Installing drone_feedback_controller script to /home/zain/Projects/MasterThesis/install/drone_controller_vrep/lib/drone_controller_vrep
[1.034s] writing list of installed files to '/home/zain/Projects/MasterThesis/build/drone_controller_vrep/install.log'
[1.059s] Invoked command in '/home/zain/Projects/MasterThesis/src/drone_controller_vrep' returned '0': CONDA_PROMPT_MODIFIER=(MasterThesis) PYTHONPATH=/home/zain/Projects/MasterThesis/build/drone_controller_vrep/prefix_override:/home/zain/Projects/MasterThesis/install/drone_controller_vrep/lib/python3.10/site-packages:${PYTHONPATH} VSCODE_ENV_PREPEND=PATH=/home/zain/.modular/pkg/packages.modular.com_mojo/bin\x3a/opt/anaconda3/envs/MasterThesis/bin\x3a/opt/anaconda3/condabin\x3a/home/zain/bin\x3a/usr/local/bin\x3a/opt/gcc-arm-none-eabi-9-2020-q2-update/bin\x3a/home/zain/.cargo/bin\x3a/home/zain/.local/bin\x3a/usr/local/sbin\x3a/usr/local/bin\x3a/usr/sbin\x3a/usr/bin\x3a/sbin\x3a/bin\x3a/usr/games\x3a/usr/local/games\x3a/snap/bin\x3a:PS1=(MasterThesis) /usr/bin/python3 setup.py egg_info --egg-base ../../build/drone_controller_vrep build --build-base /home/zain/Projects/MasterThesis/build/drone_controller_vrep/build install --record /home/zain/Projects/MasterThesis/build/drone_controller_vrep/install.log --single-version-externally-managed
