[0.050s] Invoking command in '/home/zain/Projects/MasterThesis/build/sim_ros2_interface': CMAKE_PREFIX_PATH=/opt/ros/humble CONDA_PROMPT_MODIFIER=(MasterThesis) /usr/local/bin/cmake /home/zain/Projects/MasterThesis/src/sim_ros2_interface -DCMAKE_BUILD_TYPE=Release -DAMENT_CMAKE_SYMLINK_INSTALL=1 -DCMAKE_INSTALL_PREFIX=/home/zain/Projects/MasterThesis/install/sim_ros2_interface
[0.082s] -- The C compiler identification is GNU 11.4.0
[0.122s] -- The CXX compiler identification is GNU 11.4.0
[0.129s] -- Detecting C compiler ABI info
[0.174s] -- Detecting C compiler ABI info - done
[0.191s] -- Check for working C compiler: /usr/bin/cc - skipped
[0.192s] -- Detecting C compile features
[0.192s] -- Detecting C compile features - done
[0.196s] -- Detecting CXX compiler ABI info
[0.269s] -- Detecting CXX compiler ABI info - done
[0.291s] -- Check for working CXX compiler: /usr/bin/c++ - skipped
[0.291s] -- Detecting CXX compile features
[0.292s] -- Detecting CXX compile features - done
[0.294s] -- Found ament_cmake: 1.3.8 (/opt/ros/humble/share/ament_cmake/cmake)
[0.396s] -- Found Python3: /opt/anaconda3/envs/MasterThesis/bin/python3 (found version "3.11.7") found components: Interpreter
[0.445s] -- Override CMake install command with custom implementation using symlinks instead of copying resources
[0.468s] -- Found ament_cmake_ros: 0.10.0 (/opt/ros/humble/share/ament_cmake_ros/cmake)
[0.490s] -- Found diagnostic_msgs: 4.2.3 (/opt/ros/humble/share/diagnostic_msgs/cmake)
[0.532s] -- Found rosidl_generator_c: 3.1.5 (/opt/ros/humble/share/rosidl_generator_c/cmake)
[0.535s] -- Found rosidl_adapter: 3.1.5 (/opt/ros/humble/share/rosidl_adapter/cmake)
[0.542s] -- Found rosidl_generator_cpp: 3.1.5 (/opt/ros/humble/share/rosidl_generator_cpp/cmake)
[0.553s] -- Using all available rosidl_typesupport_c: rosidl_typesupport_fastrtps_c;rosidl_typesupport_introspection_c
[0.570s] -- Using all available rosidl_typesupport_cpp: rosidl_typesupport_fastrtps_cpp;rosidl_typesupport_introspection_cpp
[0.694s] -- Found geometry_msgs: 4.2.3 (/opt/ros/humble/share/geometry_msgs/cmake)
[0.739s] -- Found lifecycle_msgs: 1.2.1 (/opt/ros/humble/share/lifecycle_msgs/cmake)
[0.757s] -- Found map_msgs: 2.1.0 (/opt/ros/humble/share/map_msgs/cmake)
[1.055s] -- Found pendulum_msgs: 0.20.3 (/opt/ros/humble/share/pendulum_msgs/cmake)
[1.089s] -- Found rosgraph_msgs: 1.2.1 (/opt/ros/humble/share/rosgraph_msgs/cmake)
[1.120s] -- Found shape_msgs: 4.2.3 (/opt/ros/humble/share/shape_msgs/cmake)
[1.173s] -- Found stereo_msgs: 4.2.3 (/opt/ros/humble/share/stereo_msgs/cmake)
[1.249s] -- Found tf2_geometry_msgs: 0.25.6 (/opt/ros/humble/share/tf2_geometry_msgs/cmake)
[1.262s] -- Found eigen3_cmake_module: 0.1.1 (/opt/ros/humble/share/eigen3_cmake_module/cmake)
[1.264s] -- Found Eigen3: TRUE (found version "3.4.0")
[1.264s] -- Ensuring Eigen3 include directory is part of orocos-kdl CMake target
[1.403s] -- Found rmw_implementation_cmake: 6.1.1 (/opt/ros/humble/share/rmw_implementation_cmake/cmake)
[1.404s] -- Found rmw_fastrtps_cpp: 6.2.6 (/opt/ros/humble/share/rmw_fastrtps_cpp/cmake)
[1.472s] -- Found OpenSSL: /usr/lib/x86_64-linux-gnu/libcrypto.so (found version "3.0.2")
[1.496s] -- Found FastRTPS: /opt/ros/humble/include
[1.537s] -- Using RMW implementation 'rmw_fastrtps_cpp' as default
[1.546s] -- Performing Test CMAKE_HAVE_LIBC_PTHREAD
[1.588s] -- Performing Test CMAKE_HAVE_LIBC_PTHREAD - Success
[1.589s] -- Found Threads: TRUE
[1.982s] -- Found trajectory_msgs: 4.2.3 (/opt/ros/humble/share/trajectory_msgs/cmake)
[2.061s] -- Found visualization_msgs: 4.2.3 (/opt/ros/humble/share/visualization_msgs/cmake)
[2.189s] -- Found std_srvs: 4.2.3 (/opt/ros/humble/share/std_srvs/cmake)
[2.211s] -- Found example_interfaces: 0.9.3 (/opt/ros/humble/share/example_interfaces/cmake)
[2.265s] -- Found image_transport: 3.1.8 (/opt/ros/humble/share/image_transport/cmake)
[2.291s] -- CoppeliaSim: COPPELIASIM_INCLUDE_DIR: /opt/CoppeliaSim_Edu_V4_6_0_rev18_Ubuntu22_04/programming/include
[2.291s] -- CoppeliaSim: COPPELIASIM_ROOT_DIR: /opt/CoppeliaSim_Edu_V4_6_0_rev18_Ubuntu22_04
[2.291s] -- Checking CoppeliaSim header version...
[2.519s] -- CoppeliaSim headers version 4.6.0 rev18
[2.519s] -- CoppeliaSim: COPPELIASIM_RESOURCES_DIR: /opt/CoppeliaSim_Edu_V4_6_0_rev18_Ubuntu22_04
[2.519s] -- CoppeliaSim: COPPELIASIM_PLUGINS_DIR: /opt/CoppeliaSim_Edu_V4_6_0_rev18_Ubuntu22_04
[2.519s] -- CoppeliaSim: COPPELIASIM_EXECUTABLES_DIR: /opt/CoppeliaSim_Edu_V4_6_0_rev18_Ubuntu22_04
[2.519s] -- CoppeliaSim: COPPELIASIM_LIBRARIES_DIR: /opt/CoppeliaSim_Edu_V4_6_0_rev18_Ubuntu22_04
[2.519s] -- CoppeliaSim: COPPELIASIM_ADDONS_DIR: /opt/CoppeliaSim_Edu_V4_6_0_rev18_Ubuntu22_04/addOns
[2.519s] -- CoppeliaSim: COPPELIASIM_HELPFILES_DIR: /opt/CoppeliaSim_Edu_V4_6_0_rev18_Ubuntu22_04/helpFiles
[2.519s] -- CoppeliaSim: COPPELIASIM_MODELS_DIR: /opt/CoppeliaSim_Edu_V4_6_0_rev18_Ubuntu22_04/models
[2.519s] -- CoppeliaSim: COPPELIASIM_SCENES_DIR: /opt/CoppeliaSim_Edu_V4_6_0_rev18_Ubuntu22_04/scenes
[2.519s] -- CoppeliaSim: COPPELIASIM_LUA_DIR: /opt/CoppeliaSim_Edu_V4_6_0_rev18_Ubuntu22_04/lua
[2.519s] -- CoppeliaSim: COPPELIASIM_PYTHON_DIR: /opt/CoppeliaSim_Edu_V4_6_0_rev18_Ubuntu22_04/python
[2.519s] -- CoppeliaSim: COPPELIASIM_EXECUTABLE: /opt/CoppeliaSim_Edu_V4_6_0_rev18_Ubuntu22_04/coppeliaSim
[2.526s] -- Found Boost: /opt/anaconda3/envs/MasterThesis/lib/cmake/Boost-1.84.0/BoostConfig.cmake (found version "1.84.0") found components: regex
[2.528s] -- Found Git: /usr/bin/git (found version "2.34.1")
[2.619s] -- Found Boost: /opt/anaconda3/envs/MasterThesis/lib/cmake/Boost-1.84.0/BoostConfig.cmake (found version "1.84.0")
[2.620s] -- Adding simStubsGen command...
[2.710s] -- Reading plugin metadata...
[3.374s] -- Plugin: simROS2
[3.462s] -- Configuring done (3.4s)
[3.483s] -- Generating done (0.0s)
[3.485s] -- Build files have been written to: /home/zain/Projects/MasterThesis/build/sim_ros2_interface
[3.494s] Invoked command in '/home/zain/Projects/MasterThesis/build/sim_ros2_interface' returned '0': CMAKE_PREFIX_PATH=/opt/ros/humble CONDA_PROMPT_MODIFIER=(MasterThesis) /usr/local/bin/cmake /home/zain/Projects/MasterThesis/src/sim_ros2_interface -DCMAKE_BUILD_TYPE=Release -DAMENT_CMAKE_SYMLINK_INSTALL=1 -DCMAKE_INSTALL_PREFIX=/home/zain/Projects/MasterThesis/install/sim_ros2_interface
[3.496s] Invoking command in '/home/zain/Projects/MasterThesis/build/sim_ros2_interface': CMAKE_PREFIX_PATH=/opt/ros/humble CONDA_PROMPT_MODIFIER=(MasterThesis) /usr/local/bin/cmake --build /home/zain/Projects/MasterThesis/build/sim_ros2_interface -- -j16 -l16
[3.514s] [  2%] [34m[1mGenerating generated/actcli_cancelLastGoal.cpp[0m
[3.514s] [ 10%] [34m[1mGenerating generated/actcli_new.cpp[0m
[3.515s] [ 10%] [34m[1mGenerating generated/actcli_del.cpp[0m
[3.515s] [ 10%] [34m[1mGenerating generated/actcli_sendGoal.cpp[0m
[3.515s] [ 12%] [34m[1mGenerating generated/actsrv_action_abort.cpp[0m
[3.515s] [ 15%] [34m[1mGenerating generated/actsrv_action_canceled.cpp[0m
[3.515s] [ 17%] [34m[1mGenerating generated/actsrv_action_execute.cpp[0m
[3.515s] [ 20%] [34m[1mGenerating generated/actsrv_action_is_active.cpp[0m
[3.516s] [ 25%] [34m[1mGenerating generated/actsrv_action_publish_feedback.cpp[0m
[3.516s] [ 27%] [34m[1mGenerating generated/actsrv_action_is_canceling.cpp[0m
[3.516s] [ 27%] [34m[1mGenerating generated/actsrv_action_is_executing.cpp[0m
[3.516s] [ 30%] [34m[1mGenerating generated/actsrv_del.cpp[0m
[3.516s] [ 32%] [34m[1mGenerating generated/actsrv_action_succeed.cpp[0m
[3.516s] [ 35%] [34m[1mGenerating generated/actsrv_new.cpp[0m
[3.517s] [ 37%] [34m[1mGenerating generated/callbacks.cpp[0m
[3.517s] [ 40%] [34m[1mGenerating generated/callbacks.h[0m
[3.985s] [ 50%] [34m[1mGenerating generated/cli_call.cpp[0m
[3.985s] [ 50%] [34m[1mGenerating generated/cli_new.cpp[0m
[3.985s] [ 50%] [34m[1mGenerating generated/if_const.cpp[0m
[3.985s] [ 50%] [34m[1mGenerating generated/cli_del.cpp[0m
[3.985s] [ 55%] [34m[1mGenerating generated/if_list.cpp[0m
[3.985s] [ 55%] [34m[1mGenerating generated/cli_wait.cpp[0m
[3.986s] [ 60%] [34m[1mGenerating generated/pub_del.cpp[0m
[3.986s] [ 60%] [34m[1mGenerating generated/if_new.cpp[0m
[3.986s] [ 65%] [34m[1mGenerating generated/pub_publish.cpp[0m
[3.986s] [ 65%] [34m[1mGenerating generated/pub_new.cpp[0m
[3.986s] [ 67%] [34m[1mGenerating generated/srv_new.cpp[0m
[3.987s] [ 70%] [34m[1mGenerating generated/srv_del.cpp[0m
[3.987s] [ 72%] [34m[1mGenerating generated/sub_del.cpp[0m
[3.987s] [ 75%] [34m[1mGenerating generated/sub_new.cpp[0m
[4.339s] [ 75%] Built target generate_ros_code
[4.347s] [ 77%] [34m[1mGenerating generated/stubs.cpp, generated/stubs.h, generated/plugin.h, generated/stubsPlusPlus.cpp, generated/index.json, generated/reference.html, generated/typecheck.lua[0m
[4.372s] /opt/CoppeliaSim_Edu_V4_6_0_rev18_Ubuntu22_04/programming/include/simStubsGen/generate.py --verbose --xml-file /home/zain/Projects/MasterThesis/src/sim_ros2_interface/meta/callbacks.xml --gen-all /home/zain/Projects/MasterThesis/build/sim_ros2_interface/generated --lua-file /home/zain/Projects/MasterThesis/src/sim_ros2_interface/lua/simROS2.lua
[4.635s] /opt/anaconda3/envs/MasterThesis/bin/python3 /opt/CoppeliaSim_Edu_V4_6_0_rev18_Ubuntu22_04/programming/include/simStubsGen/generate_lua_xml.py /home/zain/Projects/MasterThesis/src/sim_ros2_interface/meta/callbacks.xml /home/zain/Projects/MasterThesis/src/sim_ros2_interface/lua/simROS2.lua /home/zain/Projects/MasterThesis/build/sim_ros2_interface/generated/lua.xml
[4.971s] /opt/anaconda3/envs/MasterThesis/bin/python3 /opt/CoppeliaSim_Edu_V4_6_0_rev18_Ubuntu22_04/programming/include/simStubsGen/merge_xml.py /home/zain/Projects/MasterThesis/src/sim_ros2_interface/meta/callbacks.xml /home/zain/Projects/MasterThesis/build/sim_ros2_interface/generated/lua.xml /home/zain/Projects/MasterThesis/build/sim_ros2_interface/generated/reference.xml
[4.996s] xsltproc -o /home/zain/Projects/MasterThesis/build/sim_ros2_interface/generated/reference.html /opt/CoppeliaSim_Edu_V4_6_0_rev18_Ubuntu22_04/programming/include/simStubsGen/xsl/reference.xsl /home/zain/Projects/MasterThesis/build/sim_ros2_interface/generated/reference.xml
[5.015s] /opt/anaconda3/envs/MasterThesis/bin/python3 /opt/CoppeliaSim_Edu_V4_6_0_rev18_Ubuntu22_04/programming/include/simStubsGen/generate_lua_typechecker.py /home/zain/Projects/MasterThesis/src/sim_ros2_interface/meta/callbacks.xml /home/zain/Projects/MasterThesis/src/sim_ros2_interface/lua/simROS2.lua /home/zain/Projects/MasterThesis/build/sim_ros2_interface/generated/lua.xml /home/zain/Projects/MasterThesis/build/sim_ros2_interface/generated/typecheck.lua
[5.321s] /opt/anaconda3/envs/MasterThesis/bin/python3 /opt/CoppeliaSim_Edu_V4_6_0_rev18_Ubuntu22_04/programming/include/simStubsGen/generate_api_index.py /home/zain/Projects/MasterThesis/build/sim_ros2_interface/generated/reference.xml /home/zain/Projects/MasterThesis/build/sim_ros2_interface/generated/index.json
[5.649s] /opt/anaconda3/envs/MasterThesis/bin/python3 /opt/CoppeliaSim_Edu_V4_6_0_rev18_Ubuntu22_04/programming/include/simStubsGen/generate_ce.py /home/zain/Projects/MasterThesis/build/sim_ros2_interface/generated/reference.xml /home/zain/Projects/MasterThesis/build/sim_ros2_interface/generated/ce.lua
[5.979s] /opt/anaconda3/envs/MasterThesis/bin/python3 /opt/CoppeliaSim_Edu_V4_6_0_rev18_Ubuntu22_04/programming/include/simStubsGen/external/pycpp/pycpp.py -p xml_file=/home/zain/Projects/MasterThesis/src/sim_ros2_interface/meta/callbacks.xml -P /opt/CoppeliaSim_Edu_V4_6_0_rev18_Ubuntu22_04/programming/include/simStubsGen -i /opt/CoppeliaSim_Edu_V4_6_0_rev18_Ubuntu22_04/programming/include/simStubsGen/cpp/stubs.cpp -o /home/zain/Projects/MasterThesis/build/sim_ros2_interface/generated/stubs.cpp
[6.303s] /opt/anaconda3/envs/MasterThesis/bin/python3 /opt/CoppeliaSim_Edu_V4_6_0_rev18_Ubuntu22_04/programming/include/simStubsGen/external/pycpp/pycpp.py -p xml_file=/home/zain/Projects/MasterThesis/src/sim_ros2_interface/meta/callbacks.xml -P /opt/CoppeliaSim_Edu_V4_6_0_rev18_Ubuntu22_04/programming/include/simStubsGen -i /opt/CoppeliaSim_Edu_V4_6_0_rev18_Ubuntu22_04/programming/include/simStubsGen/cpp/stubs.h -o /home/zain/Projects/MasterThesis/build/sim_ros2_interface/generated/stubs.h
[6.620s] /opt/anaconda3/envs/MasterThesis/bin/python3 /opt/CoppeliaSim_Edu_V4_6_0_rev18_Ubuntu22_04/programming/include/simStubsGen/external/pycpp/pycpp.py -p xml_file=/home/zain/Projects/MasterThesis/src/sim_ros2_interface/meta/callbacks.xml -P /opt/CoppeliaSim_Edu_V4_6_0_rev18_Ubuntu22_04/programming/include/simStubsGen -i /opt/CoppeliaSim_Edu_V4_6_0_rev18_Ubuntu22_04/programming/include/simStubsGen/cpp/plugin.h -o /home/zain/Projects/MasterThesis/build/sim_ros2_interface/generated/plugin.h
[6.917s] /opt/anaconda3/envs/MasterThesis/bin/python3 /opt/CoppeliaSim_Edu_V4_6_0_rev18_Ubuntu22_04/programming/include/simStubsGen/external/pycpp/pycpp.py -p xml_file=/home/zain/Projects/MasterThesis/src/sim_ros2_interface/meta/callbacks.xml -P /opt/CoppeliaSim_Edu_V4_6_0_rev18_Ubuntu22_04/programming/include/simStubsGen -i /opt/CoppeliaSim_Edu_V4_6_0_rev18_Ubuntu22_04/programming/include/simStubsGen/cpp/stubsPlusPlus.cpp -o /home/zain/Projects/MasterThesis/build/sim_ros2_interface/generated/stubsPlusPlus.cpp
[7.251s] [ 85%] [32mBuilding CXX object CMakeFiles/simROS2.dir/opt/CoppeliaSim_Edu_V4_6_0_rev18_Ubuntu22_04/programming/include/simLib/simLib.cpp.o[0m
[7.252s] [ 87%] [32mBuilding CXX object CMakeFiles/simROS2.dir/generated/stubs.cpp.o[0m
[7.252s] [ 90%] [32mBuilding CXX object CMakeFiles/simROS2.dir/opt/CoppeliaSim_Edu_V4_6_0_rev18_Ubuntu22_04/programming/include/simPlusPlus/Lib.cpp.o[0m
[7.252s] [ 92%] [32mBuilding CXX object CMakeFiles/simROS2.dir/opt/CoppeliaSim_Edu_V4_6_0_rev18_Ubuntu22_04/programming/include/simPlusPlus/Plugin.cpp.o[0m
[7.252s] [ 92%] [32mBuilding CXX object CMakeFiles/simROS2.dir/src/sim_ros2_interface.cpp.o[0m
[7.252s] [ 92%] [32mBuilding CXX object CMakeFiles/simROS2.dir/src/ros_msg_builtin_io.cpp.o[0m
[7.252s] [ 95%] [32mBuilding CXX object CMakeFiles/simROS2.dir/generated/callbacks.cpp.o[0m
[168.731s] [ 97%] [32m[1mLinking CXX shared library libsimROS2.so[0m
[169.877s] [100%] Built target simROS2
[169.888s] Invoked command in '/home/zain/Projects/MasterThesis/build/sim_ros2_interface' returned '0': CMAKE_PREFIX_PATH=/opt/ros/humble CONDA_PROMPT_MODIFIER=(MasterThesis) /usr/local/bin/cmake --build /home/zain/Projects/MasterThesis/build/sim_ros2_interface -- -j16 -l16
[169.925s] Invoking command in '/home/zain/Projects/MasterThesis/build/sim_ros2_interface': CMAKE_PREFIX_PATH=/opt/ros/humble CONDA_PROMPT_MODIFIER=(MasterThesis) /usr/local/bin/cmake --install /home/zain/Projects/MasterThesis/build/sim_ros2_interface
[169.927s] -- Install configuration: "Release"
[169.927s] -- Execute custom install script
[169.928s] -- Up-to-date symlink: /opt/CoppeliaSim_Edu_V4_6_0_rev18_Ubuntu22_04/lua/simROS2-typecheck.lua
[169.928s] -- Up-to-date symlink: /opt/CoppeliaSim_Edu_V4_6_0_rev18_Ubuntu22_04/lua/simROS2.lua
[169.928s] -- Up-to-date symlink: /opt/CoppeliaSim_Edu_V4_6_0_rev18_Ubuntu22_04/helpFiles/en/simROS2.htm
[169.929s] -- Up-to-date symlink: /opt/CoppeliaSim_Edu_V4_6_0_rev18_Ubuntu22_04/helpFiles/index/simROS2.json
[169.929s] -- Up-to-date symlink: /opt/CoppeliaSim_Edu_V4_6_0_rev18_Ubuntu22_04/lua/simROS2-ce.lua
[169.929s] -- Up-to-date symlink: /opt/CoppeliaSim_Edu_V4_6_0_rev18_Ubuntu22_04/libsimROS2.so
[169.929s] -- Symlinking: /home/zain/Projects/MasterThesis/install/sim_ros2_interface/share/ament_index/resource_index/package_run_dependencies/sim_ros2_interface
[169.931s] -- Symlinking: /home/zain/Projects/MasterThesis/install/sim_ros2_interface/share/ament_index/resource_index/parent_prefix_path/sim_ros2_interface
[169.934s] -- Symlinking: /home/zain/Projects/MasterThesis/install/sim_ros2_interface/share/sim_ros2_interface/environment/ament_prefix_path.sh
[169.936s] -- Symlinking: /home/zain/Projects/MasterThesis/install/sim_ros2_interface/share/sim_ros2_interface/environment/ament_prefix_path.dsv
[169.938s] -- Symlinking: /home/zain/Projects/MasterThesis/install/sim_ros2_interface/share/sim_ros2_interface/environment/path.sh
[169.940s] -- Symlinking: /home/zain/Projects/MasterThesis/install/sim_ros2_interface/share/sim_ros2_interface/environment/path.dsv
[169.942s] -- Symlinking: /home/zain/Projects/MasterThesis/install/sim_ros2_interface/share/sim_ros2_interface/local_setup.bash
[169.944s] -- Symlinking: /home/zain/Projects/MasterThesis/install/sim_ros2_interface/share/sim_ros2_interface/local_setup.sh
[169.946s] -- Symlinking: /home/zain/Projects/MasterThesis/install/sim_ros2_interface/share/sim_ros2_interface/local_setup.zsh
[169.948s] -- Symlinking: /home/zain/Projects/MasterThesis/install/sim_ros2_interface/share/sim_ros2_interface/local_setup.dsv
[169.950s] -- Symlinking: /home/zain/Projects/MasterThesis/install/sim_ros2_interface/share/sim_ros2_interface/package.dsv
[169.952s] -- Symlinking: /home/zain/Projects/MasterThesis/install/sim_ros2_interface/share/ament_index/resource_index/packages/sim_ros2_interface
[169.954s] -- Symlinking: /home/zain/Projects/MasterThesis/install/sim_ros2_interface/share/sim_ros2_interface/cmake/sim_ros2_interfaceConfig.cmake
[169.956s] -- Symlinking: /home/zain/Projects/MasterThesis/install/sim_ros2_interface/share/sim_ros2_interface/cmake/sim_ros2_interfaceConfig-version.cmake
[169.959s] -- Symlinking: /home/zain/Projects/MasterThesis/install/sim_ros2_interface/share/sim_ros2_interface/package.xml
[169.962s] Invoked command in '/home/zain/Projects/MasterThesis/build/sim_ros2_interface' returned '0': CMAKE_PREFIX_PATH=/opt/ros/humble CONDA_PROMPT_MODIFIER=(MasterThesis) /usr/local/bin/cmake --install /home/zain/Projects/MasterThesis/build/sim_ros2_interface
