[0.688s] DEBUG:colcon:Command line arguments: ['/usr/bin/colcon', 'build', '--symlink-install', '--cmake-args', '-DCMAKE_BUILD_TYPE=Release']
[0.688s] DEBUG:colcon:Parsed command line arguments: Namespace(log_base=None, log_level=None, verb_name='build', build_base='build', install_base='install', merge_install=False, symlink_install=True, test_result_base=None, continue_on_error=False, executor='parallel', parallel_workers=16, event_handlers=None, ignore_user_meta=False, metas=['./colcon.meta'], base_paths=['.'], packages_ignore=None, packages_ignore_regex=None, paths=None, packages_up_to=None, packages_up_to_regex=None, packages_above=None, packages_above_and_dependencies=None, packages_above_depth=None, packages_select_by_dep=None, packages_skip_by_dep=None, packages_skip_up_to=None, packages_select_build_failed=False, packages_skip_build_finished=False, packages_select_test_failures=False, packages_skip_test_passed=False, packages_select=None, packages_skip=None, packages_select_regex=None, packages_skip_regex=None, packages_start=None, packages_end=None, allow_overriding=[], cmake_args=['-DCMAKE_BUILD_TYPE=Release'], cmake_target=None, cmake_target_skip_unavailable=False, cmake_clean_cache=False, cmake_clean_first=False, cmake_force_configure=False, ament_cmake_args=None, catkin_cmake_args=None, catkin_skip_building_tests=False, verb_parser=<colcon_defaults.argument_parser.defaults.DefaultArgumentsDecorator object at 0x147d878438e0>, verb_extension=<colcon_core.verb.build.BuildVerb object at 0x147d87b7f280>, main=<bound method BuildVerb.main of <colcon_core.verb.build.BuildVerb object at 0x147d87b7f280>>)
[0.726s] Level 1:colcon.colcon_core.package_discovery:discover_packages(colcon_meta) check parameters
[0.726s] Level 1:colcon.colcon_core.package_discovery:discover_packages(recursive) check parameters
[0.726s] Level 1:colcon.colcon_core.package_discovery:discover_packages(ignore) check parameters
[0.726s] Level 1:colcon.colcon_core.package_discovery:discover_packages(path) check parameters
[0.726s] Level 1:colcon.colcon_core.package_discovery:discover_packages(colcon_meta) discover
[0.726s] Level 1:colcon.colcon_core.package_discovery:discover_packages(recursive) discover
[0.726s] INFO:colcon.colcon_core.package_discovery:Crawling recursively for packages in '/home/zain/Projects/MasterThesis'
[0.726s] Level 1:colcon.colcon_core.package_identification:_identify(.) by extensions ['ignore', 'ignore_ament_install']
[0.726s] Level 1:colcon.colcon_core.package_identification:_identify(.) by extension 'ignore'
[0.726s] Level 1:colcon.colcon_core.package_identification:_identify(.) by extension 'ignore_ament_install'
[0.726s] Level 1:colcon.colcon_core.package_identification:_identify(.) by extensions ['colcon_pkg']
[0.726s] Level 1:colcon.colcon_core.package_identification:_identify(.) by extension 'colcon_pkg'
[0.726s] Level 1:colcon.colcon_core.package_identification:_identify(.) by extensions ['colcon_meta']
[0.726s] Level 1:colcon.colcon_core.package_identification:_identify(.) by extension 'colcon_meta'
[0.726s] Level 1:colcon.colcon_core.package_identification:_identify(.) by extensions ['ros']
[0.726s] Level 1:colcon.colcon_core.package_identification:_identify(.) by extension 'ros'
[0.736s] Level 1:colcon.colcon_core.package_identification:_identify(.) by extensions ['cmake', 'python']
[0.736s] Level 1:colcon.colcon_core.package_identification:_identify(.) by extension 'cmake'
[0.736s] Level 1:colcon.colcon_core.package_identification:_identify(.) by extension 'python'
[0.736s] Level 1:colcon.colcon_core.package_identification:_identify(.) by extensions ['python_setup_py']
[0.736s] Level 1:colcon.colcon_core.package_identification:_identify(.) by extension 'python_setup_py'
[0.736s] Level 1:colcon.colcon_core.package_identification:_identify(Simulation) by extensions ['ignore', 'ignore_ament_install']
[0.736s] Level 1:colcon.colcon_core.package_identification:_identify(Simulation) by extension 'ignore'
[0.736s] Level 1:colcon.colcon_core.package_identification:_identify(Simulation) by extension 'ignore_ament_install'
[0.736s] Level 1:colcon.colcon_core.package_identification:_identify(Simulation) by extensions ['colcon_pkg']
[0.736s] Level 1:colcon.colcon_core.package_identification:_identify(Simulation) by extension 'colcon_pkg'
[0.736s] Level 1:colcon.colcon_core.package_identification:_identify(Simulation) by extensions ['colcon_meta']
[0.736s] Level 1:colcon.colcon_core.package_identification:_identify(Simulation) by extension 'colcon_meta'
[0.736s] Level 1:colcon.colcon_core.package_identification:_identify(Simulation) by extensions ['ros']
[0.736s] Level 1:colcon.colcon_core.package_identification:_identify(Simulation) by extension 'ros'
[0.736s] Level 1:colcon.colcon_core.package_identification:_identify(Simulation) by extensions ['cmake', 'python']
[0.737s] Level 1:colcon.colcon_core.package_identification:_identify(Simulation) by extension 'cmake'
[0.737s] Level 1:colcon.colcon_core.package_identification:_identify(Simulation) by extension 'python'
[0.737s] Level 1:colcon.colcon_core.package_identification:_identify(Simulation) by extensions ['python_setup_py']
[0.737s] Level 1:colcon.colcon_core.package_identification:_identify(Simulation) by extension 'python_setup_py'
[0.737s] Level 1:colcon.colcon_core.package_identification:_identify(build) by extensions ['ignore', 'ignore_ament_install']
[0.737s] Level 1:colcon.colcon_core.package_identification:_identify(build) by extension 'ignore'
[0.737s] Level 1:colcon.colcon_core.package_identification:_identify(build) ignored
[0.737s] Level 1:colcon.colcon_core.package_identification:_identify(install) by extensions ['ignore', 'ignore_ament_install']
[0.737s] Level 1:colcon.colcon_core.package_identification:_identify(install) by extension 'ignore'
[0.737s] Level 1:colcon.colcon_core.package_identification:_identify(install) ignored
[0.737s] Level 1:colcon.colcon_core.package_identification:_identify(log) by extensions ['ignore', 'ignore_ament_install']
[0.737s] Level 1:colcon.colcon_core.package_identification:_identify(log) by extension 'ignore'
[0.737s] Level 1:colcon.colcon_core.package_identification:_identify(log) ignored
[0.737s] Level 1:colcon.colcon_core.package_identification:_identify(src) by extensions ['ignore', 'ignore_ament_install']
[0.737s] Level 1:colcon.colcon_core.package_identification:_identify(src) by extension 'ignore'
[0.737s] Level 1:colcon.colcon_core.package_identification:_identify(src) by extension 'ignore_ament_install'
[0.737s] Level 1:colcon.colcon_core.package_identification:_identify(src) by extensions ['colcon_pkg']
[0.737s] Level 1:colcon.colcon_core.package_identification:_identify(src) by extension 'colcon_pkg'
[0.737s] Level 1:colcon.colcon_core.package_identification:_identify(src) by extensions ['colcon_meta']
[0.738s] Level 1:colcon.colcon_core.package_identification:_identify(src) by extension 'colcon_meta'
[0.738s] Level 1:colcon.colcon_core.package_identification:_identify(src) by extensions ['ros']
[0.738s] Level 1:colcon.colcon_core.package_identification:_identify(src) by extension 'ros'
[0.738s] Level 1:colcon.colcon_core.package_identification:_identify(src) by extensions ['cmake', 'python']
[0.738s] Level 1:colcon.colcon_core.package_identification:_identify(src) by extension 'cmake'
[0.738s] Level 1:colcon.colcon_core.package_identification:_identify(src) by extension 'python'
[0.738s] Level 1:colcon.colcon_core.package_identification:_identify(src) by extensions ['python_setup_py']
[0.738s] Level 1:colcon.colcon_core.package_identification:_identify(src) by extension 'python_setup_py'
[0.738s] Level 1:colcon.colcon_core.package_identification:_identify(src/sim_ros2_interface) by extensions ['ignore', 'ignore_ament_install']
[0.738s] Level 1:colcon.colcon_core.package_identification:_identify(src/sim_ros2_interface) by extension 'ignore'
[0.738s] Level 1:colcon.colcon_core.package_identification:_identify(src/sim_ros2_interface) by extension 'ignore_ament_install'
[0.738s] Level 1:colcon.colcon_core.package_identification:_identify(src/sim_ros2_interface) by extensions ['colcon_pkg']
[0.738s] Level 1:colcon.colcon_core.package_identification:_identify(src/sim_ros2_interface) by extension 'colcon_pkg'
[0.738s] Level 1:colcon.colcon_core.package_identification:_identify(src/sim_ros2_interface) by extensions ['colcon_meta']
[0.738s] Level 1:colcon.colcon_core.package_identification:_identify(src/sim_ros2_interface) by extension 'colcon_meta'
[0.738s] Level 1:colcon.colcon_core.package_identification:_identify(src/sim_ros2_interface) by extensions ['ros']
[0.738s] Level 1:colcon.colcon_core.package_identification:_identify(src/sim_ros2_interface) by extension 'ros'
[0.742s] DEBUG:colcon.colcon_core.package_identification:Package 'src/sim_ros2_interface' with type 'ros.ament_cmake' and name 'sim_ros2_interface'
[0.742s] Level 1:colcon.colcon_core.package_discovery:discover_packages(recursive) using defaults
[0.742s] Level 1:colcon.colcon_core.package_discovery:discover_packages(ignore) discover
[0.742s] Level 1:colcon.colcon_core.package_discovery:discover_packages(ignore) using defaults
[0.742s] Level 1:colcon.colcon_core.package_discovery:discover_packages(path) discover
[0.742s] Level 1:colcon.colcon_core.package_discovery:discover_packages(path) using defaults
[0.801s] Level 1:colcon.colcon_core.package_discovery:discover_packages(prefix_path) check parameters
[0.801s] Level 1:colcon.colcon_core.package_discovery:discover_packages(prefix_path) discover
[0.811s] Level 1:colcon.colcon_core.package_discovery:discover_packages(prefix_path) using defaults
[0.828s] Level 5:colcon.colcon_core.verb:set package 'sim_ros2_interface' build argument 'cmake_args' from command line to '['-DCMAKE_BUILD_TYPE=Release']'
[0.828s] Level 5:colcon.colcon_core.verb:set package 'sim_ros2_interface' build argument 'cmake_target' from command line to 'None'
[0.828s] Level 5:colcon.colcon_core.verb:set package 'sim_ros2_interface' build argument 'cmake_target_skip_unavailable' from command line to 'False'
[0.828s] Level 5:colcon.colcon_core.verb:set package 'sim_ros2_interface' build argument 'cmake_clean_cache' from command line to 'False'
[0.828s] Level 5:colcon.colcon_core.verb:set package 'sim_ros2_interface' build argument 'cmake_clean_first' from command line to 'False'
[0.828s] Level 5:colcon.colcon_core.verb:set package 'sim_ros2_interface' build argument 'cmake_force_configure' from command line to 'False'
[0.828s] Level 5:colcon.colcon_core.verb:set package 'sim_ros2_interface' build argument 'ament_cmake_args' from command line to 'None'
[0.828s] Level 5:colcon.colcon_core.verb:set package 'sim_ros2_interface' build argument 'catkin_cmake_args' from command line to 'None'
[0.828s] Level 5:colcon.colcon_core.verb:set package 'sim_ros2_interface' build argument 'catkin_skip_building_tests' from command line to 'False'
[0.828s] DEBUG:colcon.colcon_core.verb:Building package 'sim_ros2_interface' with the following arguments: {'ament_cmake_args': None, 'build_base': '/home/zain/Projects/MasterThesis/build/sim_ros2_interface', 'catkin_cmake_args': None, 'catkin_skip_building_tests': False, 'cmake_args': ['-DCMAKE_BUILD_TYPE=Release'], 'cmake_clean_cache': False, 'cmake_clean_first': False, 'cmake_force_configure': False, 'cmake_target': None, 'cmake_target_skip_unavailable': False, 'install_base': '/home/zain/Projects/MasterThesis/install/sim_ros2_interface', 'merge_install': False, 'path': '/home/zain/Projects/MasterThesis/src/sim_ros2_interface', 'symlink_install': True, 'test_result_base': None}
[0.837s] INFO:colcon.colcon_core.executor:Executing jobs using 'parallel' executor
[0.846s] DEBUG:colcon.colcon_parallel_executor.executor.parallel:run_until_complete
[0.846s] INFO:colcon.colcon_ros.task.ament_cmake.build:Building ROS package in '/home/zain/Projects/MasterThesis/src/sim_ros2_interface' with build type 'ament_cmake'
[0.846s] INFO:colcon.colcon_cmake.task.cmake.build:Building CMake package in '/home/zain/Projects/MasterThesis/src/sim_ros2_interface'
[0.857s] INFO:colcon.colcon_core.plugin_system:Skipping extension 'colcon_core.shell.bat': Not used on non-Windows systems
[0.857s] INFO:colcon.colcon_core.shell:Skip shell extension 'powershell' for command environment: Not usable outside of PowerShell
[0.857s] DEBUG:colcon.colcon_core.shell:Skip shell extension 'dsv' for command environment
[0.872s] DEBUG:colcon.colcon_core.event_handler.log_command:Invoking command in '/home/zain/Projects/MasterThesis/build/sim_ros2_interface': CONDA_PROMPT_MODIFIER=(MasterThesis) /usr/bin/cmake --build /home/zain/Projects/MasterThesis/build/sim_ros2_interface -- -j16 -l16
[2.088s] DEBUG:colcon.colcon_core.event_handler.log_command:Invoked command in '/home/zain/Projects/MasterThesis/build/sim_ros2_interface' returned '0': CONDA_PROMPT_MODIFIER=(MasterThesis) /usr/bin/cmake --build /home/zain/Projects/MasterThesis/build/sim_ros2_interface -- -j16 -l16
[2.115s] DEBUG:colcon.colcon_core.event_handler.log_command:Invoking command in '/home/zain/Projects/MasterThesis/build/sim_ros2_interface': CONDA_PROMPT_MODIFIER=(MasterThesis) /usr/bin/cmake --install /home/zain/Projects/MasterThesis/build/sim_ros2_interface
[2.132s] Level 1:colcon.colcon_core.environment:create_environment_scripts_only(sim_ros2_interface)
[2.133s] DEBUG:colcon.colcon_core.event_handler.log_command:Invoked command in '/home/zain/Projects/MasterThesis/build/sim_ros2_interface' returned '0': CONDA_PROMPT_MODIFIER=(MasterThesis) /usr/bin/cmake --install /home/zain/Projects/MasterThesis/build/sim_ros2_interface
[2.145s] Level 1:colcon.colcon_core.environment:checking '/home/zain/Projects/MasterThesis/install/sim_ros2_interface' for CMake module files
[2.146s] Level 1:colcon.colcon_core.environment:checking '/home/zain/Projects/MasterThesis/install/sim_ros2_interface' for CMake config files
[2.146s] Level 1:colcon.colcon_core.shell:create_environment_hook('sim_ros2_interface', 'cmake_prefix_path')
[2.154s] INFO:colcon.colcon_core.shell:Creating environment hook '/home/zain/Projects/MasterThesis/install/sim_ros2_interface/share/sim_ros2_interface/hook/cmake_prefix_path.ps1'
[2.155s] INFO:colcon.colcon_core.shell:Creating environment descriptor '/home/zain/Projects/MasterThesis/install/sim_ros2_interface/share/sim_ros2_interface/hook/cmake_prefix_path.dsv'
[2.155s] INFO:colcon.colcon_core.shell:Creating environment hook '/home/zain/Projects/MasterThesis/install/sim_ros2_interface/share/sim_ros2_interface/hook/cmake_prefix_path.sh'
[2.156s] Level 1:colcon.colcon_core.environment:checking '/home/zain/Projects/MasterThesis/install/sim_ros2_interface/bin'
[2.156s] Level 1:colcon.colcon_core.environment:checking '/home/zain/Projects/MasterThesis/install/sim_ros2_interface/lib/pkgconfig/sim_ros2_interface.pc'
[2.157s] Level 1:colcon.colcon_core.environment:checking '/home/zain/Projects/MasterThesis/install/sim_ros2_interface/lib/python3.10/site-packages'
[2.157s] Level 1:colcon.colcon_core.environment:checking '/home/zain/Projects/MasterThesis/install/sim_ros2_interface/bin'
[2.167s] INFO:colcon.colcon_core.shell:Creating package script '/home/zain/Projects/MasterThesis/install/sim_ros2_interface/share/sim_ros2_interface/package.ps1'
[2.168s] INFO:colcon.colcon_core.shell:Creating package descriptor '/home/zain/Projects/MasterThesis/install/sim_ros2_interface/share/sim_ros2_interface/package.dsv'
[2.168s] INFO:colcon.colcon_core.shell:Creating package script '/home/zain/Projects/MasterThesis/install/sim_ros2_interface/share/sim_ros2_interface/package.sh'
[2.169s] INFO:colcon.colcon_core.shell:Creating package script '/home/zain/Projects/MasterThesis/install/sim_ros2_interface/share/sim_ros2_interface/package.bash'
[2.169s] INFO:colcon.colcon_core.shell:Creating package script '/home/zain/Projects/MasterThesis/install/sim_ros2_interface/share/sim_ros2_interface/package.zsh'
[2.170s] Level 1:colcon.colcon_core.environment:create_file_with_runtime_dependencies(/home/zain/Projects/MasterThesis/install/sim_ros2_interface/share/colcon-core/packages/sim_ros2_interface)
[2.199s] Level 1:colcon.colcon_core.environment:create_environment_scripts_only(sim_ros2_interface)
[2.208s] Level 1:colcon.colcon_core.environment:checking '/home/zain/Projects/MasterThesis/install/sim_ros2_interface' for CMake module files
[2.208s] Level 1:colcon.colcon_core.environment:checking '/home/zain/Projects/MasterThesis/install/sim_ros2_interface' for CMake config files
[2.208s] Level 1:colcon.colcon_core.shell:create_environment_hook('sim_ros2_interface', 'cmake_prefix_path')
[2.216s] INFO:colcon.colcon_core.shell:Creating environment hook '/home/zain/Projects/MasterThesis/install/sim_ros2_interface/share/sim_ros2_interface/hook/cmake_prefix_path.ps1'
[2.217s] INFO:colcon.colcon_core.shell:Creating environment descriptor '/home/zain/Projects/MasterThesis/install/sim_ros2_interface/share/sim_ros2_interface/hook/cmake_prefix_path.dsv'
[2.217s] INFO:colcon.colcon_core.shell:Creating environment hook '/home/zain/Projects/MasterThesis/install/sim_ros2_interface/share/sim_ros2_interface/hook/cmake_prefix_path.sh'
[2.217s] Level 1:colcon.colcon_core.environment:checking '/home/zain/Projects/MasterThesis/install/sim_ros2_interface/bin'
[2.217s] Level 1:colcon.colcon_core.environment:checking '/home/zain/Projects/MasterThesis/install/sim_ros2_interface/lib/pkgconfig/sim_ros2_interface.pc'
[2.218s] Level 1:colcon.colcon_core.environment:checking '/home/zain/Projects/MasterThesis/install/sim_ros2_interface/lib/python3.10/site-packages'
[2.218s] Level 1:colcon.colcon_core.environment:checking '/home/zain/Projects/MasterThesis/install/sim_ros2_interface/bin'
[2.226s] INFO:colcon.colcon_core.shell:Creating package script '/home/zain/Projects/MasterThesis/install/sim_ros2_interface/share/sim_ros2_interface/package.ps1'
[2.227s] INFO:colcon.colcon_core.shell:Creating package descriptor '/home/zain/Projects/MasterThesis/install/sim_ros2_interface/share/sim_ros2_interface/package.dsv'
[2.227s] INFO:colcon.colcon_core.shell:Creating package script '/home/zain/Projects/MasterThesis/install/sim_ros2_interface/share/sim_ros2_interface/package.sh'
[2.227s] INFO:colcon.colcon_core.shell:Creating package script '/home/zain/Projects/MasterThesis/install/sim_ros2_interface/share/sim_ros2_interface/package.bash'
[2.228s] INFO:colcon.colcon_core.shell:Creating package script '/home/zain/Projects/MasterThesis/install/sim_ros2_interface/share/sim_ros2_interface/package.zsh'
[2.228s] Level 1:colcon.colcon_core.environment:create_file_with_runtime_dependencies(/home/zain/Projects/MasterThesis/install/sim_ros2_interface/share/colcon-core/packages/sim_ros2_interface)
[2.228s] DEBUG:colcon.colcon_parallel_executor.executor.parallel:closing loop
[2.228s] DEBUG:colcon.colcon_parallel_executor.executor.parallel:loop closed
[2.228s] DEBUG:colcon.colcon_parallel_executor.executor.parallel:run_until_complete finished with '0'
[2.228s] DEBUG:colcon.colcon_core.event_reactor:joining thread
[2.242s] INFO:colcon.colcon_core.plugin_system:Skipping extension 'colcon_notification.desktop_notification.terminal_notifier': Not used on non-Darwin systems
[2.242s] INFO:colcon.colcon_core.plugin_system:Skipping extension 'colcon_notification.desktop_notification.win32': Not used on non-Windows systems
[2.242s] INFO:colcon.colcon_notification.desktop_notification:Sending desktop notification using 'notify2'
[2.244s] DEBUG:colcon.colcon_core.event_reactor:joined thread
[2.254s] INFO:colcon.colcon_core.shell:Creating prefix script '/home/zain/Projects/MasterThesis/install/local_setup.ps1'
[2.255s] INFO:colcon.colcon_core.shell:Creating prefix util module '/home/zain/Projects/MasterThesis/install/_local_setup_util_ps1.py'
[2.256s] INFO:colcon.colcon_core.shell:Creating prefix chain script '/home/zain/Projects/MasterThesis/install/setup.ps1'
[2.265s] INFO:colcon.colcon_core.shell:Creating prefix script '/home/zain/Projects/MasterThesis/install/local_setup.sh'
[2.266s] INFO:colcon.colcon_core.shell:Creating prefix util module '/home/zain/Projects/MasterThesis/install/_local_setup_util_sh.py'
[2.266s] INFO:colcon.colcon_core.shell:Creating prefix chain script '/home/zain/Projects/MasterThesis/install/setup.sh'
[2.276s] INFO:colcon.colcon_core.shell:Creating prefix script '/home/zain/Projects/MasterThesis/install/local_setup.bash'
[2.276s] INFO:colcon.colcon_core.shell:Creating prefix chain script '/home/zain/Projects/MasterThesis/install/setup.bash'
[2.285s] INFO:colcon.colcon_core.shell:Creating prefix script '/home/zain/Projects/MasterThesis/install/local_setup.zsh'
[2.285s] INFO:colcon.colcon_core.shell:Creating prefix chain script '/home/zain/Projects/MasterThesis/install/setup.zsh'
