[0.046s] Invoking command in '/home/zain/Projects/MasterThesis/build/sim_ros2_interface': CMAKE_PREFIX_PATH=/opt/ros/humble CONDA_PROMPT_MODIFIER=(MasterThesis) /usr/bin/cmake /home/zain/Projects/MasterThesis/src/sim_ros2_interface -DCMAKE_INSTALL_PREFIX=/home/zain/Projects/MasterThesis/install/sim_ros2_interface
[0.053s] -- Found ament_cmake: 1.3.7 (/opt/ros/humble/share/ament_cmake/cmake)
[0.168s] -- Override CMake install command with custom implementation using symlinks instead of copying resources
[0.173s] -- Found ament_cmake_ros: 0.10.0 (/opt/ros/humble/share/ament_cmake_ros/cmake)
[0.175s] -- Found diagnostic_msgs: 4.2.3 (/opt/ros/humble/share/diagnostic_msgs/cmake)
[0.194s] -- Found rosidl_generator_c: 3.1.5 (/opt/ros/humble/share/rosidl_generator_c/cmake)
[0.196s] -- Found rosidl_adapter: 3.1.5 (/opt/ros/humble/share/rosidl_adapter/cmake)
[0.201s] -- Found rosidl_generator_cpp: 3.1.5 (/opt/ros/humble/share/rosidl_generator_cpp/cmake)
[0.209s] -- Using all available rosidl_typesupport_c: rosidl_typesupport_fastrtps_c;rosidl_typesupport_introspection_c
[0.220s] -- Using all available rosidl_typesupport_cpp: rosidl_typesupport_fastrtps_cpp;rosidl_typesupport_introspection_cpp
[0.319s] -- Found geometry_msgs: 4.2.3 (/opt/ros/humble/share/geometry_msgs/cmake)
[0.360s] -- Found lifecycle_msgs: 1.2.1 (/opt/ros/humble/share/lifecycle_msgs/cmake)
[0.372s] -- Found map_msgs: 2.1.0 (/opt/ros/humble/share/map_msgs/cmake)
[0.607s] -- Found pendulum_msgs: 0.20.3 (/opt/ros/humble/share/pendulum_msgs/cmake)
[0.628s] -- Found rosgraph_msgs: 1.2.1 (/opt/ros/humble/share/rosgraph_msgs/cmake)
[0.653s] -- Found shape_msgs: 4.2.3 (/opt/ros/humble/share/shape_msgs/cmake)
[0.694s] -- Found stereo_msgs: 4.2.3 (/opt/ros/humble/share/stereo_msgs/cmake)
[0.757s] -- Found tf2_geometry_msgs: 0.25.5 (/opt/ros/humble/share/tf2_geometry_msgs/cmake)
[0.760s] -- Found eigen3_cmake_module: 0.1.1 (/opt/ros/humble/share/eigen3_cmake_module/cmake)
[0.761s] -- Ensuring Eigen3 include directory is part of orocos-kdl CMake target
[0.848s] -- Found rmw_implementation_cmake: 6.1.1 (/opt/ros/humble/share/rmw_implementation_cmake/cmake)
[0.854s] -- Found rmw_fastrtps_cpp: 6.2.6 (/opt/ros/humble/share/rmw_fastrtps_cpp/cmake)
[0.939s] -- Using RMW implementation 'rmw_fastrtps_cpp' as default
[1.251s] -- Found trajectory_msgs: 4.2.3 (/opt/ros/humble/share/trajectory_msgs/cmake)
[1.316s] -- Found visualization_msgs: 4.2.3 (/opt/ros/humble/share/visualization_msgs/cmake)
[1.410s] -- Found std_srvs: 4.2.3 (/opt/ros/humble/share/std_srvs/cmake)
[1.421s] -- Found example_interfaces: 0.9.3 (/opt/ros/humble/share/example_interfaces/cmake)
[1.464s] -- Found image_transport: 3.1.8 (/opt/ros/humble/share/image_transport/cmake)
[1.483s] -- CoppeliaSim: COPPELIASIM_INCLUDE_DIR: /opt/CoppeliaSim_Edu_V4_6_0_rev18_Ubuntu22_04/programming/include
[1.483s] -- CoppeliaSim: COPPELIASIM_ROOT_DIR: /opt/CoppeliaSim_Edu_V4_6_0_rev18_Ubuntu22_04
[1.483s] -- Checking CoppeliaSim header version...
[1.703s] -- CoppeliaSim headers version 4.6.0 rev18
[1.703s] -- CoppeliaSim: COPPELIASIM_RESOURCES_DIR: /opt/CoppeliaSim_Edu_V4_6_0_rev18_Ubuntu22_04
[1.703s] -- CoppeliaSim: COPPELIASIM_PLUGINS_DIR: /opt/CoppeliaSim_Edu_V4_6_0_rev18_Ubuntu22_04
[1.703s] -- CoppeliaSim: COPPELIASIM_EXECUTABLES_DIR: /opt/CoppeliaSim_Edu_V4_6_0_rev18_Ubuntu22_04
[1.703s] -- CoppeliaSim: COPPELIASIM_LIBRARIES_DIR: /opt/CoppeliaSim_Edu_V4_6_0_rev18_Ubuntu22_04
[1.703s] -- CoppeliaSim: COPPELIASIM_ADDONS_DIR: /opt/CoppeliaSim_Edu_V4_6_0_rev18_Ubuntu22_04/addOns
[1.703s] -- CoppeliaSim: COPPELIASIM_HELPFILES_DIR: /opt/CoppeliaSim_Edu_V4_6_0_rev18_Ubuntu22_04/helpFiles
[1.703s] -- CoppeliaSim: COPPELIASIM_MODELS_DIR: /opt/CoppeliaSim_Edu_V4_6_0_rev18_Ubuntu22_04/models
[1.703s] -- CoppeliaSim: COPPELIASIM_SCENES_DIR: /opt/CoppeliaSim_Edu_V4_6_0_rev18_Ubuntu22_04/scenes
[1.703s] -- CoppeliaSim: COPPELIASIM_LUA_DIR: /opt/CoppeliaSim_Edu_V4_6_0_rev18_Ubuntu22_04/lua
[1.703s] -- CoppeliaSim: COPPELIASIM_PYTHON_DIR: /opt/CoppeliaSim_Edu_V4_6_0_rev18_Ubuntu22_04/python
[1.703s] -- CoppeliaSim: COPPELIASIM_EXECUTABLE: /opt/CoppeliaSim_Edu_V4_6_0_rev18_Ubuntu22_04/coppeliaSim
[1.706s] -- Found Boost: /opt/anaconda3/envs/MasterThesis/lib/cmake/Boost-1.84.0/BoostConfig.cmake (found version "1.84.0") found components: regex 
[1.749s] -- Found Boost: /opt/anaconda3/envs/MasterThesis/lib/cmake/Boost-1.84.0/BoostConfig.cmake (found version "1.84.0")  
[1.750s] -- Adding simStubsGen command...
[1.787s] -- Reading plugin metadata...
[2.312s] -- Plugin: simROS2
[2.336s] Traceback (most recent call last):
[2.336s]   File "/opt/ros/humble/share/ament_cmake_core/cmake/core/package_xml_2_cmake.py", line 22, in <module>
[2.336s]     from catkin_pkg.package import parse_package_string
[2.336s] ModuleNotFoundError: No module named 'catkin_pkg'
[2.339s] [31mCMake Error at /opt/ros/humble/share/ament_cmake_core/cmake/core/ament_package_xml.cmake:95 (message):
[2.340s]   execute_process(/opt/anaconda3/envs/MasterThesis/bin/python3.1
[2.340s]   /opt/ros/humble/share/ament_cmake_core/cmake/core/package_xml_2_cmake.py
[2.340s]   /home/zain/Projects/MasterThesis/src/sim_ros2_interface/package.xml
[2.340s]   /home/zain/Projects/MasterThesis/build/sim_ros2_interface/ament_cmake_core/package.cmake)
[2.340s]   returned error code 1
[2.340s] Call Stack (most recent call first):
[2.340s]   /opt/ros/humble/share/ament_cmake_core/cmake/core/ament_package_xml.cmake:49 (_ament_package_xml)
[2.340s]   /opt/ros/humble/share/ament_cmake_core/cmake/core/ament_package.cmake:63 (ament_package_xml)
[2.340s]   CMakeLists.txt:132 (ament_package)
[2.340s] 
[2.340s] [0m
[2.340s] -- Configuring incomplete, errors occurred!
[2.340s] See also "/home/zain/Projects/MasterThesis/build/sim_ros2_interface/CMakeFiles/CMakeOutput.log".
[2.349s] Invoked command in '/home/zain/Projects/MasterThesis/build/sim_ros2_interface' returned '1': CMAKE_PREFIX_PATH=/opt/ros/humble CONDA_PROMPT_MODIFIER=(MasterThesis) /usr/bin/cmake /home/zain/Projects/MasterThesis/src/sim_ros2_interface -DCMAKE_INSTALL_PREFIX=/home/zain/Projects/MasterThesis/install/sim_ros2_interface
