[0.861s] DEBUG:colcon:Command line arguments: ['/usr/bin/colcon', 'build', '--symlink-install', '--cmake-args', '-DCMAKE_BUILD_TYPE=Release']
[0.861s] DEBUG:colcon:Parsed command line arguments: Namespace(log_base=None, log_level=None, verb_name='build', build_base='build', install_base='install', merge_install=False, symlink_install=True, test_result_base=None, continue_on_error=False, executor='parallel', parallel_workers=16, event_handlers=None, ignore_user_meta=False, metas=['./colcon.meta'], base_paths=['.'], packages_ignore=None, packages_ignore_regex=None, paths=None, packages_up_to=None, packages_up_to_regex=None, packages_above=None, packages_above_and_dependencies=None, packages_above_depth=None, packages_select_by_dep=None, packages_skip_by_dep=None, packages_skip_up_to=None, packages_select_build_failed=False, packages_skip_build_finished=False, packages_select_test_failures=False, packages_skip_test_passed=False, packages_select=None, packages_skip=None, packages_select_regex=None, packages_skip_regex=None, packages_start=None, packages_end=None, allow_overriding=[], cmake_args=['-DCMAKE_BUILD_TYPE=Release'], cmake_target=None, cmake_target_skip_unavailable=False, cmake_clean_cache=False, cmake_clean_first=False, cmake_force_configure=False, ament_cmake_args=None, catkin_cmake_args=None, catkin_skip_building_tests=False, verb_parser=<colcon_defaults.argument_parser.defaults.DefaultArgumentsDecorator object at 0x7f058cb94130>, verb_extension=<colcon_core.verb.build.BuildVerb object at 0x7f058ddd3b50>, main=<bound method BuildVerb.main of <colcon_core.verb.build.BuildVerb object at 0x7f058ddd3b50>>)
[0.899s] Level 1:colcon.colcon_core.package_discovery:discover_packages(colcon_meta) check parameters
[0.899s] Level 1:colcon.colcon_core.package_discovery:discover_packages(recursive) check parameters
[0.899s] Level 1:colcon.colcon_core.package_discovery:discover_packages(ignore) check parameters
[0.899s] Level 1:colcon.colcon_core.package_discovery:discover_packages(path) check parameters
[0.899s] Level 1:colcon.colcon_core.package_discovery:discover_packages(colcon_meta) discover
[0.899s] Level 1:colcon.colcon_core.package_discovery:discover_packages(recursive) discover
[0.899s] INFO:colcon.colcon_core.package_discovery:Crawling recursively for packages in '/home/zain/Projects/MasterThesis'
[0.899s] Level 1:colcon.colcon_core.package_identification:_identify(.) by extensions ['ignore', 'ignore_ament_install']
[0.899s] Level 1:colcon.colcon_core.package_identification:_identify(.) by extension 'ignore'
[0.899s] Level 1:colcon.colcon_core.package_identification:_identify(.) by extension 'ignore_ament_install'
[0.900s] Level 1:colcon.colcon_core.package_identification:_identify(.) by extensions ['colcon_pkg']
[0.900s] Level 1:colcon.colcon_core.package_identification:_identify(.) by extension 'colcon_pkg'
[0.900s] Level 1:colcon.colcon_core.package_identification:_identify(.) by extensions ['colcon_meta']
[0.900s] Level 1:colcon.colcon_core.package_identification:_identify(.) by extension 'colcon_meta'
[0.900s] Level 1:colcon.colcon_core.package_identification:_identify(.) by extensions ['ros']
[0.900s] Level 1:colcon.colcon_core.package_identification:_identify(.) by extension 'ros'
[0.908s] Level 1:colcon.colcon_core.package_identification:_identify(.) by extensions ['cmake', 'python']
[0.908s] Level 1:colcon.colcon_core.package_identification:_identify(.) by extension 'cmake'
[0.908s] Level 1:colcon.colcon_core.package_identification:_identify(.) by extension 'python'
[0.908s] Level 1:colcon.colcon_core.package_identification:_identify(.) by extensions ['python_setup_py']
[0.908s] Level 1:colcon.colcon_core.package_identification:_identify(.) by extension 'python_setup_py'
[0.908s] Level 1:colcon.colcon_core.package_identification:_identify(Simulation) by extensions ['ignore', 'ignore_ament_install']
[0.908s] Level 1:colcon.colcon_core.package_identification:_identify(Simulation) by extension 'ignore'
[0.908s] Level 1:colcon.colcon_core.package_identification:_identify(Simulation) by extension 'ignore_ament_install'
[0.908s] Level 1:colcon.colcon_core.package_identification:_identify(Simulation) by extensions ['colcon_pkg']
[0.908s] Level 1:colcon.colcon_core.package_identification:_identify(Simulation) by extension 'colcon_pkg'
[0.908s] Level 1:colcon.colcon_core.package_identification:_identify(Simulation) by extensions ['colcon_meta']
[0.908s] Level 1:colcon.colcon_core.package_identification:_identify(Simulation) by extension 'colcon_meta'
[0.908s] Level 1:colcon.colcon_core.package_identification:_identify(Simulation) by extensions ['ros']
[0.908s] Level 1:colcon.colcon_core.package_identification:_identify(Simulation) by extension 'ros'
[0.908s] Level 1:colcon.colcon_core.package_identification:_identify(Simulation) by extensions ['cmake', 'python']
[0.908s] Level 1:colcon.colcon_core.package_identification:_identify(Simulation) by extension 'cmake'
[0.908s] Level 1:colcon.colcon_core.package_identification:_identify(Simulation) by extension 'python'
[0.908s] Level 1:colcon.colcon_core.package_identification:_identify(Simulation) by extensions ['python_setup_py']
[0.908s] Level 1:colcon.colcon_core.package_identification:_identify(Simulation) by extension 'python_setup_py'
[0.908s] Level 1:colcon.colcon_core.package_identification:_identify(build) by extensions ['ignore', 'ignore_ament_install']
[0.908s] Level 1:colcon.colcon_core.package_identification:_identify(build) by extension 'ignore'
[0.909s] Level 1:colcon.colcon_core.package_identification:_identify(build) ignored
[0.909s] Level 1:colcon.colcon_core.package_identification:_identify(install) by extensions ['ignore', 'ignore_ament_install']
[0.909s] Level 1:colcon.colcon_core.package_identification:_identify(install) by extension 'ignore'
[0.909s] Level 1:colcon.colcon_core.package_identification:_identify(install) ignored
[0.909s] Level 1:colcon.colcon_core.package_identification:_identify(log) by extensions ['ignore', 'ignore_ament_install']
[0.909s] Level 1:colcon.colcon_core.package_identification:_identify(log) by extension 'ignore'
[0.909s] Level 1:colcon.colcon_core.package_identification:_identify(log) ignored
[0.909s] Level 1:colcon.colcon_core.package_identification:_identify(src) by extensions ['ignore', 'ignore_ament_install']
[0.909s] Level 1:colcon.colcon_core.package_identification:_identify(src) by extension 'ignore'
[0.909s] Level 1:colcon.colcon_core.package_identification:_identify(src) by extension 'ignore_ament_install'
[0.909s] Level 1:colcon.colcon_core.package_identification:_identify(src) by extensions ['colcon_pkg']
[0.909s] Level 1:colcon.colcon_core.package_identification:_identify(src) by extension 'colcon_pkg'
[0.909s] Level 1:colcon.colcon_core.package_identification:_identify(src) by extensions ['colcon_meta']
[0.909s] Level 1:colcon.colcon_core.package_identification:_identify(src) by extension 'colcon_meta'
[0.909s] Level 1:colcon.colcon_core.package_identification:_identify(src) by extensions ['ros']
[0.909s] Level 1:colcon.colcon_core.package_identification:_identify(src) by extension 'ros'
[0.909s] Level 1:colcon.colcon_core.package_identification:_identify(src) by extensions ['cmake', 'python']
[0.909s] Level 1:colcon.colcon_core.package_identification:_identify(src) by extension 'cmake'
[0.909s] Level 1:colcon.colcon_core.package_identification:_identify(src) by extension 'python'
[0.909s] Level 1:colcon.colcon_core.package_identification:_identify(src) by extensions ['python_setup_py']
[0.909s] Level 1:colcon.colcon_core.package_identification:_identify(src) by extension 'python_setup_py'
[0.909s] Level 1:colcon.colcon_core.package_identification:_identify(src/sim_ros2_interface) by extensions ['ignore', 'ignore_ament_install']
[0.910s] Level 1:colcon.colcon_core.package_identification:_identify(src/sim_ros2_interface) by extension 'ignore'
[0.910s] Level 1:colcon.colcon_core.package_identification:_identify(src/sim_ros2_interface) by extension 'ignore_ament_install'
[0.910s] Level 1:colcon.colcon_core.package_identification:_identify(src/sim_ros2_interface) by extensions ['colcon_pkg']
[0.910s] Level 1:colcon.colcon_core.package_identification:_identify(src/sim_ros2_interface) by extension 'colcon_pkg'
[0.910s] Level 1:colcon.colcon_core.package_identification:_identify(src/sim_ros2_interface) by extensions ['colcon_meta']
[0.910s] Level 1:colcon.colcon_core.package_identification:_identify(src/sim_ros2_interface) by extension 'colcon_meta'
[0.910s] Level 1:colcon.colcon_core.package_identification:_identify(src/sim_ros2_interface) by extensions ['ros']
[0.910s] Level 1:colcon.colcon_core.package_identification:_identify(src/sim_ros2_interface) by extension 'ros'
[0.912s] DEBUG:colcon.colcon_core.package_identification:Package 'src/sim_ros2_interface' with type 'ros.ament_cmake' and name 'sim_ros2_interface'
[0.912s] Level 1:colcon.colcon_core.package_discovery:discover_packages(recursive) using defaults
[0.912s] Level 1:colcon.colcon_core.package_discovery:discover_packages(ignore) discover
[0.912s] Level 1:colcon.colcon_core.package_discovery:discover_packages(ignore) using defaults
[0.912s] Level 1:colcon.colcon_core.package_discovery:discover_packages(path) discover
[0.912s] Level 1:colcon.colcon_core.package_discovery:discover_packages(path) using defaults
[0.989s] Level 1:colcon.colcon_core.package_discovery:discover_packages(prefix_path) check parameters
[0.989s] Level 1:colcon.colcon_core.package_discovery:discover_packages(prefix_path) discover
[1.015s] DEBUG:colcon.colcon_installed_package_information.package_discovery:Found 1 installed packages in /home/zain/Projects/MasterThesis/install
[1.034s] DEBUG:colcon.colcon_installed_package_information.package_discovery:Found 318 installed packages in /opt/ros/humble
[1.035s] Level 1:colcon.colcon_core.package_discovery:discover_packages(prefix_path) using defaults
[1.107s] Level 5:colcon.colcon_core.verb:set package 'sim_ros2_interface' build argument 'cmake_args' from command line to '['-DCMAKE_BUILD_TYPE=Release']'
[1.107s] Level 5:colcon.colcon_core.verb:set package 'sim_ros2_interface' build argument 'cmake_target' from command line to 'None'
[1.107s] Level 5:colcon.colcon_core.verb:set package 'sim_ros2_interface' build argument 'cmake_target_skip_unavailable' from command line to 'False'
[1.107s] Level 5:colcon.colcon_core.verb:set package 'sim_ros2_interface' build argument 'cmake_clean_cache' from command line to 'False'
[1.108s] Level 5:colcon.colcon_core.verb:set package 'sim_ros2_interface' build argument 'cmake_clean_first' from command line to 'False'
[1.108s] Level 5:colcon.colcon_core.verb:set package 'sim_ros2_interface' build argument 'cmake_force_configure' from command line to 'False'
[1.108s] Level 5:colcon.colcon_core.verb:set package 'sim_ros2_interface' build argument 'ament_cmake_args' from command line to 'None'
[1.108s] Level 5:colcon.colcon_core.verb:set package 'sim_ros2_interface' build argument 'catkin_cmake_args' from command line to 'None'
[1.108s] Level 5:colcon.colcon_core.verb:set package 'sim_ros2_interface' build argument 'catkin_skip_building_tests' from command line to 'False'
[1.108s] DEBUG:colcon.colcon_core.verb:Building package 'sim_ros2_interface' with the following arguments: {'ament_cmake_args': None, 'build_base': '/home/zain/Projects/MasterThesis/build/sim_ros2_interface', 'catkin_cmake_args': None, 'catkin_skip_building_tests': False, 'cmake_args': ['-DCMAKE_BUILD_TYPE=Release'], 'cmake_clean_cache': False, 'cmake_clean_first': False, 'cmake_force_configure': False, 'cmake_target': None, 'cmake_target_skip_unavailable': False, 'install_base': '/home/zain/Projects/MasterThesis/install/sim_ros2_interface', 'merge_install': False, 'path': '/home/zain/Projects/MasterThesis/src/sim_ros2_interface', 'symlink_install': True, 'test_result_base': None}
[1.121s] INFO:colcon.colcon_core.executor:Executing jobs using 'parallel' executor
[1.134s] DEBUG:colcon.colcon_parallel_executor.executor.parallel:run_until_complete
[1.134s] INFO:colcon.colcon_ros.task.ament_cmake.build:Building ROS package in '/home/zain/Projects/MasterThesis/src/sim_ros2_interface' with build type 'ament_cmake'
[1.134s] INFO:colcon.colcon_cmake.task.cmake.build:Building CMake package in '/home/zain/Projects/MasterThesis/src/sim_ros2_interface'
[1.148s] INFO:colcon.colcon_core.plugin_system:Skipping extension 'colcon_core.shell.bat': Not used on non-Windows systems
[1.149s] INFO:colcon.colcon_core.shell:Skip shell extension 'powershell' for command environment: Not usable outside of PowerShell
[1.149s] DEBUG:colcon.colcon_core.shell:Skip shell extension 'dsv' for command environment
[1.194s] DEBUG:colcon.colcon_core.event_handler.log_command:Invoking command in '/home/zain/Projects/MasterThesis/build/sim_ros2_interface': CMAKE_PREFIX_PATH=${CMAKE_PREFIX_PATH}:/opt/ros/humble CONDA_PROMPT_MODIFIER=(MasterThesis) /usr/bin/cmake --build /home/zain/Projects/MasterThesis/build/sim_ros2_interface -- -j16 -l16
[121.503s] DEBUG:colcon.colcon_core.event_handler.log_command:Invoked command in '/home/zain/Projects/MasterThesis/build/sim_ros2_interface' returned '0': CMAKE_PREFIX_PATH=${CMAKE_PREFIX_PATH}:/opt/ros/humble CONDA_PROMPT_MODIFIER=(MasterThesis) /usr/bin/cmake --build /home/zain/Projects/MasterThesis/build/sim_ros2_interface -- -j16 -l16
[121.533s] DEBUG:colcon.colcon_core.event_handler.log_command:Invoking command in '/home/zain/Projects/MasterThesis/build/sim_ros2_interface': CMAKE_PREFIX_PATH=${CMAKE_PREFIX_PATH}:/opt/ros/humble CONDA_PROMPT_MODIFIER=(MasterThesis) /usr/bin/cmake --install /home/zain/Projects/MasterThesis/build/sim_ros2_interface
[121.545s] Level 1:colcon.colcon_core.environment:create_environment_scripts_only(sim_ros2_interface)
[121.546s] DEBUG:colcon.colcon_core.event_handler.log_command:Invoked command in '/home/zain/Projects/MasterThesis/build/sim_ros2_interface' returned '0': CMAKE_PREFIX_PATH=${CMAKE_PREFIX_PATH}:/opt/ros/humble CONDA_PROMPT_MODIFIER=(MasterThesis) /usr/bin/cmake --install /home/zain/Projects/MasterThesis/build/sim_ros2_interface
[121.562s] Level 1:colcon.colcon_core.environment:checking '/home/zain/Projects/MasterThesis/install/sim_ros2_interface' for CMake module files
[121.563s] Level 1:colcon.colcon_core.environment:checking '/home/zain/Projects/MasterThesis/install/sim_ros2_interface' for CMake config files
[121.563s] Level 1:colcon.colcon_core.shell:create_environment_hook('sim_ros2_interface', 'cmake_prefix_path')
[121.577s] INFO:colcon.colcon_core.shell:Creating environment hook '/home/zain/Projects/MasterThesis/install/sim_ros2_interface/share/sim_ros2_interface/hook/cmake_prefix_path.ps1'
[121.577s] INFO:colcon.colcon_core.shell:Creating environment descriptor '/home/zain/Projects/MasterThesis/install/sim_ros2_interface/share/sim_ros2_interface/hook/cmake_prefix_path.dsv'
[121.578s] INFO:colcon.colcon_core.shell:Creating environment hook '/home/zain/Projects/MasterThesis/install/sim_ros2_interface/share/sim_ros2_interface/hook/cmake_prefix_path.sh'
[121.578s] Level 1:colcon.colcon_core.environment:checking '/home/zain/Projects/MasterThesis/install/sim_ros2_interface/bin'
[121.578s] Level 1:colcon.colcon_core.environment:checking '/home/zain/Projects/MasterThesis/install/sim_ros2_interface/lib/pkgconfig/sim_ros2_interface.pc'
[121.578s] Level 1:colcon.colcon_core.environment:checking '/home/zain/Projects/MasterThesis/install/sim_ros2_interface/lib/python3.10/site-packages'
[121.579s] Level 1:colcon.colcon_core.environment:checking '/home/zain/Projects/MasterThesis/install/sim_ros2_interface/bin'
[121.592s] INFO:colcon.colcon_core.shell:Creating package script '/home/zain/Projects/MasterThesis/install/sim_ros2_interface/share/sim_ros2_interface/package.ps1'
[121.593s] INFO:colcon.colcon_core.shell:Creating package descriptor '/home/zain/Projects/MasterThesis/install/sim_ros2_interface/share/sim_ros2_interface/package.dsv'
[121.593s] INFO:colcon.colcon_core.shell:Creating package script '/home/zain/Projects/MasterThesis/install/sim_ros2_interface/share/sim_ros2_interface/package.sh'
[121.594s] INFO:colcon.colcon_core.shell:Creating package script '/home/zain/Projects/MasterThesis/install/sim_ros2_interface/share/sim_ros2_interface/package.bash'
[121.594s] INFO:colcon.colcon_core.shell:Creating package script '/home/zain/Projects/MasterThesis/install/sim_ros2_interface/share/sim_ros2_interface/package.zsh'
[121.595s] Level 1:colcon.colcon_core.environment:create_file_with_runtime_dependencies(/home/zain/Projects/MasterThesis/install/sim_ros2_interface/share/colcon-core/packages/sim_ros2_interface)
[121.632s] Level 1:colcon.colcon_core.environment:create_environment_scripts_only(sim_ros2_interface)
[121.646s] Level 1:colcon.colcon_core.environment:checking '/home/zain/Projects/MasterThesis/install/sim_ros2_interface' for CMake module files
[121.646s] Level 1:colcon.colcon_core.environment:checking '/home/zain/Projects/MasterThesis/install/sim_ros2_interface' for CMake config files
[121.646s] Level 1:colcon.colcon_core.shell:create_environment_hook('sim_ros2_interface', 'cmake_prefix_path')
[121.660s] INFO:colcon.colcon_core.shell:Creating environment hook '/home/zain/Projects/MasterThesis/install/sim_ros2_interface/share/sim_ros2_interface/hook/cmake_prefix_path.ps1'
[121.660s] INFO:colcon.colcon_core.shell:Creating environment descriptor '/home/zain/Projects/MasterThesis/install/sim_ros2_interface/share/sim_ros2_interface/hook/cmake_prefix_path.dsv'
[121.660s] INFO:colcon.colcon_core.shell:Creating environment hook '/home/zain/Projects/MasterThesis/install/sim_ros2_interface/share/sim_ros2_interface/hook/cmake_prefix_path.sh'
[121.660s] Level 1:colcon.colcon_core.environment:checking '/home/zain/Projects/MasterThesis/install/sim_ros2_interface/bin'
[121.660s] Level 1:colcon.colcon_core.environment:checking '/home/zain/Projects/MasterThesis/install/sim_ros2_interface/lib/pkgconfig/sim_ros2_interface.pc'
[121.661s] Level 1:colcon.colcon_core.environment:checking '/home/zain/Projects/MasterThesis/install/sim_ros2_interface/lib/python3.10/site-packages'
[121.661s] Level 1:colcon.colcon_core.environment:checking '/home/zain/Projects/MasterThesis/install/sim_ros2_interface/bin'
[121.674s] INFO:colcon.colcon_core.shell:Creating package script '/home/zain/Projects/MasterThesis/install/sim_ros2_interface/share/sim_ros2_interface/package.ps1'
[121.674s] INFO:colcon.colcon_core.shell:Creating package descriptor '/home/zain/Projects/MasterThesis/install/sim_ros2_interface/share/sim_ros2_interface/package.dsv'
[121.674s] INFO:colcon.colcon_core.shell:Creating package script '/home/zain/Projects/MasterThesis/install/sim_ros2_interface/share/sim_ros2_interface/package.sh'
[121.675s] INFO:colcon.colcon_core.shell:Creating package script '/home/zain/Projects/MasterThesis/install/sim_ros2_interface/share/sim_ros2_interface/package.bash'
[121.675s] INFO:colcon.colcon_core.shell:Creating package script '/home/zain/Projects/MasterThesis/install/sim_ros2_interface/share/sim_ros2_interface/package.zsh'
[121.675s] Level 1:colcon.colcon_core.environment:create_file_with_runtime_dependencies(/home/zain/Projects/MasterThesis/install/sim_ros2_interface/share/colcon-core/packages/sim_ros2_interface)
[121.675s] DEBUG:colcon.colcon_parallel_executor.executor.parallel:closing loop
[121.675s] DEBUG:colcon.colcon_parallel_executor.executor.parallel:loop closed
[121.675s] DEBUG:colcon.colcon_parallel_executor.executor.parallel:run_until_complete finished with '0'
[121.676s] DEBUG:colcon.colcon_core.event_reactor:joining thread
[121.693s] INFO:colcon.colcon_core.plugin_system:Skipping extension 'colcon_notification.desktop_notification.terminal_notifier': Not used on non-Darwin systems
[121.693s] INFO:colcon.colcon_core.plugin_system:Skipping extension 'colcon_notification.desktop_notification.win32': Not used on non-Windows systems
[121.693s] INFO:colcon.colcon_notification.desktop_notification:Sending desktop notification using 'notify2'
[121.696s] DEBUG:colcon.colcon_core.event_reactor:joined thread
[121.710s] INFO:colcon.colcon_core.shell:Creating prefix script '/home/zain/Projects/MasterThesis/install/local_setup.ps1'
[121.711s] INFO:colcon.colcon_core.shell:Creating prefix util module '/home/zain/Projects/MasterThesis/install/_local_setup_util_ps1.py'
[121.712s] INFO:colcon.colcon_core.shell:Creating prefix chain script '/home/zain/Projects/MasterThesis/install/setup.ps1'
[121.725s] INFO:colcon.colcon_core.shell:Creating prefix script '/home/zain/Projects/MasterThesis/install/local_setup.sh'
[121.726s] INFO:colcon.colcon_core.shell:Creating prefix util module '/home/zain/Projects/MasterThesis/install/_local_setup_util_sh.py'
[121.726s] INFO:colcon.colcon_core.shell:Creating prefix chain script '/home/zain/Projects/MasterThesis/install/setup.sh'
[121.740s] INFO:colcon.colcon_core.shell:Creating prefix script '/home/zain/Projects/MasterThesis/install/local_setup.bash'
[121.740s] INFO:colcon.colcon_core.shell:Creating prefix chain script '/home/zain/Projects/MasterThesis/install/setup.bash'
[121.754s] INFO:colcon.colcon_core.shell:Creating prefix script '/home/zain/Projects/MasterThesis/install/local_setup.zsh'
[121.755s] INFO:colcon.colcon_core.shell:Creating prefix chain script '/home/zain/Projects/MasterThesis/install/setup.zsh'
