[0.131s] Invoking command in '/home/zain/Projects/MasterThesis/build/drone_controller_vrep': CMAKE_PREFIX_PATH=${CMAKE_PREFIX_PATH}:/opt/ros/humble CONDA_PROMPT_MODIFIER=(MasterThesis) /usr/local/bin/cmake /home/zain/Projects/MasterThesis/src/drone_controller_vrep -DCMAKE_INSTALL_PREFIX=/home/zain/Projects/MasterThesis/install/drone_controller_vrep
[0.138s] -- Found ament_cmake: 1.3.8 (/opt/ros/humble/share/ament_cmake/cmake)
[0.279s] -- Override CMake install command with custom implementation using symlinks instead of copying resources
[0.284s] -- Found rclcpp: 16.0.8 (/opt/ros/humble/share/rclcpp/cmake)
[0.311s] -- Found rosidl_generator_c: 3.1.5 (/opt/ros/humble/share/rosidl_generator_c/cmake)
[0.313s] -- Found rosidl_adapter: 3.1.5 (/opt/ros/humble/share/rosidl_adapter/cmake)
[0.319s] -- Found rosidl_generator_cpp: 3.1.5 (/opt/ros/humble/share/rosidl_generator_cpp/cmake)
[0.329s] -- Using all available rosidl_typesupport_c: rosidl_typesupport_fastrtps_c;rosidl_typesupport_introspection_c
[0.344s] -- Using all available rosidl_typesupport_cpp: rosidl_typesupport_fastrtps_cpp;rosidl_typesupport_introspection_cpp
[0.397s] -- Found rmw_implementation_cmake: 6.1.1 (/opt/ros/humble/share/rmw_implementation_cmake/cmake)
[0.398s] -- Found rmw_fastrtps_cpp: 6.2.6 (/opt/ros/humble/share/rmw_fastrtps_cpp/cmake)
[0.506s] -- Using RMW implementation 'rmw_fastrtps_cpp' as default
[0.742s] -- Found ament_lint_auto: 0.12.10 (/opt/ros/humble/share/ament_lint_auto/cmake)
[0.816s] -- Added test 'cppcheck' to perform static code analysis on C / C++ code
[0.816s] -- Configured cppcheck include dirs: /home/zain/Projects/MasterThesis/src/drone_controller_vrep/include/drone_controller_vrep
[0.816s] -- Configured cppcheck exclude dirs and/or files: 
[0.816s] -- Added test 'lint_cmake' to check CMake code style
[0.817s] -- Added test 'uncrustify' to check C / C++ code style
[0.817s] -- Configured uncrustify additional arguments: 
[0.817s] -- Added test 'xmllint' to check XML markup files
[0.818s] -- Configuring done (0.7s)
[0.823s] -- Generating done (0.0s)
[0.825s] -- Build files have been written to: /home/zain/Projects/MasterThesis/build/drone_controller_vrep
[0.833s] Invoked command in '/home/zain/Projects/MasterThesis/build/drone_controller_vrep' returned '0': CMAKE_PREFIX_PATH=${CMAKE_PREFIX_PATH}:/opt/ros/humble CONDA_PROMPT_MODIFIER=(MasterThesis) /usr/local/bin/cmake /home/zain/Projects/MasterThesis/src/drone_controller_vrep -DCMAKE_INSTALL_PREFIX=/home/zain/Projects/MasterThesis/install/drone_controller_vrep
[0.836s] Invoking command in '/home/zain/Projects/MasterThesis/build/drone_controller_vrep': CMAKE_PREFIX_PATH=${CMAKE_PREFIX_PATH}:/opt/ros/humble CONDA_PROMPT_MODIFIER=(MasterThesis) /usr/local/bin/cmake --build /home/zain/Projects/MasterThesis/build/drone_controller_vrep -- -j16 -l16
[0.850s] Invoked command in '/home/zain/Projects/MasterThesis/build/drone_controller_vrep' returned '0': CMAKE_PREFIX_PATH=${CMAKE_PREFIX_PATH}:/opt/ros/humble CONDA_PROMPT_MODIFIER=(MasterThesis) /usr/local/bin/cmake --build /home/zain/Projects/MasterThesis/build/drone_controller_vrep -- -j16 -l16
[0.863s] Invoking command in '/home/zain/Projects/MasterThesis/build/drone_controller_vrep': CMAKE_PREFIX_PATH=${CMAKE_PREFIX_PATH}:/opt/ros/humble CONDA_PROMPT_MODIFIER=(MasterThesis) /usr/local/bin/cmake --install /home/zain/Projects/MasterThesis/build/drone_controller_vrep
[0.866s] -- Install configuration: "Release"
[0.866s] -- Execute custom install script
[0.866s] -- Symlinking: /home/zain/Projects/MasterThesis/install/drone_controller_vrep/share/ament_index/resource_index/package_run_dependencies/drone_controller_vrep
[0.870s] -- Symlinking: /home/zain/Projects/MasterThesis/install/drone_controller_vrep/share/ament_index/resource_index/parent_prefix_path/drone_controller_vrep
[0.873s] -- Symlinking: /home/zain/Projects/MasterThesis/install/drone_controller_vrep/share/drone_controller_vrep/environment/ament_prefix_path.sh
[0.875s] -- Symlinking: /home/zain/Projects/MasterThesis/install/drone_controller_vrep/share/drone_controller_vrep/environment/ament_prefix_path.dsv
[0.878s] -- Symlinking: /home/zain/Projects/MasterThesis/install/drone_controller_vrep/share/drone_controller_vrep/environment/path.sh
[0.880s] -- Symlinking: /home/zain/Projects/MasterThesis/install/drone_controller_vrep/share/drone_controller_vrep/environment/path.dsv
[0.882s] -- Symlinking: /home/zain/Projects/MasterThesis/install/drone_controller_vrep/share/drone_controller_vrep/local_setup.bash
[0.885s] -- Symlinking: /home/zain/Projects/MasterThesis/install/drone_controller_vrep/share/drone_controller_vrep/local_setup.sh
[0.887s] -- Symlinking: /home/zain/Projects/MasterThesis/install/drone_controller_vrep/share/drone_controller_vrep/local_setup.zsh
[0.889s] -- Symlinking: /home/zain/Projects/MasterThesis/install/drone_controller_vrep/share/drone_controller_vrep/local_setup.dsv
[0.891s] -- Symlinking: /home/zain/Projects/MasterThesis/install/drone_controller_vrep/share/drone_controller_vrep/package.dsv
[0.893s] -- Symlinking: /home/zain/Projects/MasterThesis/install/drone_controller_vrep/share/ament_index/resource_index/packages/drone_controller_vrep
[0.895s] -- Symlinking: /home/zain/Projects/MasterThesis/install/drone_controller_vrep/share/drone_controller_vrep/cmake/drone_controller_vrepConfig.cmake
[0.897s] -- Symlinking: /home/zain/Projects/MasterThesis/install/drone_controller_vrep/share/drone_controller_vrep/cmake/drone_controller_vrepConfig-version.cmake
[0.899s] -- Symlinking: /home/zain/Projects/MasterThesis/install/drone_controller_vrep/share/drone_controller_vrep/package.xml
[0.902s] Invoked command in '/home/zain/Projects/MasterThesis/build/drone_controller_vrep' returned '0': CMAKE_PREFIX_PATH=${CMAKE_PREFIX_PATH}:/opt/ros/humble CONDA_PROMPT_MODIFIER=(MasterThesis) /usr/local/bin/cmake --install /home/zain/Projects/MasterThesis/build/drone_controller_vrep
