[0.705s] Invoking command in '/home/zain/Projects/MasterThesis/src/drone_controller_vrep': CONDA_PROMPT_MODIFIER=(MasterThesis) PYTHONPATH=/home/zain/Projects/MasterThesis/build/drone_controller_vrep/prefix_override:/home/zain/Projects/MasterThesis/install/drone_controller_vrep/lib/python3.10/site-packages:${PYTHONPATH} /usr/bin/python3 setup.py egg_info --egg-base ../../build/drone_controller_vrep build --build-base /home/zain/Projects/MasterThesis/build/drone_controller_vrep/build install --record /home/zain/Projects/MasterThesis/build/drone_controller_vrep/install.log --single-version-externally-managed
[0.919s] running egg_info
[0.920s] writing ../../build/drone_controller_vrep/drone_controller_vrep.egg-info/PKG-INFO
[0.920s] writing dependency_links to ../../build/drone_controller_vrep/drone_controller_vrep.egg-info/dependency_links.txt
[0.920s] writing entry points to ../../build/drone_controller_vrep/drone_controller_vrep.egg-info/entry_points.txt
[0.920s] writing requirements to ../../build/drone_controller_vrep/drone_controller_vrep.egg-info/requires.txt
[0.920s] writing top-level names to ../../build/drone_controller_vrep/drone_controller_vrep.egg-info/top_level.txt
[0.922s] reading manifest file '../../build/drone_controller_vrep/drone_controller_vrep.egg-info/SOURCES.txt'
[0.923s] adding license file 'LICENSE'
[0.923s] writing manifest file '../../build/drone_controller_vrep/drone_controller_vrep.egg-info/SOURCES.txt'
[0.923s] running build
[0.923s] running build_py
[0.923s] running install
[0.923s] /usr/lib/python3/dist-packages/setuptools/command/install.py:34: SetuptoolsDeprecationWarning: setup.py install is deprecated. Use build and pip and other standards-based tools.
[0.924s]   warnings.warn(
[0.924s] running install_lib
[0.925s] running install_data
[0.925s] running install_egg_info
[0.926s] removing '/home/zain/Projects/MasterThesis/install/drone_controller_vrep/lib/python3.10/site-packages/drone_controller_vrep-0.1.0-py3.10.egg-info' (and everything under it)
[0.926s] Copying ../../build/drone_controller_vrep/drone_controller_vrep.egg-info to /home/zain/Projects/MasterThesis/install/drone_controller_vrep/lib/python3.10/site-packages/drone_controller_vrep-0.1.0-py3.10.egg-info
[0.927s] running install_scripts
[0.942s] Installing drone_feedback_controller script to /home/zain/Projects/MasterThesis/install/drone_controller_vrep/lib/drone_controller_vrep
[0.942s] writing list of installed files to '/home/zain/Projects/MasterThesis/build/drone_controller_vrep/install.log'
[0.957s] Invoked command in '/home/zain/Projects/MasterThesis/src/drone_controller_vrep' returned '0': CONDA_PROMPT_MODIFIER=(MasterThesis) PYTHONPATH=/home/zain/Projects/MasterThesis/build/drone_controller_vrep/prefix_override:/home/zain/Projects/MasterThesis/install/drone_controller_vrep/lib/python3.10/site-packages:${PYTHONPATH} /usr/bin/python3 setup.py egg_info --egg-base ../../build/drone_controller_vrep build --build-base /home/zain/Projects/MasterThesis/build/drone_controller_vrep/build install --record /home/zain/Projects/MasterThesis/build/drone_controller_vrep/install.log --single-version-externally-managed
