In file included from [01m[K/home/zain/Projects/MasterThesis/src/drone_controller_vrep/src/drone_feedback_controller.cpp:1[m[K:
[01m[K/home/zain/Projects/MasterThesis/src/drone_controller_vrep/include/drone_controller_vrep/drone_feedback_controller.hpp:1:10:[m[K [01;31m[Kfatal error: [m[Kboost/chrono: No such file or directory
    1 | #include [01;31m[K<boost/chrono>[m[K
      |          [01;31m[K^~~~~~~~~~~~~~[m[K
compilation terminated.
gmake[2]: *** [CMakeFiles/drone_feedback_controller_node.dir/build.make:76: CMakeFiles/drone_feedback_controller_node.dir/src/drone_feedback_controller.cpp.o] Error 1
gmake[2]: *** Waiting for unfinished jobs....
[01m[K/home/zain/Projects/MasterThesis/src/drone_controller_vrep/src/OIAC.cpp:[m[K In constructor ‘[01m[KOIAC::OIAC(double, double, double)[m[K’:
[01m[K/home/zain/Projects/MasterThesis/src/drone_controller_vrep/src/OIAC.cpp:9:20:[m[K [01;31m[Kerror: [m[Kconverting to ‘[01m[Kboost::numeric::ublas::vector<double>[m[K’ from initializer list would use explicit constructor ‘[01m[Kboost::numeric::ublas::vector<T, A>::vector(boost::numeric::ublas::vector<T, A>::size_type) [with T = double; A = boost::numeric::ublas::unbounded_array<double, std::allocator<double> >; boost::numeric::ublas::vector<T, A>::size_type = long unsigned int][m[K’
    9 |     [01;31m[Kset_feedforward({0.0})[m[K;
      |     [01;31m[K~~~~~~~~~~~~~~~^~~~~~~[m[K
[01m[K/home/zain/Projects/MasterThesis/src/drone_controller_vrep/src/OIAC.cpp:9:20:[m[K [01;31m[Kerror: [m[Knarrowing conversion of ‘[01m[K0.0[m[K’ from ‘[01m[Kdouble[m[K’ to ‘[01m[Kboost::numeric::ublas::vector<double>::size_type[m[K’ {aka ‘[01m[Klong unsigned int[m[K’} [[01;31m[K]8;;https://gcc.gnu.org/onlinedocs/gcc/Warning-Options.html#index-Wnarrowing-Wnarrowing]8;;[m[K]
[01m[K/home/zain/Projects/MasterThesis/src/drone_controller_vrep/src/OIAC.cpp:[m[K In constructor ‘[01m[KOIAC::OIAC(double, double, double, double, double)[m[K’:
[01m[K/home/zain/Projects/MasterThesis/src/drone_controller_vrep/src/OIAC.cpp:27:20:[m[K [01;31m[Kerror: [m[Kconverting to ‘[01m[Kboost::numeric::ublas::vector<double>[m[K’ from initializer list would use explicit constructor ‘[01m[Kboost::numeric::ublas::vector<T, A>::vector(boost::numeric::ublas::vector<T, A>::size_type) [with T = double; A = boost::numeric::ublas::unbounded_array<double, std::allocator<double> >; boost::numeric::ublas::vector<T, A>::size_type = long unsigned int][m[K’
   27 |     [01;31m[Kset_feedforward({0.0})[m[K;
      |     [01;31m[K~~~~~~~~~~~~~~~^~~~~~~[m[K
[01m[K/home/zain/Projects/MasterThesis/src/drone_controller_vrep/src/OIAC.cpp:27:20:[m[K [01;31m[Kerror: [m[Knarrowing conversion of ‘[01m[K0.0[m[K’ from ‘[01m[Kdouble[m[K’ to ‘[01m[Kboost::numeric::ublas::vector<double>::size_type[m[K’ {aka ‘[01m[Klong unsigned int[m[K’} [[01;31m[K]8;;https://gcc.gnu.org/onlinedocs/gcc/Warning-Options.html#index-Wnarrowing-Wnarrowing]8;;[m[K]
gmake[2]: *** [CMakeFiles/drone_feedback_controller_node.dir/build.make:90: CMakeFiles/drone_feedback_controller_node.dir/src/OIAC.cpp.o] Error 1
gmake[1]: *** [CMakeFiles/Makefile2:137: CMakeFiles/drone_feedback_controller_node.dir/all] Error 2
gmake: *** [Makefile:146: all] Error 2
