[1.107s] Invoking command in '/home/zain/Projects/MasterThesis/src/drone_controller_vrep': CONDA_PROMPT_MODIFIER=(MasterThesis) PYTHONPATH=/home/zain/Projects/MasterThesis/build/drone_controller_vrep/prefix_override:/home/zain/Projects/MasterThesis/install/drone_controller_vrep/lib/python3.10/site-packages:${PYTHONPATH} VSCODE_ENV_PREPEND=PS1=(MasterThesis) /usr/bin/python3 setup.py egg_info --egg-base ../../build/drone_controller_vrep build --build-base /home/zain/Projects/MasterThesis/build/drone_controller_vrep/build install --record /home/zain/Projects/MasterThesis/build/drone_controller_vrep/install.log --single-version-externally-managed
[1.406s] running egg_info
[1.408s] writing ../../build/drone_controller_vrep/drone_controller_vrep.egg-info/PKG-INFO
[1.408s] writing dependency_links to ../../build/drone_controller_vrep/drone_controller_vrep.egg-info/dependency_links.txt
[1.408s] writing entry points to ../../build/drone_controller_vrep/drone_controller_vrep.egg-info/entry_points.txt
[1.409s] writing requirements to ../../build/drone_controller_vrep/drone_controller_vrep.egg-info/requires.txt
[1.409s] writing top-level names to ../../build/drone_controller_vrep/drone_controller_vrep.egg-info/top_level.txt
[1.413s] reading manifest file '../../build/drone_controller_vrep/drone_controller_vrep.egg-info/SOURCES.txt'
[1.415s] adding license file 'LICENSE'
[1.416s] writing manifest file '../../build/drone_controller_vrep/drone_controller_vrep.egg-info/SOURCES.txt'
[1.416s] running build
[1.416s] running build_py
[1.416s] copying drone_controller_vrep/drone_feedback_controller.py -> /home/zain/Projects/MasterThesis/build/drone_controller_vrep/build/lib/drone_controller_vrep
[1.417s] copying drone_controller_vrep/main.py -> /home/zain/Projects/MasterThesis/build/drone_controller_vrep/build/lib/drone_controller_vrep
[1.418s] running install
[1.418s] /usr/lib/python3/dist-packages/setuptools/command/install.py:34: SetuptoolsDeprecationWarning: setup.py install is deprecated. Use build and pip and other standards-based tools.
[1.418s]   warnings.warn(
[1.419s] running install_lib
[1.421s] copying /home/zain/Projects/MasterThesis/build/drone_controller_vrep/build/lib/drone_controller_vrep/drone_feedback_controller.py -> /home/zain/Projects/MasterThesis/install/drone_controller_vrep/lib/python3.10/site-packages/drone_controller_vrep
[1.421s] copying /home/zain/Projects/MasterThesis/build/drone_controller_vrep/build/lib/drone_controller_vrep/main.py -> /home/zain/Projects/MasterThesis/install/drone_controller_vrep/lib/python3.10/site-packages/drone_controller_vrep
[1.422s] byte-compiling /home/zain/Projects/MasterThesis/install/drone_controller_vrep/lib/python3.10/site-packages/drone_controller_vrep/drone_feedback_controller.py to drone_feedback_controller.cpython-310.pyc
[1.426s] byte-compiling /home/zain/Projects/MasterThesis/install/drone_controller_vrep/lib/python3.10/site-packages/drone_controller_vrep/main.py to main.cpython-310.pyc
[1.426s] running install_data
[1.427s] running install_egg_info
[1.431s] removing '/home/zain/Projects/MasterThesis/install/drone_controller_vrep/lib/python3.10/site-packages/drone_controller_vrep-0.1.0-py3.10.egg-info' (and everything under it)
[1.432s] Copying ../../build/drone_controller_vrep/drone_controller_vrep.egg-info to /home/zain/Projects/MasterThesis/install/drone_controller_vrep/lib/python3.10/site-packages/drone_controller_vrep-0.1.0-py3.10.egg-info
[1.433s] running install_scripts
[1.461s] Installing drone_feedback_controller script to /home/zain/Projects/MasterThesis/install/drone_controller_vrep/lib/drone_controller_vrep
[1.461s] writing list of installed files to '/home/zain/Projects/MasterThesis/build/drone_controller_vrep/install.log'
[1.534s] Invoked command in '/home/zain/Projects/MasterThesis/src/drone_controller_vrep' returned '0': CONDA_PROMPT_MODIFIER=(MasterThesis) PYTHONPATH=/home/zain/Projects/MasterThesis/build/drone_controller_vrep/prefix_override:/home/zain/Projects/MasterThesis/install/drone_controller_vrep/lib/python3.10/site-packages:${PYTHONPATH} VSCODE_ENV_PREPEND=PS1=(MasterThesis) /usr/bin/python3 setup.py egg_info --egg-base ../../build/drone_controller_vrep build --build-base /home/zain/Projects/MasterThesis/build/drone_controller_vrep/build install --record /home/zain/Projects/MasterThesis/build/drone_controller_vrep/install.log --single-version-externally-managed
