[ 66%] [32mBuilding CXX object CMakeFiles/drone_feedback_controller_node.dir/src/OIAC.cpp.o[0m
[ 66%] [32mBuilding CXX object CMakeFiles/drone_feedback_controller_node.dir/src/drone_feedback_controller.cpp.o[0m
In file included from [01m[K/home/zain/Projects/MasterThesis/src/drone_controller_vrep/src/OIAC.cpp:1[m[K:
[01m[K/home/zain/Projects/MasterThesis/src/drone_controller_vrep/include/drone_controller_vrep/OIAC.hpp:12:5:[m[K [01;31m[Kerror: [m[Kinvalid use of template-name ‘[01m[Kstd::valarray[m[K’ without an argument list
   12 |     [01;31m[Kstd[m[K::valarray _feedforward;
      |     [01;31m[K^~~[m[K
[01m[K/home/zain/Projects/MasterThesis/src/drone_controller_vrep/include/drone_controller_vrep/OIAC.hpp:13:25:[m[K [01;31m[Kerror: [m[Kclass template placeholder ‘[01m[Kstd::valarray[m[K’ not permitted in this context
   13 |     std::valarray get_e([01;31m[Kstd[m[K::valarray, std::valarray);
      |                         [01;31m[K^~~[m[K
[01m[K/home/zain/Projects/MasterThesis/src/drone_controller_vrep/include/drone_controller_vrep/OIAC.hpp:13:40:[m[K [01;31m[Kerror: [m[Kclass template placeholder ‘[01m[Kstd::valarray[m[K’ not permitted in this context
   13 |     std::valarray get_e(std::valarray, [01;31m[Kstd[m[K::valarray);
      |                                        [01;31m[K^~~[m[K
[01m[K/home/zain/Projects/MasterThesis/src/drone_controller_vrep/include/drone_controller_vrep/OIAC.hpp:13:19:[m[K [01;31m[Kerror: [m[Kdeduced class type ‘[01m[Kvalarray[m[K’ in function return type
   13 |     std::valarray [01;31m[Kget_e[m[K(std::valarray, std::valarray);
      |                   [01;31m[K^~~~~[m[K
In file included from [01m[K/usr/include/c++/11/array:41[m[K,
                 from [01m[K/usr/include/c++/11/tuple:39[m[K,
                 from [01m[K/usr/include/c++/11/functional:54[m[K,
                 from [01m[K/usr/include/c++/11/pstl/glue_algorithm_defs.h:13[m[K,
                 from [01m[K/usr/include/c++/11/algorithm:74[m[K,
                 from [01m[K/usr/include/c++/11/valarray:38[m[K,
                 from [01m[K/home/zain/Projects/MasterThesis/src/drone_controller_vrep/include/drone_controller_vrep/OIAC.hpp:2[m[K,
                 from [01m[K/home/zain/Projects/MasterThesis/src/drone_controller_vrep/src/OIAC.cpp:1[m[K:
[01m[K/usr/include/c++/11/bits/range_access.h:105:32:[m[K [01;36m[Knote: [m[K‘[01m[Ktemplate<class _Tp> class std::valarray[m[K’ declared here
  105 |   template<typename _Tp> class [01;36m[Kvalarray[m[K;
      |                                [01;36m[K^~~~~~~~[m[K
In file included from [01m[K/home/zain/Projects/MasterThesis/src/drone_controller_vrep/src/OIAC.cpp:1[m[K:
[01m[K/home/zain/Projects/MasterThesis/src/drone_controller_vrep/include/drone_controller_vrep/OIAC.hpp:14:29:[m[K [01;31m[Kerror: [m[Kclass template placeholder ‘[01m[Kstd::valarray[m[K’ not permitted in this context
   14 |     std::valarray get_e_dot([01;31m[Kstd[m[K::valarray, std::valarray);
      |                             [01;31m[K^~~[m[K
[01m[K/home/zain/Projects/MasterThesis/src/drone_controller_vrep/include/drone_controller_vrep/OIAC.hpp:14:44:[m[K [01;31m[Kerror: [m[Kclass template placeholder ‘[01m[Kstd::valarray[m[K’ not permitted in this context
   14 |     std::valarray get_e_dot(std::valarray, [01;31m[Kstd[m[K::valarray);
      |                                            [01;31m[K^~~[m[K
[01m[K/home/zain/Projects/MasterThesis/src/drone_controller_vrep/include/drone_controller_vrep/OIAC.hpp:14:19:[m[K [01;31m[Kerror: [m[Kdeduced class type ‘[01m[Kvalarray[m[K’ in function return type
   14 |     std::valarray [01;31m[Kget_e_dot[m[K(std::valarray, std::valarray);
      |                   [01;31m[K^~~~~~~~~[m[K
In file included from [01m[K/usr/include/c++/11/array:41[m[K,
                 from [01m[K/usr/include/c++/11/tuple:39[m[K,
                 from [01m[K/usr/include/c++/11/functional:54[m[K,
                 from [01m[K/usr/include/c++/11/pstl/glue_algorithm_defs.h:13[m[K,
                 from [01m[K/usr/include/c++/11/algorithm:74[m[K,
                 from [01m[K/usr/include/c++/11/valarray:38[m[K,
                 from [01m[K/home/zain/Projects/MasterThesis/src/drone_controller_vrep/include/drone_controller_vrep/OIAC.hpp:2[m[K,
                 from [01m[K/home/zain/Projects/MasterThesis/src/drone_controller_vrep/src/OIAC.cpp:1[m[K:
[01m[K/usr/include/c++/11/bits/range_access.h:105:32:[m[K [01;36m[Knote: [m[K‘[01m[Ktemplate<class _Tp> class std::valarray[m[K’ declared here
  105 |   template<typename _Tp> class [01;36m[Kvalarray[m[K;
      |                                [01;36m[K^~~~~~~~[m[K
In file included from [01m[K/home/zain/Projects/MasterThesis/src/drone_controller_vrep/src/OIAC.cpp:1[m[K:
[01m[K/home/zain/Projects/MasterThesis/src/drone_controller_vrep/include/drone_controller_vrep/OIAC.hpp:15:37:[m[K [01;31m[Kerror: [m[Kclass template placeholder ‘[01m[Kstd::valarray[m[K’ not permitted in this context
   15 |     std::valarray calculate_epsilon([01;31m[Kstd[m[K::valarray, std::valarray);
      |                                     [01;31m[K^~~[m[K
[01m[K/home/zain/Projects/MasterThesis/src/drone_controller_vrep/include/drone_controller_vrep/OIAC.hpp:15:52:[m[K [01;31m[Kerror: [m[Kclass template placeholder ‘[01m[Kstd::valarray[m[K’ not permitted in this context
   15 |     std::valarray calculate_epsilon(std::valarray, [01;31m[Kstd[m[K::valarray);
      |                                                    [01;31m[K^~~[m[K
[01m[K/home/zain/Projects/MasterThesis/src/drone_controller_vrep/include/drone_controller_vrep/OIAC.hpp:15:19:[m[K [01;31m[Kerror: [m[Kdeduced class type ‘[01m[Kvalarray[m[K’ in function return type
   15 |     std::valarray [01;31m[Kcalculate_epsilon[m[K(std::valarray, std::valarray);
      |                   [01;31m[K^~~~~~~~~~~~~~~~~[m[K
In file included from [01m[K/usr/include/c++/11/array:41[m[K,
                 from [01m[K/usr/include/c++/11/tuple:39[m[K,
                 from [01m[K/usr/include/c++/11/functional:54[m[K,
                 from [01m[K/usr/include/c++/11/pstl/glue_algorithm_defs.h:13[m[K,
                 from [01m[K/usr/include/c++/11/algorithm:74[m[K,
                 from [01m[K/usr/include/c++/11/valarray:38[m[K,
                 from [01m[K/home/zain/Projects/MasterThesis/src/drone_controller_vrep/include/drone_controller_vrep/OIAC.hpp:2[m[K,
                 from [01m[K/home/zain/Projects/MasterThesis/src/drone_controller_vrep/src/OIAC.cpp:1[m[K:
[01m[K/usr/include/c++/11/bits/range_access.h:105:32:[m[K [01;36m[Knote: [m[K‘[01m[Ktemplate<class _Tp> class std::valarray[m[K’ declared here
  105 |   template<typename _Tp> class [01;36m[Kvalarray[m[K;
      |                                [01;36m[K^~~~~~~~[m[K
In file included from [01m[K/home/zain/Projects/MasterThesis/src/drone_controller_vrep/src/OIAC.cpp:1[m[K:
[01m[K/home/zain/Projects/MasterThesis/src/drone_controller_vrep/include/drone_controller_vrep/OIAC.hpp:16:35:[m[K [01;31m[Kerror: [m[Kclass template placeholder ‘[01m[Kstd::valarray[m[K’ not permitted in this context
   16 |     std::valarray calculate_gamma([01;31m[Kstd[m[K::valarray);
      |                                   [01;31m[K^~~[m[K
[01m[K/home/zain/Projects/MasterThesis/src/drone_controller_vrep/include/drone_controller_vrep/OIAC.hpp:16:19:[m[K [01;31m[Kerror: [m[Kdeduced class type ‘[01m[Kvalarray[m[K’ in function return type
   16 |     std::valarray [01;31m[Kcalculate_gamma[m[K(std::valarray);
      |                   [01;31m[K^~~~~~~~~~~~~~~[m[K
In file included from [01m[K/usr/include/c++/11/array:41[m[K,
                 from [01m[K/usr/include/c++/11/tuple:39[m[K,
                 from [01m[K/usr/include/c++/11/functional:54[m[K,
                 from [01m[K/usr/include/c++/11/pstl/glue_algorithm_defs.h:13[m[K,
                 from [01m[K/usr/include/c++/11/algorithm:74[m[K,
                 from [01m[K/usr/include/c++/11/valarray:38[m[K,
                 from [01m[K/home/zain/Projects/MasterThesis/src/drone_controller_vrep/include/drone_controller_vrep/OIAC.hpp:2[m[K,
                 from [01m[K/home/zain/Projects/MasterThesis/src/drone_controller_vrep/src/OIAC.cpp:1[m[K:
[01m[K/usr/include/c++/11/bits/range_access.h:105:32:[m[K [01;36m[Knote: [m[K‘[01m[Ktemplate<class _Tp> class std::valarray[m[K’ declared here
  105 |   template<typename _Tp> class [01;36m[Kvalarray[m[K;
      |                                [01;36m[K^~~~~~~~[m[K
In file included from [01m[K/home/zain/Projects/MasterThesis/src/drone_controller_vrep/src/OIAC.cpp:1[m[K:
[01m[K/home/zain/Projects/MasterThesis/src/drone_controller_vrep/include/drone_controller_vrep/OIAC.hpp:17:31:[m[K [01;31m[Kerror: [m[Kclass template placeholder ‘[01m[Kstd::valarray[m[K’ not permitted in this context
   17 |     std::valarray calculate_F([01;31m[Kstd[m[K::valarray, std::valarray);
      |                               [01;31m[K^~~[m[K
[01m[K/home/zain/Projects/MasterThesis/src/drone_controller_vrep/include/drone_controller_vrep/OIAC.hpp:17:46:[m[K [01;31m[Kerror: [m[Kclass template placeholder ‘[01m[Kstd::valarray[m[K’ not permitted in this context
   17 |     std::valarray calculate_F(std::valarray, [01;31m[Kstd[m[K::valarray);
      |                                              [01;31m[K^~~[m[K
[01m[K/home/zain/Projects/MasterThesis/src/drone_controller_vrep/include/drone_controller_vrep/OIAC.hpp:17:19:[m[K [01;31m[Kerror: [m[Kdeduced class type ‘[01m[Kvalarray[m[K’ in function return type
   17 |     std::valarray [01;31m[Kcalculate_F[m[K(std::valarray, std::valarray);
      |                   [01;31m[K^~~~~~~~~~~[m[K
In file included from [01m[K/usr/include/c++/11/array:41[m[K,
                 from [01m[K/usr/include/c++/11/tuple:39[m[K,
                 from [01m[K/usr/include/c++/11/functional:54[m[K,
                 from [01m[K/usr/include/c++/11/pstl/glue_algorithm_defs.h:13[m[K,
                 from [01m[K/usr/include/c++/11/algorithm:74[m[K,
                 from [01m[K/usr/include/c++/11/valarray:38[m[K,
                 from [01m[K/home/zain/Projects/MasterThesis/src/drone_controller_vrep/include/drone_controller_vrep/OIAC.hpp:2[m[K,
                 from [01m[K/home/zain/Projects/MasterThesis/src/drone_controller_vrep/src/OIAC.cpp:1[m[K:
[01m[K/usr/include/c++/11/bits/range_access.h:105:32:[m[K [01;36m[Knote: [m[K‘[01m[Ktemplate<class _Tp> class std::valarray[m[K’ declared here
  105 |   template<typename _Tp> class [01;36m[Kvalarray[m[K;
      |                                [01;36m[K^~~~~~~~[m[K
In file included from [01m[K/home/zain/Projects/MasterThesis/src/drone_controller_vrep/src/OIAC.cpp:1[m[K:
[01m[K/home/zain/Projects/MasterThesis/src/drone_controller_vrep/include/drone_controller_vrep/OIAC.hpp:18:31:[m[K [01;31m[Kerror: [m[Kclass template placeholder ‘[01m[Kstd::valarray[m[K’ not permitted in this context
   18 |     std::valarray calculate_K([01;31m[Kstd[m[K::valarray, std::valarray);
      |                               [01;31m[K^~~[m[K
[01m[K/home/zain/Projects/MasterThesis/src/drone_controller_vrep/include/drone_controller_vrep/OIAC.hpp:18:46:[m[K [01;31m[Kerror: [m[Kclass template placeholder ‘[01m[Kstd::valarray[m[K’ not permitted in this context
   18 |     std::valarray calculate_K(std::valarray, [01;31m[Kstd[m[K::valarray);
      |                                              [01;31m[K^~~[m[K
[01m[K/home/zain/Projects/MasterThesis/src/drone_controller_vrep/include/drone_controller_vrep/OIAC.hpp:18:19:[m[K [01;31m[Kerror: [m[Kdeduced class type ‘[01m[Kvalarray[m[K’ in function return type
   18 |     std::valarray [01;31m[Kcalculate_K[m[K(std::valarray, std::valarray);
      |                   [01;31m[K^~~~~~~~~~~[m[K
In file included from [01m[K/usr/include/c++/11/array:41[m[K,
                 from [01m[K/usr/include/c++/11/tuple:39[m[K,
                 from [01m[K/usr/include/c++/11/functional:54[m[K,
                 from [01m[K/usr/include/c++/11/pstl/glue_algorithm_defs.h:13[m[K,
                 from [01m[K/usr/include/c++/11/algorithm:74[m[K,
                 from [01m[K/usr/include/c++/11/valarray:38[m[K,
                 from [01m[K/home/zain/Projects/MasterThesis/src/drone_controller_vrep/include/drone_controller_vrep/OIAC.hpp:2[m[K,
                 from [01m[K/home/zain/Projects/MasterThesis/src/drone_controller_vrep/src/OIAC.cpp:1[m[K:
[01m[K/usr/include/c++/11/bits/range_access.h:105:32:[m[K [01;36m[Knote: [m[K‘[01m[Ktemplate<class _Tp> class std::valarray[m[K’ declared here
  105 |   template<typename _Tp> class [01;36m[Kvalarray[m[K;
      |                                [01;36m[K^~~~~~~~[m[K
In file included from [01m[K/home/zain/Projects/MasterThesis/src/drone_controller_vrep/src/OIAC.cpp:1[m[K:
[01m[K/home/zain/Projects/MasterThesis/src/drone_controller_vrep/include/drone_controller_vrep/OIAC.hpp:19:31:[m[K [01;31m[Kerror: [m[Kclass template placeholder ‘[01m[Kstd::valarray[m[K’ not permitted in this context
   19 |     std::valarray calculate_D([01;31m[Kstd[m[K::valarray, std::valarray);
      |                               [01;31m[K^~~[m[K
[01m[K/home/zain/Projects/MasterThesis/src/drone_controller_vrep/include/drone_controller_vrep/OIAC.hpp:19:46:[m[K [01;31m[Kerror: [m[Kclass template placeholder ‘[01m[Kstd::valarray[m[K’ not permitted in this context
   19 |     std::valarray calculate_D(std::valarray, [01;31m[Kstd[m[K::valarray);
      |                                              [01;31m[K^~~[m[K
[01m[K/home/zain/Projects/MasterThesis/src/drone_controller_vrep/include/drone_controller_vrep/OIAC.hpp:19:19:[m[K [01;31m[Kerror: [m[Kdeduced class type ‘[01m[Kvalarray[m[K’ in function return type
   19 |     std::valarray [01;31m[Kcalculate_D[m[K(std::valarray, std::valarray);
      |                   [01;31m[K^~~~~~~~~~~[m[K
In file included from [01m[K/usr/include/c++/11/array:41[m[K,
                 from [01m[K/usr/include/c++/11/tuple:39[m[K,
                 from [01m[K/usr/include/c++/11/functional:54[m[K,
                 from [01m[K/usr/include/c++/11/pstl/glue_algorithm_defs.h:13[m[K,
                 from [01m[K/usr/include/c++/11/algorithm:74[m[K,
                 from [01m[K/usr/include/c++/11/valarray:38[m[K,
                 from [01m[K/home/zain/Projects/MasterThesis/src/drone_controller_vrep/include/drone_controller_vrep/OIAC.hpp:2[m[K,
                 from [01m[K/home/zain/Projects/MasterThesis/src/drone_controller_vrep/src/OIAC.cpp:1[m[K:
[01m[K/usr/include/c++/11/bits/range_access.h:105:32:[m[K [01;36m[Knote: [m[K‘[01m[Ktemplate<class _Tp> class std::valarray[m[K’ declared here
  105 |   template<typename _Tp> class [01;36m[Kvalarray[m[K;
      |                                [01;36m[K^~~~~~~~[m[K
In file included from [01m[K/home/zain/Projects/MasterThesis/src/drone_controller_vrep/src/OIAC.cpp:1[m[K:
[01m[K/home/zain/Projects/MasterThesis/src/drone_controller_vrep/include/drone_controller_vrep/OIAC.hpp:23:47:[m[K [01;31m[Kerror: [m[Kclass template placeholder ‘[01m[Kstd::valarray[m[K’ not permitted in this context
   23 |         OIAC(double a, double b, double beta, [01;31m[Kstd[m[K::valarray feedforward);
      |                                               [01;31m[K^~~[m[K
[01m[K/home/zain/Projects/MasterThesis/src/drone_controller_vrep/include/drone_controller_vrep/OIAC.hpp:25:87:[m[K [01;31m[Kerror: [m[Kclass template placeholder ‘[01m[Kstd::valarray[m[K’ not permitted in this context
   25 |         OIAC(double a, double b, double beta, double lower_bound, double upper_bound, [01;31m[Kstd[m[K::valarray feedforward);
      |                                                                                       [01;31m[K^~~[m[K
[01m[K/home/zain/Projects/MasterThesis/src/drone_controller_vrep/include/drone_controller_vrep/OIAC.hpp:25:9:[m[K [01;31m[Kerror: [m[K‘[01m[KOIAC::OIAC(...)[m[K’ cannot be overloaded with ‘[01m[KOIAC::OIAC(...)[m[K’
   25 |         [01;31m[KOIAC[m[K(double a, double b, double beta, double lower_bound, double upper_bound, std::valarray feedforward);
      |         [01;31m[K^~~~[m[K
[01m[K/home/zain/Projects/MasterThesis/src/drone_controller_vrep/include/drone_controller_vrep/OIAC.hpp:23:9:[m[K [01;36m[Knote: [m[Kprevious declaration ‘[01m[KOIAC::OIAC(...)[m[K’
   23 |         [01;36m[KOIAC[m[K(double a, double b, double beta, std::valarray feedforward);
      |         [01;36m[K^~~~[m[K
[01m[K/home/zain/Projects/MasterThesis/src/drone_controller_vrep/include/drone_controller_vrep/OIAC.hpp:26:30:[m[K [01;31m[Kerror: [m[Kclass template placeholder ‘[01m[Kstd::valarray[m[K’ not permitted in this context
   26 |         void set_feedforward([01;31m[Kstd[m[K::valarray);
      |                              [01;31m[K^~~[m[K
[01m[K/home/zain/Projects/MasterThesis/src/drone_controller_vrep/include/drone_controller_vrep/OIAC.hpp:28:32:[m[K [01;31m[Kerror: [m[Kclass template placeholder ‘[01m[Kstd::valarray[m[K’ not permitted in this context
   28 |         std::valarray run_once([01;31m[Kstd[m[K::valarray,
      |                                [01;31m[K^~~[m[K
[01m[K/home/zain/Projects/MasterThesis/src/drone_controller_vrep/include/drone_controller_vrep/OIAC.hpp:29:35:[m[K [01;31m[Kerror: [m[Kclass template placeholder ‘[01m[Kstd::valarray[m[K’ not permitted in this context
   29 |                                   [01;31m[Kstd[m[K::valarray,
      |                                   [01;31m[K^~~[m[K
[01m[K/home/zain/Projects/MasterThesis/src/drone_controller_vrep/include/drone_controller_vrep/OIAC.hpp:30:35:[m[K [01;31m[Kerror: [m[Kclass template placeholder ‘[01m[Kstd::valarray[m[K’ not permitted in this context
   30 |                                   [01;31m[Kstd[m[K::valarray,
      |                                   [01;31m[K^~~[m[K
[01m[K/home/zain/Projects/MasterThesis/src/drone_controller_vrep/include/drone_controller_vrep/OIAC.hpp:31:35:[m[K [01;31m[Kerror: [m[Kclass template placeholder ‘[01m[Kstd::valarray[m[K’ not permitted in this context
   31 |                                   [01;31m[Kstd[m[K::valarray
      |                                   [01;31m[K^~~[m[K
[01m[K/home/zain/Projects/MasterThesis/src/drone_controller_vrep/include/drone_controller_vrep/OIAC.hpp:28:23:[m[K [01;31m[Kerror: [m[Kdeduced class type ‘[01m[Kvalarray[m[K’ in function return type
   28 |         std::valarray [01;31m[Krun_once[m[K(std::valarray,
      |                       [01;31m[K^~~~~~~~[m[K
In file included from [01m[K/usr/include/c++/11/array:41[m[K,
                 from [01m[K/usr/include/c++/11/tuple:39[m[K,
                 from [01m[K/usr/include/c++/11/functional:54[m[K,
                 from [01m[K/usr/include/c++/11/pstl/glue_algorithm_defs.h:13[m[K,
                 from [01m[K/usr/include/c++/11/algorithm:74[m[K,
                 from [01m[K/usr/include/c++/11/valarray:38[m[K,
                 from [01m[K/home/zain/Projects/MasterThesis/src/drone_controller_vrep/include/drone_controller_vrep/OIAC.hpp:2[m[K,
                 from [01m[K/home/zain/Projects/MasterThesis/src/drone_controller_vrep/src/OIAC.cpp:1[m[K:
[01m[K/usr/include/c++/11/bits/range_access.h:105:32:[m[K [01;36m[Knote: [m[K‘[01m[Ktemplate<class _Tp> class std::valarray[m[K’ declared here
  105 |   template<typename _Tp> class [01;36m[Kvalarray[m[K;
      |                                [01;36m[K^~~~~~~~[m[K
[01m[K/home/zain/Projects/MasterThesis/src/drone_controller_vrep/src/OIAC.cpp:[m[K In constructor ‘[01m[KOIAC::OIAC(double, double, double)[m[K’:
[01m[K/home/zain/Projects/MasterThesis/src/drone_controller_vrep/src/OIAC.cpp:9:20:[m[K [01;31m[Kerror: [m[Kinvalid use of brace-enclosed initializer list
    9 |     [01;31m[Kset_feedforward({0.0})[m[K;
      |     [01;31m[K~~~~~~~~~~~~~~~^~~~~~~[m[K
[01m[K/home/zain/Projects/MasterThesis/src/drone_controller_vrep/src/OIAC.cpp:[m[K At global scope:
[01m[K/home/zain/Projects/MasterThesis/src/drone_controller_vrep/src/OIAC.cpp:12:45:[m[K [01;31m[Kerror: [m[Kclass template placeholder ‘[01m[Kstd::valarray[m[K’ not permitted in this context
   12 | OIAC::OIAC(double a, double b, double beta, [01;31m[Kstd[m[K::valarray feedforward)
      |                                             [01;31m[K^~~[m[K
[01m[K/home/zain/Projects/MasterThesis/src/drone_controller_vrep/src/OIAC.cpp:[m[K In constructor ‘[01m[KOIAC::OIAC(...)[m[K’:
[01m[K/home/zain/Projects/MasterThesis/src/drone_controller_vrep/src/OIAC.cpp:18:21:[m[K [01;31m[Kerror: [m[K‘[01m[Kfeedforward[m[K’ was not declared in this scope; did you mean ‘[01m[K_feedforward[m[K’?
   18 |     set_feedforward([01;31m[Kfeedforward[m[K);
      |                     [01;31m[K^~~~~~~~~~~[m[K
      |                     [32m[K_feedforward[m[K
[01m[K/home/zain/Projects/MasterThesis/src/drone_controller_vrep/src/OIAC.cpp:[m[K In constructor ‘[01m[KOIAC::OIAC(double, double, double, double, double)[m[K’:
[01m[K/home/zain/Projects/MasterThesis/src/drone_controller_vrep/src/OIAC.cpp:27:20:[m[K [01;31m[Kerror: [m[Kinvalid use of brace-enclosed initializer list
   27 |     [01;31m[Kset_feedforward({0.0})[m[K;
      |     [01;31m[K~~~~~~~~~~~~~~~^~~~~~~[m[K
[01m[K/home/zain/Projects/MasterThesis/src/drone_controller_vrep/src/OIAC.cpp:[m[K At global scope:
[01m[K/home/zain/Projects/MasterThesis/src/drone_controller_vrep/src/OIAC.cpp:30:85:[m[K [01;31m[Kerror: [m[Kclass template placeholder ‘[01m[Kstd::valarray[m[K’ not permitted in this context
   30 | OIAC::OIAC(double a, double b, double beta, double lower_bound, double upper_bound, [01;31m[Kstd[m[K::valarray feedforward)
      |                                                                                     [01;31m[K^~~[m[K
[01m[K/home/zain/Projects/MasterThesis/src/drone_controller_vrep/src/OIAC.cpp:30:1:[m[K [01;31m[Kerror: [m[Kredefinition of ‘[01m[KOIAC::OIAC(...)[m[K’
   30 | [01;31m[KOIAC[m[K::OIAC(double a, double b, double beta, double lower_bound, double upper_bound, std::valarray feedforward)
      | [01;31m[K^~~~[m[K
[01m[K/home/zain/Projects/MasterThesis/src/drone_controller_vrep/src/OIAC.cpp:12:1:[m[K [01;36m[Knote: [m[K‘[01m[KOIAC::OIAC(...)[m[K’ previously defined here
   12 | [01;36m[KOIAC[m[K::OIAC(double a, double b, double beta, std::valarray feedforward)
      | [01;36m[K^~~~[m[K
[01m[K/home/zain/Projects/MasterThesis/src/drone_controller_vrep/src/OIAC.cpp:39:28:[m[K [01;31m[Kerror: [m[Kclass template placeholder ‘[01m[Kstd::valarray[m[K’ not permitted in this context
   39 | void OIAC::set_feedforward([01;31m[Kstd[m[K::valarray vector)
      |                            [01;31m[K^~~[m[K
[01m[K/home/zain/Projects/MasterThesis/src/drone_controller_vrep/src/OIAC.cpp:[m[K In member function ‘[01m[Kvoid OIAC::set_feedforward(...)[m[K’:
[01m[K/home/zain/Projects/MasterThesis/src/drone_controller_vrep/src/OIAC.cpp:41:20:[m[K [01;31m[Kerror: [m[K‘[01m[Kvector[m[K’ was not declared in this scope
   41 |     _feedforward = [01;31m[Kvector[m[K;
      |                    [01;31m[K^~~~~~[m[K
[01m[K/home/zain/Projects/MasterThesis/src/drone_controller_vrep/src/OIAC.cpp:41:20:[m[K [01;36m[Knote: [m[Ksuggested alternatives:
In file included from [01m[K/usr/include/c++/11/vector:67[m[K,
                 from [01m[K/usr/include/c++/11/functional:62[m[K,
                 from [01m[K/usr/include/c++/11/pstl/glue_algorithm_defs.h:13[m[K,
                 from [01m[K/usr/include/c++/11/algorithm:74[m[K,
                 from [01m[K/usr/include/c++/11/valarray:38[m[K,
                 from [01m[K/home/zain/Projects/MasterThesis/src/drone_controller_vrep/include/drone_controller_vrep/OIAC.hpp:2[m[K,
                 from [01m[K/home/zain/Projects/MasterThesis/src/drone_controller_vrep/src/OIAC.cpp:1[m[K:
[01m[K/usr/include/c++/11/bits/stl_vector.h:389:11:[m[K [01;36m[Knote: [m[K  ‘[01m[Kstd::vector[m[K’
  389 |     class [01;36m[Kvector[m[K : protected _Vector_base<_Tp, _Alloc>
      |           [01;36m[K^~~~~~[m[K
In file included from [01m[K/usr/include/c++/11/functional:62[m[K,
                 from [01m[K/usr/include/c++/11/pstl/glue_algorithm_defs.h:13[m[K,
                 from [01m[K/usr/include/c++/11/algorithm:74[m[K,
                 from [01m[K/usr/include/c++/11/valarray:38[m[K,
                 from [01m[K/home/zain/Projects/MasterThesis/src/drone_controller_vrep/include/drone_controller_vrep/OIAC.hpp:2[m[K,
                 from [01m[K/home/zain/Projects/MasterThesis/src/drone_controller_vrep/src/OIAC.cpp:1[m[K:
[01m[K/usr/include/c++/11/vector:86:13:[m[K [01;36m[Knote: [m[K  ‘[01m[Kstd::pmr::vector[m[K’
   86 |       using [01;36m[Kvector[m[K = std::vector<_Tp, polymorphic_allocator<_Tp>>;
      |             [01;36m[K^~~~~~[m[K
gmake[2]: *** [CMakeFiles/drone_feedback_controller_node.dir/build.make:90: CMakeFiles/drone_feedback_controller_node.dir/src/OIAC.cpp.o] Error 1
gmake[2]: *** Waiting for unfinished jobs....
[01m[K/home/zain/Projects/MasterThesis/src/drone_controller_vrep/src/drone_feedback_controller.cpp:[m[K In constructor ‘[01m[KDroneFeedbackController::DroneFeedbackController()[m[K’:
[01m[K/home/zain/Projects/MasterThesis/src/drone_controller_vrep/src/drone_feedback_controller.cpp:7:92:[m[K [01;31m[Kerror: [m[K‘[01m[K_1[m[K’ was not declared in this scope; did you mean ‘[01m[Kstd::placeholders::_1[m[K’?
    7 |       "/Current_local_position", 10, std::bind(&DroneFeedbackController::drone_pose, this, [01;31m[K_1[m[K));
      |                                                                                            [01;31m[K^~[m[K
      |                                                                                            [32m[Kstd::placeholders::_1[m[K
In file included from [01m[K/opt/anaconda3/envs/MasterThesis/include/boost/system/detail/error_category.hpp:18[m[K,
                 from [01m[K/opt/anaconda3/envs/MasterThesis/include/boost/system/detail/error_code.hpp:14[m[K,
                 from [01m[K/opt/anaconda3/envs/MasterThesis/include/boost/system/error_code.hpp:13[m[K,
                 from [01m[K/opt/anaconda3/envs/MasterThesis/include/boost/chrono/detail/system.hpp:11[m[K,
                 from [01m[K/opt/anaconda3/envs/MasterThesis/include/boost/chrono/system_clocks.hpp:64[m[K,
                 from [01m[K/opt/anaconda3/envs/MasterThesis/include/boost/chrono/chrono.hpp:13[m[K,
                 from [01m[K/opt/anaconda3/envs/MasterThesis/include/boost/chrono/include.hpp:15[m[K,
                 from [01m[K/opt/anaconda3/envs/MasterThesis/include/boost/chrono.hpp:17[m[K,
                 from [01m[K/home/zain/Projects/MasterThesis/src/drone_controller_vrep/include/drone_controller_vrep/drone_feedback_controller.hpp:1[m[K,
                 from [01m[K/home/zain/Projects/MasterThesis/src/drone_controller_vrep/src/drone_feedback_controller.cpp:1[m[K:
[01m[K/usr/include/c++/11/functional:225:34:[m[K [01;36m[Knote: [m[K‘[01m[Kstd::placeholders::_1[m[K’ declared here
  225 |     extern const _Placeholder<1> [01;36m[K_1[m[K;
      |                                  [01;36m[K^~[m[K
[01m[K/home/zain/Projects/MasterThesis/src/drone_controller_vrep/src/drone_feedback_controller.cpp:9:76:[m[K [01;31m[Kerror: [m[K‘[01m[Kdrone_velocity[m[K’ is not a member of ‘[01m[KDroneFeedbackController[m[K’
    9 |         "/Current_local_velocity", 10, std::bind(&DroneFeedbackController::[01;31m[Kdrone_velocity[m[K, this, _1));
      |                                                                            [01;31m[K^~~~~~~~~~~~~~[m[K
In file included from [01m[K/opt/ros/humble/include/rclcpp/rclcpp/logging.hpp:24[m[K,
                 from [01m[K/opt/ros/humble/include/rclcpp/rclcpp/client.hpp:40[m[K,
                 from [01m[K/opt/ros/humble/include/rclcpp/rclcpp/callback_group.hpp:24[m[K,
                 from [01m[K/opt/ros/humble/include/rclcpp/rclcpp/any_executable.hpp:20[m[K,
                 from [01m[K/opt/ros/humble/include/rclcpp/rclcpp/memory_strategy.hpp:25[m[K,
                 from [01m[K/opt/ros/humble/include/rclcpp/rclcpp/memory_strategies.hpp:18[m[K,
                 from [01m[K/opt/ros/humble/include/rclcpp/rclcpp/executor_options.hpp:20[m[K,
                 from [01m[K/opt/ros/humble/include/rclcpp/rclcpp/executor.hpp:37[m[K,
                 from [01m[K/opt/ros/humble/include/rclcpp/rclcpp/executors/multi_threaded_executor.hpp:25[m[K,
                 from [01m[K/opt/ros/humble/include/rclcpp/rclcpp/executors.hpp:21[m[K,
                 from [01m[K/opt/ros/humble/include/rclcpp/rclcpp/rclcpp.hpp:155[m[K,
                 from [01m[K/home/zain/Projects/MasterThesis/src/drone_controller_vrep/include/drone_controller_vrep/drone_feedback_controller.hpp:6[m[K,
                 from [01m[K/home/zain/Projects/MasterThesis/src/drone_controller_vrep/src/drone_feedback_controller.cpp:1[m[K:
[01m[K/home/zain/Projects/MasterThesis/src/drone_controller_vrep/src/drone_feedback_controller.cpp:[m[K In member function ‘[01m[Kvoid DroneFeedbackController::drone_pose(const PoseStamped&) const[m[K’:
[01m[K/home/zain/Projects/MasterThesis/src/drone_controller_vrep/src/drone_feedback_controller.cpp:16:60:[m[K [01;31m[Kerror: [m[K‘[01m[Kconst PoseStamped[m[K’ {aka ‘[01m[Kconst struct geometry_msgs::msg::PoseStamped_<std::allocator<void> >[m[K’} has no member named ‘[01m[Kdata[m[K’
   16 |       RCLCPP_INFO(this->get_logger(), "I heard: '%s'", msg.[01;31m[Kdata[m[K.c_str());
      |                                                            [01;31m[K^~~~[m[K
gmake[2]: *** [CMakeFiles/drone_feedback_controller_node.dir/build.make:76: CMakeFiles/drone_feedback_controller_node.dir/src/drone_feedback_controller.cpp.o] Error 1
gmake[1]: *** [CMakeFiles/Makefile2:137: CMakeFiles/drone_feedback_controller_node.dir/all] Error 2
gmake: *** [Makefile:146: all] Error 2
