[0.077s] Invoking command in '/home/zain/Projects/MasterThesis/build/drone_controller_vrep': CMAKE_PREFIX_PATH=/opt/ros/humble CONDA_PROMPT_MODIFIER=(MasterThesis) /usr/local/bin/cmake --build /home/zain/Projects/MasterThesis/build/drone_controller_vrep -- -j16 -l16
[0.124s] [ 66%] [32mBuilding CXX object CMakeFiles/drone_feedback_controller_node.dir/src/OIAC.cpp.o[0m
[0.124s] [ 66%] [32mBuilding CXX object CMakeFiles/drone_feedback_controller_node.dir/src/drone_feedback_controller.cpp.o[0m
[0.466s] In file included from [01m[K/home/zain/Projects/MasterThesis/src/drone_controller_vrep/src/OIAC.cpp:1[m[K:
[0.467s] [01m[K/home/zain/Projects/MasterThesis/src/drone_controller_vrep/include/drone_controller_vrep/OIAC.hpp:12:5:[m[K [01;31m[Kerror: [m[Kinvalid use of template-name ‘[01m[Kstd::valarray[m[K’ without an argument list
[0.467s]    12 |     [01;31m[Kstd[m[K::valarray _feedforward;
[0.467s]       |     [01;31m[K^~~[m[K
[0.467s] [01m[K/home/zain/Projects/MasterThesis/src/drone_controller_vrep/include/drone_controller_vrep/OIAC.hpp:13:25:[m[K [01;31m[Kerror: [m[Kclass template placeholder ‘[01m[Kstd::valarray[m[K’ not permitted in this context
[0.467s]    13 |     std::valarray get_e([01;31m[Kstd[m[K::valarray, std::valarray);
[0.467s]       |                         [01;31m[K^~~[m[K
[0.467s] [01m[K/home/zain/Projects/MasterThesis/src/drone_controller_vrep/include/drone_controller_vrep/OIAC.hpp:13:40:[m[K [01;31m[Kerror: [m[Kclass template placeholder ‘[01m[Kstd::valarray[m[K’ not permitted in this context
[0.467s]    13 |     std::valarray get_e(std::valarray, [01;31m[Kstd[m[K::valarray);
[0.467s]       |                                        [01;31m[K^~~[m[K
[0.468s] [01m[K/home/zain/Projects/MasterThesis/src/drone_controller_vrep/include/drone_controller_vrep/OIAC.hpp:13:19:[m[K [01;31m[Kerror: [m[Kdeduced class type ‘[01m[Kvalarray[m[K’ in function return type
[0.468s]    13 |     std::valarray [01;31m[Kget_e[m[K(std::valarray, std::valarray);
[0.468s]       |                   [01;31m[K^~~~~[m[K
[0.468s] In file included from [01m[K/usr/include/c++/11/array:41[m[K,
[0.468s]                  from [01m[K/usr/include/c++/11/tuple:39[m[K,
[0.468s]                  from [01m[K/usr/include/c++/11/functional:54[m[K,
[0.469s]                  from [01m[K/usr/include/c++/11/pstl/glue_algorithm_defs.h:13[m[K,
[0.469s]                  from [01m[K/usr/include/c++/11/algorithm:74[m[K,
[0.469s]                  from [01m[K/usr/include/c++/11/valarray:38[m[K,
[0.469s]                  from [01m[K/home/zain/Projects/MasterThesis/src/drone_controller_vrep/include/drone_controller_vrep/OIAC.hpp:2[m[K,
[0.469s]                  from [01m[K/home/zain/Projects/MasterThesis/src/drone_controller_vrep/src/OIAC.cpp:1[m[K:
[0.469s] [01m[K/usr/include/c++/11/bits/range_access.h:105:32:[m[K [01;36m[Knote: [m[K‘[01m[Ktemplate<class _Tp> class std::valarray[m[K’ declared here
[0.469s]   105 |   template<typename _Tp> class [01;36m[Kvalarray[m[K;
[0.469s]       |                                [01;36m[K^~~~~~~~[m[K
[0.469s] In file included from [01m[K/home/zain/Projects/MasterThesis/src/drone_controller_vrep/src/OIAC.cpp:1[m[K:
[0.470s] [01m[K/home/zain/Projects/MasterThesis/src/drone_controller_vrep/include/drone_controller_vrep/OIAC.hpp:14:29:[m[K [01;31m[Kerror: [m[Kclass template placeholder ‘[01m[Kstd::valarray[m[K’ not permitted in this context
[0.470s]    14 |     std::valarray get_e_dot([01;31m[Kstd[m[K::valarray, std::valarray);
[0.470s]       |                             [01;31m[K^~~[m[K
[0.470s] [01m[K/home/zain/Projects/MasterThesis/src/drone_controller_vrep/include/drone_controller_vrep/OIAC.hpp:14:44:[m[K [01;31m[Kerror: [m[Kclass template placeholder ‘[01m[Kstd::valarray[m[K’ not permitted in this context
[0.470s]    14 |     std::valarray get_e_dot(std::valarray, [01;31m[Kstd[m[K::valarray);
[0.470s]       |                                            [01;31m[K^~~[m[K
[0.470s] [01m[K/home/zain/Projects/MasterThesis/src/drone_controller_vrep/include/drone_controller_vrep/OIAC.hpp:14:19:[m[K [01;31m[Kerror: [m[Kdeduced class type ‘[01m[Kvalarray[m[K’ in function return type
[0.470s]    14 |     std::valarray [01;31m[Kget_e_dot[m[K(std::valarray, std::valarray);
[0.471s]       |                   [01;31m[K^~~~~~~~~[m[K
[0.471s] In file included from [01m[K/usr/include/c++/11/array:41[m[K,
[0.471s]                  from [01m[K/usr/include/c++/11/tuple:39[m[K,
[0.471s]                  from [01m[K/usr/include/c++/11/functional:54[m[K,
[0.471s]                  from [01m[K/usr/include/c++/11/pstl/glue_algorithm_defs.h:13[m[K,
[0.471s]                  from [01m[K/usr/include/c++/11/algorithm:74[m[K,
[0.471s]                  from [01m[K/usr/include/c++/11/valarray:38[m[K,
[0.471s]                  from [01m[K/home/zain/Projects/MasterThesis/src/drone_controller_vrep/include/drone_controller_vrep/OIAC.hpp:2[m[K,
[0.471s]                  from [01m[K/home/zain/Projects/MasterThesis/src/drone_controller_vrep/src/OIAC.cpp:1[m[K:
[0.471s] [01m[K/usr/include/c++/11/bits/range_access.h:105:32:[m[K [01;36m[Knote: [m[K‘[01m[Ktemplate<class _Tp> class std::valarray[m[K’ declared here
[0.471s]   105 |   template<typename _Tp> class [01;36m[Kvalarray[m[K;
[0.471s]       |                                [01;36m[K^~~~~~~~[m[K
[0.471s] In file included from [01m[K/home/zain/Projects/MasterThesis/src/drone_controller_vrep/src/OIAC.cpp:1[m[K:
[0.471s] [01m[K/home/zain/Projects/MasterThesis/src/drone_controller_vrep/include/drone_controller_vrep/OIAC.hpp:15:37:[m[K [01;31m[Kerror: [m[Kclass template placeholder ‘[01m[Kstd::valarray[m[K’ not permitted in this context
[0.472s]    15 |     std::valarray calculate_epsilon([01;31m[Kstd[m[K::valarray, std::valarray);
[0.472s]       |                                     [01;31m[K^~~[m[K
[0.472s] [01m[K/home/zain/Projects/MasterThesis/src/drone_controller_vrep/include/drone_controller_vrep/OIAC.hpp:15:52:[m[K [01;31m[Kerror: [m[Kclass template placeholder ‘[01m[Kstd::valarray[m[K’ not permitted in this context
[0.472s]    15 |     std::valarray calculate_epsilon(std::valarray, [01;31m[Kstd[m[K::valarray);
[0.472s]       |                                                    [01;31m[K^~~[m[K
[0.472s] [01m[K/home/zain/Projects/MasterThesis/src/drone_controller_vrep/include/drone_controller_vrep/OIAC.hpp:15:19:[m[K [01;31m[Kerror: [m[Kdeduced class type ‘[01m[Kvalarray[m[K’ in function return type
[0.472s]    15 |     std::valarray [01;31m[Kcalculate_epsilon[m[K(std::valarray, std::valarray);
[0.472s]       |                   [01;31m[K^~~~~~~~~~~~~~~~~[m[K
[0.472s] In file included from [01m[K/usr/include/c++/11/array:41[m[K,
[0.472s]                  from [01m[K/usr/include/c++/11/tuple:39[m[K,
[0.472s]                  from [01m[K/usr/include/c++/11/functional:54[m[K,
[0.472s]                  from [01m[K/usr/include/c++/11/pstl/glue_algorithm_defs.h:13[m[K,
[0.472s]                  from [01m[K/usr/include/c++/11/algorithm:74[m[K,
[0.472s]                  from [01m[K/usr/include/c++/11/valarray:38[m[K,
[0.473s]                  from [01m[K/home/zain/Projects/MasterThesis/src/drone_controller_vrep/include/drone_controller_vrep/OIAC.hpp:2[m[K,
[0.473s]                  from [01m[K/home/zain/Projects/MasterThesis/src/drone_controller_vrep/src/OIAC.cpp:1[m[K:
[0.473s] [01m[K/usr/include/c++/11/bits/range_access.h:105:32:[m[K [01;36m[Knote: [m[K‘[01m[Ktemplate<class _Tp> class std::valarray[m[K’ declared here
[0.473s]   105 |   template<typename _Tp> class [01;36m[Kvalarray[m[K;
[0.473s]       |                                [01;36m[K^~~~~~~~[m[K
[0.473s] In file included from [01m[K/home/zain/Projects/MasterThesis/src/drone_controller_vrep/src/OIAC.cpp:1[m[K:
[0.473s] [01m[K/home/zain/Projects/MasterThesis/src/drone_controller_vrep/include/drone_controller_vrep/OIAC.hpp:16:35:[m[K [01;31m[Kerror: [m[Kclass template placeholder ‘[01m[Kstd::valarray[m[K’ not permitted in this context
[0.473s]    16 |     std::valarray calculate_gamma([01;31m[Kstd[m[K::valarray);
[0.473s]       |                                   [01;31m[K^~~[m[K
[0.473s] [01m[K/home/zain/Projects/MasterThesis/src/drone_controller_vrep/include/drone_controller_vrep/OIAC.hpp:16:19:[m[K [01;31m[Kerror: [m[Kdeduced class type ‘[01m[Kvalarray[m[K’ in function return type
[0.474s]    16 |     std::valarray [01;31m[Kcalculate_gamma[m[K(std::valarray);
[0.474s]       |                   [01;31m[K^~~~~~~~~~~~~~~[m[K
[0.474s] In file included from [01m[K/usr/include/c++/11/array:41[m[K,
[0.474s]                  from [01m[K/usr/include/c++/11/tuple:39[m[K,
[0.474s]                  from [01m[K/usr/include/c++/11/functional:54[m[K,
[0.474s]                  from [01m[K/usr/include/c++/11/pstl/glue_algorithm_defs.h:13[m[K,
[0.474s]                  from [01m[K/usr/include/c++/11/algorithm:74[m[K,
[0.474s]                  from [01m[K/usr/include/c++/11/valarray:38[m[K,
[0.474s]                  from [01m[K/home/zain/Projects/MasterThesis/src/drone_controller_vrep/include/drone_controller_vrep/OIAC.hpp:2[m[K,
[0.474s]                  from [01m[K/home/zain/Projects/MasterThesis/src/drone_controller_vrep/src/OIAC.cpp:1[m[K:
[0.474s] [01m[K/usr/include/c++/11/bits/range_access.h:105:32:[m[K [01;36m[Knote: [m[K‘[01m[Ktemplate<class _Tp> class std::valarray[m[K’ declared here
[0.474s]   105 |   template<typename _Tp> class [01;36m[Kvalarray[m[K;
[0.474s]       |                                [01;36m[K^~~~~~~~[m[K
[0.474s] In file included from [01m[K/home/zain/Projects/MasterThesis/src/drone_controller_vrep/src/OIAC.cpp:1[m[K:
[0.475s] [01m[K/home/zain/Projects/MasterThesis/src/drone_controller_vrep/include/drone_controller_vrep/OIAC.hpp:17:31:[m[K [01;31m[Kerror: [m[Kclass template placeholder ‘[01m[Kstd::valarray[m[K’ not permitted in this context
[0.475s]    17 |     std::valarray calculate_F([01;31m[Kstd[m[K::valarray, std::valarray);
[0.475s]       |                               [01;31m[K^~~[m[K
[0.475s] [01m[K/home/zain/Projects/MasterThesis/src/drone_controller_vrep/include/drone_controller_vrep/OIAC.hpp:17:46:[m[K [01;31m[Kerror: [m[Kclass template placeholder ‘[01m[Kstd::valarray[m[K’ not permitted in this context
[0.475s]    17 |     std::valarray calculate_F(std::valarray, [01;31m[Kstd[m[K::valarray);
[0.475s]       |                                              [01;31m[K^~~[m[K
[0.475s] [01m[K/home/zain/Projects/MasterThesis/src/drone_controller_vrep/include/drone_controller_vrep/OIAC.hpp:17:19:[m[K [01;31m[Kerror: [m[Kdeduced class type ‘[01m[Kvalarray[m[K’ in function return type
[0.475s]    17 |     std::valarray [01;31m[Kcalculate_F[m[K(std::valarray, std::valarray);
[0.475s]       |                   [01;31m[K^~~~~~~~~~~[m[K
[0.475s] In file included from [01m[K/usr/include/c++/11/array:41[m[K,
[0.475s]                  from [01m[K/usr/include/c++/11/tuple:39[m[K,
[0.475s]                  from [01m[K/usr/include/c++/11/functional:54[m[K,
[0.475s]                  from [01m[K/usr/include/c++/11/pstl/glue_algorithm_defs.h:13[m[K,
[0.475s]                  from [01m[K/usr/include/c++/11/algorithm:74[m[K,
[0.475s]                  from [01m[K/usr/include/c++/11/valarray:38[m[K,
[0.475s]                  from [01m[K/home/zain/Projects/MasterThesis/src/drone_controller_vrep/include/drone_controller_vrep/OIAC.hpp:2[m[K,
[0.475s]                  from [01m[K/home/zain/Projects/MasterThesis/src/drone_controller_vrep/src/OIAC.cpp:1[m[K:
[0.476s] [01m[K/usr/include/c++/11/bits/range_access.h:105:32:[m[K [01;36m[Knote: [m[K‘[01m[Ktemplate<class _Tp> class std::valarray[m[K’ declared here
[0.476s]   105 |   template<typename _Tp> class [01;36m[Kvalarray[m[K;
[0.476s]       |                                [01;36m[K^~~~~~~~[m[K
[0.476s] In file included from [01m[K/home/zain/Projects/MasterThesis/src/drone_controller_vrep/src/OIAC.cpp:1[m[K:
[0.476s] [01m[K/home/zain/Projects/MasterThesis/src/drone_controller_vrep/include/drone_controller_vrep/OIAC.hpp:18:31:[m[K [01;31m[Kerror: [m[Kclass template placeholder ‘[01m[Kstd::valarray[m[K’ not permitted in this context
[0.476s]    18 |     std::valarray calculate_K([01;31m[Kstd[m[K::valarray, std::valarray);
[0.476s]       |                               [01;31m[K^~~[m[K
[0.476s] [01m[K/home/zain/Projects/MasterThesis/src/drone_controller_vrep/include/drone_controller_vrep/OIAC.hpp:18:46:[m[K [01;31m[Kerror: [m[Kclass template placeholder ‘[01m[Kstd::valarray[m[K’ not permitted in this context
[0.476s]    18 |     std::valarray calculate_K(std::valarray, [01;31m[Kstd[m[K::valarray);
[0.476s]       |                                              [01;31m[K^~~[m[K
[0.476s] [01m[K/home/zain/Projects/MasterThesis/src/drone_controller_vrep/include/drone_controller_vrep/OIAC.hpp:18:19:[m[K [01;31m[Kerror: [m[Kdeduced class type ‘[01m[Kvalarray[m[K’ in function return type
[0.476s]    18 |     std::valarray [01;31m[Kcalculate_K[m[K(std::valarray, std::valarray);
[0.476s]       |                   [01;31m[K^~~~~~~~~~~[m[K
[0.476s] In file included from [01m[K/usr/include/c++/11/array:41[m[K,
[0.476s]                  from [01m[K/usr/include/c++/11/tuple:39[m[K,
[0.476s]                  from [01m[K/usr/include/c++/11/functional:54[m[K,
[0.476s]                  from [01m[K/usr/include/c++/11/pstl/glue_algorithm_defs.h:13[m[K,
[0.476s]                  from [01m[K/usr/include/c++/11/algorithm:74[m[K,
[0.476s]                  from [01m[K/usr/include/c++/11/valarray:38[m[K,
[0.477s]                  from [01m[K/home/zain/Projects/MasterThesis/src/drone_controller_vrep/include/drone_controller_vrep/OIAC.hpp:2[m[K,
[0.477s]                  from [01m[K/home/zain/Projects/MasterThesis/src/drone_controller_vrep/src/OIAC.cpp:1[m[K:
[0.477s] [01m[K/usr/include/c++/11/bits/range_access.h:105:32:[m[K [01;36m[Knote: [m[K‘[01m[Ktemplate<class _Tp> class std::valarray[m[K’ declared here
[0.477s]   105 |   template<typename _Tp> class [01;36m[Kvalarray[m[K;
[0.477s]       |                                [01;36m[K^~~~~~~~[m[K
[0.477s] In file included from [01m[K/home/zain/Projects/MasterThesis/src/drone_controller_vrep/src/OIAC.cpp:1[m[K:
[0.477s] [01m[K/home/zain/Projects/MasterThesis/src/drone_controller_vrep/include/drone_controller_vrep/OIAC.hpp:19:31:[m[K [01;31m[Kerror: [m[Kclass template placeholder ‘[01m[Kstd::valarray[m[K’ not permitted in this context
[0.477s]    19 |     std::valarray calculate_D([01;31m[Kstd[m[K::valarray, std::valarray);
[0.477s]       |                               [01;31m[K^~~[m[K
[0.477s] [01m[K/home/zain/Projects/MasterThesis/src/drone_controller_vrep/include/drone_controller_vrep/OIAC.hpp:19:46:[m[K [01;31m[Kerror: [m[Kclass template placeholder ‘[01m[Kstd::valarray[m[K’ not permitted in this context
[0.477s]    19 |     std::valarray calculate_D(std::valarray, [01;31m[Kstd[m[K::valarray);
[0.477s]       |                                              [01;31m[K^~~[m[K
[0.477s] [01m[K/home/zain/Projects/MasterThesis/src/drone_controller_vrep/include/drone_controller_vrep/OIAC.hpp:19:19:[m[K [01;31m[Kerror: [m[Kdeduced class type ‘[01m[Kvalarray[m[K’ in function return type
[0.477s]    19 |     std::valarray [01;31m[Kcalculate_D[m[K(std::valarray, std::valarray);
[0.477s]       |                   [01;31m[K^~~~~~~~~~~[m[K
[0.477s] In file included from [01m[K/usr/include/c++/11/array:41[m[K,
[0.477s]                  from [01m[K/usr/include/c++/11/tuple:39[m[K,
[0.477s]                  from [01m[K/usr/include/c++/11/functional:54[m[K,
[0.478s]                  from [01m[K/usr/include/c++/11/pstl/glue_algorithm_defs.h:13[m[K,
[0.478s]                  from [01m[K/usr/include/c++/11/algorithm:74[m[K,
[0.478s]                  from [01m[K/usr/include/c++/11/valarray:38[m[K,
[0.478s]                  from [01m[K/home/zain/Projects/MasterThesis/src/drone_controller_vrep/include/drone_controller_vrep/OIAC.hpp:2[m[K,
[0.478s]                  from [01m[K/home/zain/Projects/MasterThesis/src/drone_controller_vrep/src/OIAC.cpp:1[m[K:
[0.478s] [01m[K/usr/include/c++/11/bits/range_access.h:105:32:[m[K [01;36m[Knote: [m[K‘[01m[Ktemplate<class _Tp> class std::valarray[m[K’ declared here
[0.478s]   105 |   template<typename _Tp> class [01;36m[Kvalarray[m[K;
[0.478s]       |                                [01;36m[K^~~~~~~~[m[K
[0.478s] In file included from [01m[K/home/zain/Projects/MasterThesis/src/drone_controller_vrep/src/OIAC.cpp:1[m[K:
[0.478s] [01m[K/home/zain/Projects/MasterThesis/src/drone_controller_vrep/include/drone_controller_vrep/OIAC.hpp:23:47:[m[K [01;31m[Kerror: [m[Kclass template placeholder ‘[01m[Kstd::valarray[m[K’ not permitted in this context
[0.478s]    23 |         OIAC(double a, double b, double beta, [01;31m[Kstd[m[K::valarray feedforward);
[0.478s]       |                                               [01;31m[K^~~[m[K
[0.478s] [01m[K/home/zain/Projects/MasterThesis/src/drone_controller_vrep/include/drone_controller_vrep/OIAC.hpp:25:87:[m[K [01;31m[Kerror: [m[Kclass template placeholder ‘[01m[Kstd::valarray[m[K’ not permitted in this context
[0.478s]    25 |         OIAC(double a, double b, double beta, double lower_bound, double upper_bound, [01;31m[Kstd[m[K::valarray feedforward);
[0.478s]       |                                                                                       [01;31m[K^~~[m[K
[0.479s] [01m[K/home/zain/Projects/MasterThesis/src/drone_controller_vrep/include/drone_controller_vrep/OIAC.hpp:25:9:[m[K [01;31m[Kerror: [m[K‘[01m[KOIAC::OIAC(...)[m[K’ cannot be overloaded with ‘[01m[KOIAC::OIAC(...)[m[K’
[0.479s]    25 |         [01;31m[KOIAC[m[K(double a, double b, double beta, double lower_bound, double upper_bound, std::valarray feedforward);
[0.479s]       |         [01;31m[K^~~~[m[K
[0.479s] [01m[K/home/zain/Projects/MasterThesis/src/drone_controller_vrep/include/drone_controller_vrep/OIAC.hpp:23:9:[m[K [01;36m[Knote: [m[Kprevious declaration ‘[01m[KOIAC::OIAC(...)[m[K’
[0.479s]    23 |         [01;36m[KOIAC[m[K(double a, double b, double beta, std::valarray feedforward);
[0.479s]       |         [01;36m[K^~~~[m[K
[0.479s] [01m[K/home/zain/Projects/MasterThesis/src/drone_controller_vrep/include/drone_controller_vrep/OIAC.hpp:26:30:[m[K [01;31m[Kerror: [m[Kclass template placeholder ‘[01m[Kstd::valarray[m[K’ not permitted in this context
[0.479s]    26 |         void set_feedforward([01;31m[Kstd[m[K::valarray);
[0.479s]       |                              [01;31m[K^~~[m[K
[0.479s] [01m[K/home/zain/Projects/MasterThesis/src/drone_controller_vrep/include/drone_controller_vrep/OIAC.hpp:28:32:[m[K [01;31m[Kerror: [m[Kclass template placeholder ‘[01m[Kstd::valarray[m[K’ not permitted in this context
[0.479s]    28 |         std::valarray run_once([01;31m[Kstd[m[K::valarray,
[0.479s]       |                                [01;31m[K^~~[m[K
[0.479s] [01m[K/home/zain/Projects/MasterThesis/src/drone_controller_vrep/include/drone_controller_vrep/OIAC.hpp:29:35:[m[K [01;31m[Kerror: [m[Kclass template placeholder ‘[01m[Kstd::valarray[m[K’ not permitted in this context
[0.479s]    29 |                                   [01;31m[Kstd[m[K::valarray,
[0.479s]       |                                   [01;31m[K^~~[m[K
[0.480s] [01m[K/home/zain/Projects/MasterThesis/src/drone_controller_vrep/include/drone_controller_vrep/OIAC.hpp:30:35:[m[K [01;31m[Kerror: [m[Kclass template placeholder ‘[01m[Kstd::valarray[m[K’ not permitted in this context
[0.480s]    30 |                                   [01;31m[Kstd[m[K::valarray,
[0.480s]       |                                   [01;31m[K^~~[m[K
[0.480s] [01m[K/home/zain/Projects/MasterThesis/src/drone_controller_vrep/include/drone_controller_vrep/OIAC.hpp:31:35:[m[K [01;31m[Kerror: [m[Kclass template placeholder ‘[01m[Kstd::valarray[m[K’ not permitted in this context
[0.480s]    31 |                                   [01;31m[Kstd[m[K::valarray
[0.480s]       |                                   [01;31m[K^~~[m[K
[0.480s] [01m[K/home/zain/Projects/MasterThesis/src/drone_controller_vrep/include/drone_controller_vrep/OIAC.hpp:28:23:[m[K [01;31m[Kerror: [m[Kdeduced class type ‘[01m[Kvalarray[m[K’ in function return type
[0.480s]    28 |         std::valarray [01;31m[Krun_once[m[K(std::valarray,
[0.480s]       |                       [01;31m[K^~~~~~~~[m[K
[0.480s] In file included from [01m[K/usr/include/c++/11/array:41[m[K,
[0.480s]                  from [01m[K/usr/include/c++/11/tuple:39[m[K,
[0.480s]                  from [01m[K/usr/include/c++/11/functional:54[m[K,
[0.480s]                  from [01m[K/usr/include/c++/11/pstl/glue_algorithm_defs.h:13[m[K,
[0.480s]                  from [01m[K/usr/include/c++/11/algorithm:74[m[K,
[0.480s]                  from [01m[K/usr/include/c++/11/valarray:38[m[K,
[0.480s]                  from [01m[K/home/zain/Projects/MasterThesis/src/drone_controller_vrep/include/drone_controller_vrep/OIAC.hpp:2[m[K,
[0.480s]                  from [01m[K/home/zain/Projects/MasterThesis/src/drone_controller_vrep/src/OIAC.cpp:1[m[K:
[0.480s] [01m[K/usr/include/c++/11/bits/range_access.h:105:32:[m[K [01;36m[Knote: [m[K‘[01m[Ktemplate<class _Tp> class std::valarray[m[K’ declared here
[0.481s]   105 |   template<typename _Tp> class [01;36m[Kvalarray[m[K;
[0.481s]       |                                [01;36m[K^~~~~~~~[m[K
[0.481s] [01m[K/home/zain/Projects/MasterThesis/src/drone_controller_vrep/src/OIAC.cpp:[m[K In constructor ‘[01m[KOIAC::OIAC(double, double, double)[m[K’:
[0.481s] [01m[K/home/zain/Projects/MasterThesis/src/drone_controller_vrep/src/OIAC.cpp:9:20:[m[K [01;31m[Kerror: [m[Kinvalid use of brace-enclosed initializer list
[0.481s]     9 |     [01;31m[Kset_feedforward({0.0})[m[K;
[0.481s]       |     [01;31m[K~~~~~~~~~~~~~~~^~~~~~~[m[K
[0.481s] [01m[K/home/zain/Projects/MasterThesis/src/drone_controller_vrep/src/OIAC.cpp:[m[K At global scope:
[0.481s] [01m[K/home/zain/Projects/MasterThesis/src/drone_controller_vrep/src/OIAC.cpp:12:45:[m[K [01;31m[Kerror: [m[Kclass template placeholder ‘[01m[Kstd::valarray[m[K’ not permitted in this context
[0.481s]    12 | OIAC::OIAC(double a, double b, double beta, [01;31m[Kstd[m[K::valarray feedforward)
[0.481s]       |                                             [01;31m[K^~~[m[K
[0.481s] [01m[K/home/zain/Projects/MasterThesis/src/drone_controller_vrep/src/OIAC.cpp:[m[K In constructor ‘[01m[KOIAC::OIAC(...)[m[K’:
[0.481s] [01m[K/home/zain/Projects/MasterThesis/src/drone_controller_vrep/src/OIAC.cpp:18:21:[m[K [01;31m[Kerror: [m[K‘[01m[Kfeedforward[m[K’ was not declared in this scope; did you mean ‘[01m[K_feedforward[m[K’?
[0.481s]    18 |     set_feedforward([01;31m[Kfeedforward[m[K);
[0.482s]       |                     [01;31m[K^~~~~~~~~~~[m[K
[0.482s]       |                     [32m[K_feedforward[m[K
[0.482s] [01m[K/home/zain/Projects/MasterThesis/src/drone_controller_vrep/src/OIAC.cpp:[m[K In constructor ‘[01m[KOIAC::OIAC(double, double, double, double, double)[m[K’:
[0.482s] [01m[K/home/zain/Projects/MasterThesis/src/drone_controller_vrep/src/OIAC.cpp:27:20:[m[K [01;31m[Kerror: [m[Kinvalid use of brace-enclosed initializer list
[0.482s]    27 |     [01;31m[Kset_feedforward({0.0})[m[K;
[0.482s]       |     [01;31m[K~~~~~~~~~~~~~~~^~~~~~~[m[K
[0.482s] [01m[K/home/zain/Projects/MasterThesis/src/drone_controller_vrep/src/OIAC.cpp:[m[K At global scope:
[0.482s] [01m[K/home/zain/Projects/MasterThesis/src/drone_controller_vrep/src/OIAC.cpp:30:85:[m[K [01;31m[Kerror: [m[Kclass template placeholder ‘[01m[Kstd::valarray[m[K’ not permitted in this context
[0.482s]    30 | OIAC::OIAC(double a, double b, double beta, double lower_bound, double upper_bound, [01;31m[Kstd[m[K::valarray feedforward)
[0.482s]       |                                                                                     [01;31m[K^~~[m[K
[0.482s] [01m[K/home/zain/Projects/MasterThesis/src/drone_controller_vrep/src/OIAC.cpp:30:1:[m[K [01;31m[Kerror: [m[Kredefinition of ‘[01m[KOIAC::OIAC(...)[m[K’
[0.483s]    30 | [01;31m[KOIAC[m[K::OIAC(double a, double b, double beta, double lower_bound, double upper_bound, std::valarray feedforward)
[0.483s]       | [01;31m[K^~~~[m[K
[0.483s] [01m[K/home/zain/Projects/MasterThesis/src/drone_controller_vrep/src/OIAC.cpp:12:1:[m[K [01;36m[Knote: [m[K‘[01m[KOIAC::OIAC(...)[m[K’ previously defined here
[0.483s]    12 | [01;36m[KOIAC[m[K::OIAC(double a, double b, double beta, std::valarray feedforward)
[0.483s]       | [01;36m[K^~~~[m[K
[0.483s] [01m[K/home/zain/Projects/MasterThesis/src/drone_controller_vrep/src/OIAC.cpp:39:28:[m[K [01;31m[Kerror: [m[Kclass template placeholder ‘[01m[Kstd::valarray[m[K’ not permitted in this context
[0.483s]    39 | void OIAC::set_feedforward([01;31m[Kstd[m[K::valarray vector)
[0.483s]       |                            [01;31m[K^~~[m[K
[0.483s] [01m[K/home/zain/Projects/MasterThesis/src/drone_controller_vrep/src/OIAC.cpp:[m[K In member function ‘[01m[Kvoid OIAC::set_feedforward(...)[m[K’:
[0.483s] [01m[K/home/zain/Projects/MasterThesis/src/drone_controller_vrep/src/OIAC.cpp:41:20:[m[K [01;31m[Kerror: [m[K‘[01m[Kvector[m[K’ was not declared in this scope
[0.483s]    41 |     _feedforward = [01;31m[Kvector[m[K;
[0.483s]       |                    [01;31m[K^~~~~~[m[K
[0.483s] [01m[K/home/zain/Projects/MasterThesis/src/drone_controller_vrep/src/OIAC.cpp:41:20:[m[K [01;36m[Knote: [m[Ksuggested alternatives:
[0.483s] In file included from [01m[K/usr/include/c++/11/vector:67[m[K,
[0.483s]                  from [01m[K/usr/include/c++/11/functional:62[m[K,
[0.483s]                  from [01m[K/usr/include/c++/11/pstl/glue_algorithm_defs.h:13[m[K,
[0.483s]                  from [01m[K/usr/include/c++/11/algorithm:74[m[K,
[0.483s]                  from [01m[K/usr/include/c++/11/valarray:38[m[K,
[0.483s]                  from [01m[K/home/zain/Projects/MasterThesis/src/drone_controller_vrep/include/drone_controller_vrep/OIAC.hpp:2[m[K,
[0.484s]                  from [01m[K/home/zain/Projects/MasterThesis/src/drone_controller_vrep/src/OIAC.cpp:1[m[K:
[0.484s] [01m[K/usr/include/c++/11/bits/stl_vector.h:389:11:[m[K [01;36m[Knote: [m[K  ‘[01m[Kstd::vector[m[K’
[0.484s]   389 |     class [01;36m[Kvector[m[K : protected _Vector_base<_Tp, _Alloc>
[0.484s]       |           [01;36m[K^~~~~~[m[K
[0.484s] In file included from [01m[K/usr/include/c++/11/functional:62[m[K,
[0.484s]                  from [01m[K/usr/include/c++/11/pstl/glue_algorithm_defs.h:13[m[K,
[0.484s]                  from [01m[K/usr/include/c++/11/algorithm:74[m[K,
[0.484s]                  from [01m[K/usr/include/c++/11/valarray:38[m[K,
[0.484s]                  from [01m[K/home/zain/Projects/MasterThesis/src/drone_controller_vrep/include/drone_controller_vrep/OIAC.hpp:2[m[K,
[0.484s]                  from [01m[K/home/zain/Projects/MasterThesis/src/drone_controller_vrep/src/OIAC.cpp:1[m[K:
[0.484s] [01m[K/usr/include/c++/11/vector:86:13:[m[K [01;36m[Knote: [m[K  ‘[01m[Kstd::pmr::vector[m[K’
[0.484s]    86 |       using [01;36m[Kvector[m[K = std::vector<_Tp, polymorphic_allocator<_Tp>>;
[0.484s]       |             [01;36m[K^~~~~~[m[K
[0.516s] gmake[2]: *** [CMakeFiles/drone_feedback_controller_node.dir/build.make:90: CMakeFiles/drone_feedback_controller_node.dir/src/OIAC.cpp.o] Error 1
[0.516s] gmake[2]: *** Waiting for unfinished jobs....
[3.241s] [01m[K/home/zain/Projects/MasterThesis/src/drone_controller_vrep/src/drone_feedback_controller.cpp:[m[K In constructor ‘[01m[KDroneFeedbackController::DroneFeedbackController()[m[K’:
[3.241s] [01m[K/home/zain/Projects/MasterThesis/src/drone_controller_vrep/src/drone_feedback_controller.cpp:7:92:[m[K [01;31m[Kerror: [m[K‘[01m[K_1[m[K’ was not declared in this scope; did you mean ‘[01m[Kstd::placeholders::_1[m[K’?
[3.241s]     7 |       "/Current_local_position", 10, std::bind(&DroneFeedbackController::drone_pose, this, [01;31m[K_1[m[K));
[3.241s]       |                                                                                            [01;31m[K^~[m[K
[3.241s]       |                                                                                            [32m[Kstd::placeholders::_1[m[K
[3.241s] In file included from [01m[K/opt/anaconda3/envs/MasterThesis/include/boost/system/detail/error_category.hpp:18[m[K,
[3.241s]                  from [01m[K/opt/anaconda3/envs/MasterThesis/include/boost/system/detail/error_code.hpp:14[m[K,
[3.241s]                  from [01m[K/opt/anaconda3/envs/MasterThesis/include/boost/system/error_code.hpp:13[m[K,
[3.241s]                  from [01m[K/opt/anaconda3/envs/MasterThesis/include/boost/chrono/detail/system.hpp:11[m[K,
[3.241s]                  from [01m[K/opt/anaconda3/envs/MasterThesis/include/boost/chrono/system_clocks.hpp:64[m[K,
[3.241s]                  from [01m[K/opt/anaconda3/envs/MasterThesis/include/boost/chrono/chrono.hpp:13[m[K,
[3.241s]                  from [01m[K/opt/anaconda3/envs/MasterThesis/include/boost/chrono/include.hpp:15[m[K,
[3.241s]                  from [01m[K/opt/anaconda3/envs/MasterThesis/include/boost/chrono.hpp:17[m[K,
[3.241s]                  from [01m[K/home/zain/Projects/MasterThesis/src/drone_controller_vrep/include/drone_controller_vrep/drone_feedback_controller.hpp:1[m[K,
[3.241s]                  from [01m[K/home/zain/Projects/MasterThesis/src/drone_controller_vrep/src/drone_feedback_controller.cpp:1[m[K:
[3.242s] [01m[K/usr/include/c++/11/functional:225:34:[m[K [01;36m[Knote: [m[K‘[01m[Kstd::placeholders::_1[m[K’ declared here
[3.242s]   225 |     extern const _Placeholder<1> [01;36m[K_1[m[K;
[3.242s]       |                                  [01;36m[K^~[m[K
[3.242s] [01m[K/home/zain/Projects/MasterThesis/src/drone_controller_vrep/src/drone_feedback_controller.cpp:9:76:[m[K [01;31m[Kerror: [m[K‘[01m[Kdrone_velocity[m[K’ is not a member of ‘[01m[KDroneFeedbackController[m[K’
[3.242s]     9 |         "/Current_local_velocity", 10, std::bind(&DroneFeedbackController::[01;31m[Kdrone_velocity[m[K, this, _1));
[3.242s]       |                                                                            [01;31m[K^~~~~~~~~~~~~~[m[K
[3.242s] In file included from [01m[K/opt/ros/humble/include/rclcpp/rclcpp/logging.hpp:24[m[K,
[3.242s]                  from [01m[K/opt/ros/humble/include/rclcpp/rclcpp/client.hpp:40[m[K,
[3.242s]                  from [01m[K/opt/ros/humble/include/rclcpp/rclcpp/callback_group.hpp:24[m[K,
[3.242s]                  from [01m[K/opt/ros/humble/include/rclcpp/rclcpp/any_executable.hpp:20[m[K,
[3.242s]                  from [01m[K/opt/ros/humble/include/rclcpp/rclcpp/memory_strategy.hpp:25[m[K,
[3.242s]                  from [01m[K/opt/ros/humble/include/rclcpp/rclcpp/memory_strategies.hpp:18[m[K,
[3.242s]                  from [01m[K/opt/ros/humble/include/rclcpp/rclcpp/executor_options.hpp:20[m[K,
[3.242s]                  from [01m[K/opt/ros/humble/include/rclcpp/rclcpp/executor.hpp:37[m[K,
[3.242s]                  from [01m[K/opt/ros/humble/include/rclcpp/rclcpp/executors/multi_threaded_executor.hpp:25[m[K,
[3.242s]                  from [01m[K/opt/ros/humble/include/rclcpp/rclcpp/executors.hpp:21[m[K,
[3.242s]                  from [01m[K/opt/ros/humble/include/rclcpp/rclcpp/rclcpp.hpp:155[m[K,
[3.242s]                  from [01m[K/home/zain/Projects/MasterThesis/src/drone_controller_vrep/include/drone_controller_vrep/drone_feedback_controller.hpp:6[m[K,
[3.242s]                  from [01m[K/home/zain/Projects/MasterThesis/src/drone_controller_vrep/src/drone_feedback_controller.cpp:1[m[K:
[3.243s] [01m[K/home/zain/Projects/MasterThesis/src/drone_controller_vrep/src/drone_feedback_controller.cpp:[m[K In member function ‘[01m[Kvoid DroneFeedbackController::drone_pose(const PoseStamped&) const[m[K’:
[3.243s] [01m[K/home/zain/Projects/MasterThesis/src/drone_controller_vrep/src/drone_feedback_controller.cpp:16:60:[m[K [01;31m[Kerror: [m[K‘[01m[Kconst PoseStamped[m[K’ {aka ‘[01m[Kconst struct geometry_msgs::msg::PoseStamped_<std::allocator<void> >[m[K’} has no member named ‘[01m[Kdata[m[K’
[3.243s]    16 |       RCLCPP_INFO(this->get_logger(), "I heard: '%s'", msg.[01;31m[Kdata[m[K.c_str());
[3.243s]       |                                                            [01;31m[K^~~~[m[K
[3.991s] gmake[2]: *** [CMakeFiles/drone_feedback_controller_node.dir/build.make:76: CMakeFiles/drone_feedback_controller_node.dir/src/drone_feedback_controller.cpp.o] Error 1
[3.991s] gmake[1]: *** [CMakeFiles/Makefile2:137: CMakeFiles/drone_feedback_controller_node.dir/all] Error 2
[3.991s] gmake: *** [Makefile:146: all] Error 2
[3.995s] Invoked command in '/home/zain/Projects/MasterThesis/build/drone_controller_vrep' returned '2': CMAKE_PREFIX_PATH=/opt/ros/humble CONDA_PROMPT_MODIFIER=(MasterThesis) /usr/local/bin/cmake --build /home/zain/Projects/MasterThesis/build/drone_controller_vrep -- -j16 -l16
