[1.275s] DEBUG:colcon:Command line arguments: ['/usr/bin/colcon', 'build', '--packages-select', 'drone_controller_vrep']
[1.275s] DEBUG:colcon:Parsed command line arguments: Namespace(log_base=None, log_level=None, verb_name='build', build_base='build', install_base='install', merge_install=False, symlink_install=False, test_result_base=None, continue_on_error=False, executor='parallel', parallel_workers=16, event_handlers=None, ignore_user_meta=False, metas=['./colcon.meta'], base_paths=['.'], packages_ignore=None, packages_ignore_regex=None, paths=None, packages_up_to=None, packages_up_to_regex=None, packages_above=None, packages_above_and_dependencies=None, packages_above_depth=None, packages_select_by_dep=None, packages_skip_by_dep=None, packages_skip_up_to=None, packages_select_build_failed=False, packages_skip_build_finished=False, packages_select_test_failures=False, packages_skip_test_passed=False, packages_select=['drone_controller_vrep'], packages_skip=None, packages_select_regex=None, packages_skip_regex=None, packages_start=None, packages_end=None, allow_overriding=[], cmake_args=None, cmake_target=None, cmake_target_skip_unavailable=False, cmake_clean_cache=False, cmake_clean_first=False, cmake_force_configure=False, ament_cmake_args=None, catkin_cmake_args=None, catkin_skip_building_tests=False, verb_parser=<colcon_defaults.argument_parser.defaults.DefaultArgumentsDecorator object at 0x7ff8ea68b9a0>, verb_extension=<colcon_core.verb.build.BuildVerb object at 0x7ff8eb7cfe80>, main=<bound method BuildVerb.main of <colcon_core.verb.build.BuildVerb object at 0x7ff8eb7cfe80>>)
[1.333s] Level 1:colcon.colcon_core.package_discovery:discover_packages(colcon_meta) check parameters
[1.333s] Level 1:colcon.colcon_core.package_discovery:discover_packages(recursive) check parameters
[1.333s] Level 1:colcon.colcon_core.package_discovery:discover_packages(ignore) check parameters
[1.333s] Level 1:colcon.colcon_core.package_discovery:discover_packages(path) check parameters
[1.333s] Level 1:colcon.colcon_core.package_discovery:discover_packages(colcon_meta) discover
[1.333s] Level 1:colcon.colcon_core.package_discovery:discover_packages(recursive) discover
[1.333s] INFO:colcon.colcon_core.package_discovery:Crawling recursively for packages in '/home/zain/Projects/MasterThesis'
[1.333s] Level 1:colcon.colcon_core.package_identification:_identify(.) by extensions ['ignore', 'ignore_ament_install']
[1.333s] Level 1:colcon.colcon_core.package_identification:_identify(.) by extension 'ignore'
[1.333s] Level 1:colcon.colcon_core.package_identification:_identify(.) by extension 'ignore_ament_install'
[1.333s] Level 1:colcon.colcon_core.package_identification:_identify(.) by extensions ['colcon_pkg']
[1.333s] Level 1:colcon.colcon_core.package_identification:_identify(.) by extension 'colcon_pkg'
[1.333s] Level 1:colcon.colcon_core.package_identification:_identify(.) by extensions ['colcon_meta']
[1.333s] Level 1:colcon.colcon_core.package_identification:_identify(.) by extension 'colcon_meta'
[1.333s] Level 1:colcon.colcon_core.package_identification:_identify(.) by extensions ['ros']
[1.334s] Level 1:colcon.colcon_core.package_identification:_identify(.) by extension 'ros'
[1.348s] Level 1:colcon.colcon_core.package_identification:_identify(.) by extensions ['cmake', 'python']
[1.348s] Level 1:colcon.colcon_core.package_identification:_identify(.) by extension 'cmake'
[1.349s] Level 1:colcon.colcon_core.package_identification:_identify(.) by extension 'python'
[1.349s] Level 1:colcon.colcon_core.package_identification:_identify(.) by extensions ['python_setup_py']
[1.349s] Level 1:colcon.colcon_core.package_identification:_identify(.) by extension 'python_setup_py'
[1.349s] Level 1:colcon.colcon_core.package_identification:_identify(Minimal trajectory generator) by extensions ['ignore', 'ignore_ament_install']
[1.349s] Level 1:colcon.colcon_core.package_identification:_identify(Minimal trajectory generator) by extension 'ignore'
[1.349s] Level 1:colcon.colcon_core.package_identification:_identify(Minimal trajectory generator) by extension 'ignore_ament_install'
[1.349s] Level 1:colcon.colcon_core.package_identification:_identify(Minimal trajectory generator) by extensions ['colcon_pkg']
[1.349s] Level 1:colcon.colcon_core.package_identification:_identify(Minimal trajectory generator) by extension 'colcon_pkg'
[1.349s] Level 1:colcon.colcon_core.package_identification:_identify(Minimal trajectory generator) by extensions ['colcon_meta']
[1.349s] Level 1:colcon.colcon_core.package_identification:_identify(Minimal trajectory generator) by extension 'colcon_meta'
[1.349s] Level 1:colcon.colcon_core.package_identification:_identify(Minimal trajectory generator) by extensions ['ros']
[1.349s] Level 1:colcon.colcon_core.package_identification:_identify(Minimal trajectory generator) by extension 'ros'
[1.349s] Level 1:colcon.colcon_core.package_identification:_identify(Minimal trajectory generator) by extensions ['cmake', 'python']
[1.349s] Level 1:colcon.colcon_core.package_identification:_identify(Minimal trajectory generator) by extension 'cmake'
[1.349s] Level 1:colcon.colcon_core.package_identification:_identify(Minimal trajectory generator) by extension 'python'
[1.349s] Level 1:colcon.colcon_core.package_identification:_identify(Minimal trajectory generator) by extensions ['python_setup_py']
[1.350s] Level 1:colcon.colcon_core.package_identification:_identify(Minimal trajectory generator) by extension 'python_setup_py'
[1.350s] Level 1:colcon.colcon_core.package_identification:_identify(Minimal trajectory generator/__pycache__) by extensions ['ignore', 'ignore_ament_install']
[1.350s] Level 1:colcon.colcon_core.package_identification:_identify(Minimal trajectory generator/__pycache__) by extension 'ignore'
[1.350s] Level 1:colcon.colcon_core.package_identification:_identify(Minimal trajectory generator/__pycache__) by extension 'ignore_ament_install'
[1.350s] Level 1:colcon.colcon_core.package_identification:_identify(Minimal trajectory generator/__pycache__) by extensions ['colcon_pkg']
[1.350s] Level 1:colcon.colcon_core.package_identification:_identify(Minimal trajectory generator/__pycache__) by extension 'colcon_pkg'
[1.350s] Level 1:colcon.colcon_core.package_identification:_identify(Minimal trajectory generator/__pycache__) by extensions ['colcon_meta']
[1.350s] Level 1:colcon.colcon_core.package_identification:_identify(Minimal trajectory generator/__pycache__) by extension 'colcon_meta'
[1.350s] Level 1:colcon.colcon_core.package_identification:_identify(Minimal trajectory generator/__pycache__) by extensions ['ros']
[1.350s] Level 1:colcon.colcon_core.package_identification:_identify(Minimal trajectory generator/__pycache__) by extension 'ros'
[1.350s] Level 1:colcon.colcon_core.package_identification:_identify(Minimal trajectory generator/__pycache__) by extensions ['cmake', 'python']
[1.350s] Level 1:colcon.colcon_core.package_identification:_identify(Minimal trajectory generator/__pycache__) by extension 'cmake'
[1.350s] Level 1:colcon.colcon_core.package_identification:_identify(Minimal trajectory generator/__pycache__) by extension 'python'
[1.350s] Level 1:colcon.colcon_core.package_identification:_identify(Minimal trajectory generator/__pycache__) by extensions ['python_setup_py']
[1.350s] Level 1:colcon.colcon_core.package_identification:_identify(Minimal trajectory generator/__pycache__) by extension 'python_setup_py'
[1.350s] Level 1:colcon.colcon_core.package_identification:_identify(Minimal trajectory generator/htmlcov) by extensions ['ignore', 'ignore_ament_install']
[1.350s] Level 1:colcon.colcon_core.package_identification:_identify(Minimal trajectory generator/htmlcov) by extension 'ignore'
[1.351s] Level 1:colcon.colcon_core.package_identification:_identify(Minimal trajectory generator/htmlcov) by extension 'ignore_ament_install'
[1.351s] Level 1:colcon.colcon_core.package_identification:_identify(Minimal trajectory generator/htmlcov) by extensions ['colcon_pkg']
[1.351s] Level 1:colcon.colcon_core.package_identification:_identify(Minimal trajectory generator/htmlcov) by extension 'colcon_pkg'
[1.351s] Level 1:colcon.colcon_core.package_identification:_identify(Minimal trajectory generator/htmlcov) by extensions ['colcon_meta']
[1.351s] Level 1:colcon.colcon_core.package_identification:_identify(Minimal trajectory generator/htmlcov) by extension 'colcon_meta'
[1.351s] Level 1:colcon.colcon_core.package_identification:_identify(Minimal trajectory generator/htmlcov) by extensions ['ros']
[1.351s] Level 1:colcon.colcon_core.package_identification:_identify(Minimal trajectory generator/htmlcov) by extension 'ros'
[1.351s] Level 1:colcon.colcon_core.package_identification:_identify(Minimal trajectory generator/htmlcov) by extensions ['cmake', 'python']
[1.351s] Level 1:colcon.colcon_core.package_identification:_identify(Minimal trajectory generator/htmlcov) by extension 'cmake'
[1.351s] Level 1:colcon.colcon_core.package_identification:_identify(Minimal trajectory generator/htmlcov) by extension 'python'
[1.351s] Level 1:colcon.colcon_core.package_identification:_identify(Minimal trajectory generator/htmlcov) by extensions ['python_setup_py']
[1.351s] Level 1:colcon.colcon_core.package_identification:_identify(Minimal trajectory generator/htmlcov) by extension 'python_setup_py'
[1.351s] Level 1:colcon.colcon_core.package_identification:_identify(Minimal trajectory generator/old) by extensions ['ignore', 'ignore_ament_install']
[1.351s] Level 1:colcon.colcon_core.package_identification:_identify(Minimal trajectory generator/old) by extension 'ignore'
[1.351s] Level 1:colcon.colcon_core.package_identification:_identify(Minimal trajectory generator/old) by extension 'ignore_ament_install'
[1.351s] Level 1:colcon.colcon_core.package_identification:_identify(Minimal trajectory generator/old) by extensions ['colcon_pkg']
[1.351s] Level 1:colcon.colcon_core.package_identification:_identify(Minimal trajectory generator/old) by extension 'colcon_pkg'
[1.351s] Level 1:colcon.colcon_core.package_identification:_identify(Minimal trajectory generator/old) by extensions ['colcon_meta']
[1.351s] Level 1:colcon.colcon_core.package_identification:_identify(Minimal trajectory generator/old) by extension 'colcon_meta'
[1.351s] Level 1:colcon.colcon_core.package_identification:_identify(Minimal trajectory generator/old) by extensions ['ros']
[1.351s] Level 1:colcon.colcon_core.package_identification:_identify(Minimal trajectory generator/old) by extension 'ros'
[1.352s] Level 1:colcon.colcon_core.package_identification:_identify(Minimal trajectory generator/old) by extensions ['cmake', 'python']
[1.352s] Level 1:colcon.colcon_core.package_identification:_identify(Minimal trajectory generator/old) by extension 'cmake'
[1.352s] Level 1:colcon.colcon_core.package_identification:_identify(Minimal trajectory generator/old) by extension 'python'
[1.352s] Level 1:colcon.colcon_core.package_identification:_identify(Minimal trajectory generator/old) by extensions ['python_setup_py']
[1.352s] Level 1:colcon.colcon_core.package_identification:_identify(Minimal trajectory generator/old) by extension 'python_setup_py'
[1.352s] Level 1:colcon.colcon_core.package_identification:_identify(Minimal trajectory generator/old/__pycache__) by extensions ['ignore', 'ignore_ament_install']
[1.352s] Level 1:colcon.colcon_core.package_identification:_identify(Minimal trajectory generator/old/__pycache__) by extension 'ignore'
[1.352s] Level 1:colcon.colcon_core.package_identification:_identify(Minimal trajectory generator/old/__pycache__) by extension 'ignore_ament_install'
[1.352s] Level 1:colcon.colcon_core.package_identification:_identify(Minimal trajectory generator/old/__pycache__) by extensions ['colcon_pkg']
[1.352s] Level 1:colcon.colcon_core.package_identification:_identify(Minimal trajectory generator/old/__pycache__) by extension 'colcon_pkg'
[1.352s] Level 1:colcon.colcon_core.package_identification:_identify(Minimal trajectory generator/old/__pycache__) by extensions ['colcon_meta']
[1.352s] Level 1:colcon.colcon_core.package_identification:_identify(Minimal trajectory generator/old/__pycache__) by extension 'colcon_meta'
[1.352s] Level 1:colcon.colcon_core.package_identification:_identify(Minimal trajectory generator/old/__pycache__) by extensions ['ros']
[1.352s] Level 1:colcon.colcon_core.package_identification:_identify(Minimal trajectory generator/old/__pycache__) by extension 'ros'
[1.352s] Level 1:colcon.colcon_core.package_identification:_identify(Minimal trajectory generator/old/__pycache__) by extensions ['cmake', 'python']
[1.352s] Level 1:colcon.colcon_core.package_identification:_identify(Minimal trajectory generator/old/__pycache__) by extension 'cmake'
[1.352s] Level 1:colcon.colcon_core.package_identification:_identify(Minimal trajectory generator/old/__pycache__) by extension 'python'
[1.352s] Level 1:colcon.colcon_core.package_identification:_identify(Minimal trajectory generator/old/__pycache__) by extensions ['python_setup_py']
[1.352s] Level 1:colcon.colcon_core.package_identification:_identify(Minimal trajectory generator/old/__pycache__) by extension 'python_setup_py'
[1.352s] Level 1:colcon.colcon_core.package_identification:_identify(Simulation) by extensions ['ignore', 'ignore_ament_install']
[1.353s] Level 1:colcon.colcon_core.package_identification:_identify(Simulation) by extension 'ignore'
[1.353s] Level 1:colcon.colcon_core.package_identification:_identify(Simulation) by extension 'ignore_ament_install'
[1.353s] Level 1:colcon.colcon_core.package_identification:_identify(Simulation) by extensions ['colcon_pkg']
[1.353s] Level 1:colcon.colcon_core.package_identification:_identify(Simulation) by extension 'colcon_pkg'
[1.353s] Level 1:colcon.colcon_core.package_identification:_identify(Simulation) by extensions ['colcon_meta']
[1.353s] Level 1:colcon.colcon_core.package_identification:_identify(Simulation) by extension 'colcon_meta'
[1.353s] Level 1:colcon.colcon_core.package_identification:_identify(Simulation) by extensions ['ros']
[1.353s] Level 1:colcon.colcon_core.package_identification:_identify(Simulation) by extension 'ros'
[1.353s] Level 1:colcon.colcon_core.package_identification:_identify(Simulation) by extensions ['cmake', 'python']
[1.353s] Level 1:colcon.colcon_core.package_identification:_identify(Simulation) by extension 'cmake'
[1.353s] Level 1:colcon.colcon_core.package_identification:_identify(Simulation) by extension 'python'
[1.353s] Level 1:colcon.colcon_core.package_identification:_identify(Simulation) by extensions ['python_setup_py']
[1.353s] Level 1:colcon.colcon_core.package_identification:_identify(Simulation) by extension 'python_setup_py'
[1.353s] Level 1:colcon.colcon_core.package_identification:_identify(build) by extensions ['ignore', 'ignore_ament_install']
[1.353s] Level 1:colcon.colcon_core.package_identification:_identify(build) by extension 'ignore'
[1.353s] Level 1:colcon.colcon_core.package_identification:_identify(build) ignored
[1.354s] Level 1:colcon.colcon_core.package_identification:_identify(install) by extensions ['ignore', 'ignore_ament_install']
[1.354s] Level 1:colcon.colcon_core.package_identification:_identify(install) by extension 'ignore'
[1.354s] Level 1:colcon.colcon_core.package_identification:_identify(install) ignored
[1.355s] Level 1:colcon.colcon_core.package_identification:_identify(log) by extensions ['ignore', 'ignore_ament_install']
[1.355s] Level 1:colcon.colcon_core.package_identification:_identify(log) by extension 'ignore'
[1.355s] Level 1:colcon.colcon_core.package_identification:_identify(log) ignored
[1.356s] Level 1:colcon.colcon_core.package_identification:_identify(src) by extensions ['ignore', 'ignore_ament_install']
[1.356s] Level 1:colcon.colcon_core.package_identification:_identify(src) by extension 'ignore'
[1.356s] Level 1:colcon.colcon_core.package_identification:_identify(src) by extension 'ignore_ament_install'
[1.356s] Level 1:colcon.colcon_core.package_identification:_identify(src) by extensions ['colcon_pkg']
[1.356s] Level 1:colcon.colcon_core.package_identification:_identify(src) by extension 'colcon_pkg'
[1.356s] Level 1:colcon.colcon_core.package_identification:_identify(src) by extensions ['colcon_meta']
[1.356s] Level 1:colcon.colcon_core.package_identification:_identify(src) by extension 'colcon_meta'
[1.357s] Level 1:colcon.colcon_core.package_identification:_identify(src) by extensions ['ros']
[1.357s] Level 1:colcon.colcon_core.package_identification:_identify(src) by extension 'ros'
[1.357s] Level 1:colcon.colcon_core.package_identification:_identify(src) by extensions ['cmake', 'python']
[1.357s] Level 1:colcon.colcon_core.package_identification:_identify(src) by extension 'cmake'
[1.357s] Level 1:colcon.colcon_core.package_identification:_identify(src) by extension 'python'
[1.357s] Level 1:colcon.colcon_core.package_identification:_identify(src) by extensions ['python_setup_py']
[1.357s] Level 1:colcon.colcon_core.package_identification:_identify(src) by extension 'python_setup_py'
[1.357s] Level 1:colcon.colcon_core.package_identification:_identify(src/drone_controller_vrep) by extensions ['ignore', 'ignore_ament_install']
[1.357s] Level 1:colcon.colcon_core.package_identification:_identify(src/drone_controller_vrep) by extension 'ignore'
[1.357s] Level 1:colcon.colcon_core.package_identification:_identify(src/drone_controller_vrep) by extension 'ignore_ament_install'
[1.357s] Level 1:colcon.colcon_core.package_identification:_identify(src/drone_controller_vrep) by extensions ['colcon_pkg']
[1.358s] Level 1:colcon.colcon_core.package_identification:_identify(src/drone_controller_vrep) by extension 'colcon_pkg'
[1.358s] Level 1:colcon.colcon_core.package_identification:_identify(src/drone_controller_vrep) by extensions ['colcon_meta']
[1.358s] Level 1:colcon.colcon_core.package_identification:_identify(src/drone_controller_vrep) by extension 'colcon_meta'
[1.358s] Level 1:colcon.colcon_core.package_identification:_identify(src/drone_controller_vrep) by extensions ['ros']
[1.358s] Level 1:colcon.colcon_core.package_identification:_identify(src/drone_controller_vrep) by extension 'ros'
[1.368s] DEBUG:colcon.colcon_core.package_identification:Package 'src/drone_controller_vrep' with type 'ros.ament_python' and name 'drone_controller_vrep'
[1.369s] Level 1:colcon.colcon_core.package_identification:_identify(src/sim_ros2_interface) by extensions ['ignore', 'ignore_ament_install']
[1.369s] Level 1:colcon.colcon_core.package_identification:_identify(src/sim_ros2_interface) by extension 'ignore'
[1.369s] Level 1:colcon.colcon_core.package_identification:_identify(src/sim_ros2_interface) by extension 'ignore_ament_install'
[1.369s] Level 1:colcon.colcon_core.package_identification:_identify(src/sim_ros2_interface) by extensions ['colcon_pkg']
[1.369s] Level 1:colcon.colcon_core.package_identification:_identify(src/sim_ros2_interface) by extension 'colcon_pkg'
[1.369s] Level 1:colcon.colcon_core.package_identification:_identify(src/sim_ros2_interface) by extensions ['colcon_meta']
[1.369s] Level 1:colcon.colcon_core.package_identification:_identify(src/sim_ros2_interface) by extension 'colcon_meta'
[1.369s] Level 1:colcon.colcon_core.package_identification:_identify(src/sim_ros2_interface) by extensions ['ros']
[1.369s] Level 1:colcon.colcon_core.package_identification:_identify(src/sim_ros2_interface) by extension 'ros'
[1.371s] DEBUG:colcon.colcon_core.package_identification:Package 'src/sim_ros2_interface' with type 'ros.ament_cmake' and name 'sim_ros2_interface'
[1.372s] Level 1:colcon.colcon_core.package_discovery:discover_packages(recursive) using defaults
[1.372s] Level 1:colcon.colcon_core.package_discovery:discover_packages(ignore) discover
[1.372s] Level 1:colcon.colcon_core.package_discovery:discover_packages(ignore) using defaults
[1.372s] Level 1:colcon.colcon_core.package_discovery:discover_packages(path) discover
[1.372s] Level 1:colcon.colcon_core.package_discovery:discover_packages(path) using defaults
[1.450s] INFO:colcon.colcon_core.package_selection:Skipping not selected package 'sim_ros2_interface' in 'src/sim_ros2_interface'
[1.487s] Level 1:colcon.colcon_core.package_discovery:discover_packages(prefix_path) check parameters
[1.487s] Level 1:colcon.colcon_core.package_discovery:discover_packages(prefix_path) discover
[1.527s] DEBUG:colcon.colcon_installed_package_information.package_discovery:Found 2 installed packages in /home/zain/Projects/MasterThesis/install
[1.547s] DEBUG:colcon.colcon_installed_package_information.package_discovery:Found 275 installed packages in /opt/ros/humble
[1.570s] Level 1:colcon.colcon_core.package_discovery:discover_packages(prefix_path) using defaults
[1.678s] Level 5:colcon.colcon_core.verb:set package 'drone_controller_vrep' build argument 'cmake_args' from command line to 'None'
[1.678s] Level 5:colcon.colcon_core.verb:set package 'drone_controller_vrep' build argument 'cmake_target' from command line to 'None'
[1.679s] Level 5:colcon.colcon_core.verb:set package 'drone_controller_vrep' build argument 'cmake_target_skip_unavailable' from command line to 'False'
[1.679s] Level 5:colcon.colcon_core.verb:set package 'drone_controller_vrep' build argument 'cmake_clean_cache' from command line to 'False'
[1.679s] Level 5:colcon.colcon_core.verb:set package 'drone_controller_vrep' build argument 'cmake_clean_first' from command line to 'False'
[1.679s] Level 5:colcon.colcon_core.verb:set package 'drone_controller_vrep' build argument 'cmake_force_configure' from command line to 'False'
[1.679s] Level 5:colcon.colcon_core.verb:set package 'drone_controller_vrep' build argument 'ament_cmake_args' from command line to 'None'
[1.679s] Level 5:colcon.colcon_core.verb:set package 'drone_controller_vrep' build argument 'catkin_cmake_args' from command line to 'None'
[1.679s] Level 5:colcon.colcon_core.verb:set package 'drone_controller_vrep' build argument 'catkin_skip_building_tests' from command line to 'False'
[1.679s] DEBUG:colcon.colcon_core.verb:Building package 'drone_controller_vrep' with the following arguments: {'ament_cmake_args': None, 'build_base': '/home/zain/Projects/MasterThesis/build/drone_controller_vrep', 'catkin_cmake_args': None, 'catkin_skip_building_tests': False, 'cmake_args': None, 'cmake_clean_cache': False, 'cmake_clean_first': False, 'cmake_force_configure': False, 'cmake_target': None, 'cmake_target_skip_unavailable': False, 'install_base': '/home/zain/Projects/MasterThesis/install/drone_controller_vrep', 'merge_install': False, 'path': '/home/zain/Projects/MasterThesis/src/drone_controller_vrep', 'symlink_install': False, 'test_result_base': None}
[1.700s] INFO:colcon.colcon_core.executor:Executing jobs using 'parallel' executor
[1.720s] DEBUG:colcon.colcon_parallel_executor.executor.parallel:run_until_complete
[1.721s] INFO:colcon.colcon_ros.task.ament_python.build:Building ROS package in '/home/zain/Projects/MasterThesis/src/drone_controller_vrep' with build type 'ament_python'
[1.721s] Level 1:colcon.colcon_core.shell:create_environment_hook('drone_controller_vrep', 'ament_prefix_path')
[1.743s] INFO:colcon.colcon_core.plugin_system:Skipping extension 'colcon_core.shell.bat': Not used on non-Windows systems
[1.743s] INFO:colcon.colcon_core.shell:Creating environment hook '/home/zain/Projects/MasterThesis/install/drone_controller_vrep/share/drone_controller_vrep/hook/ament_prefix_path.ps1'
[1.744s] INFO:colcon.colcon_core.shell:Creating environment descriptor '/home/zain/Projects/MasterThesis/install/drone_controller_vrep/share/drone_controller_vrep/hook/ament_prefix_path.dsv'
[1.745s] INFO:colcon.colcon_core.shell:Creating environment hook '/home/zain/Projects/MasterThesis/install/drone_controller_vrep/share/drone_controller_vrep/hook/ament_prefix_path.sh'
[1.766s] INFO:colcon.colcon_core.shell:Skip shell extension 'powershell' for command environment: Not usable outside of PowerShell
[1.766s] DEBUG:colcon.colcon_core.shell:Skip shell extension 'dsv' for command environment
[2.192s] INFO:colcon.colcon_core.task.python.build:Building Python package in '/home/zain/Projects/MasterThesis/src/drone_controller_vrep'
[2.216s] INFO:colcon.colcon_core.shell:Skip shell extension 'powershell' for command environment: Not usable outside of PowerShell
[2.216s] DEBUG:colcon.colcon_core.shell:Skip shell extension 'dsv' for command environment
[2.791s] DEBUG:colcon.colcon_core.event_handler.log_command:Invoking command in '/home/zain/Projects/MasterThesis/src/drone_controller_vrep': CONDA_PROMPT_MODIFIER=(MasterThesis) PYTHONPATH=/home/zain/Projects/MasterThesis/build/drone_controller_vrep/prefix_override:/home/zain/Projects/MasterThesis/install/drone_controller_vrep/lib/python3.10/site-packages:${PYTHONPATH} VSCODE_ENV_PREPEND=PATH=/home/zain/.modular/pkg/packages.modular.com_mojo/bin\x3a/opt/anaconda3/envs/MasterThesis/bin\x3a/opt/anaconda3/condabin\x3a/home/zain/bin\x3a/usr/local/bin\x3a/opt/gcc-arm-none-eabi-9-2020-q2-update/bin\x3a/home/zain/.cargo/bin\x3a/home/zain/.local/bin\x3a/usr/local/sbin\x3a/usr/local/bin\x3a/usr/sbin\x3a/usr/bin\x3a/sbin\x3a/bin\x3a/usr/games\x3a/usr/local/games\x3a/snap/bin\x3a:PS1=(MasterThesis) /usr/bin/python3 setup.py egg_info --egg-base ../../build/drone_controller_vrep build --build-base /home/zain/Projects/MasterThesis/build/drone_controller_vrep/build install --record /home/zain/Projects/MasterThesis/build/drone_controller_vrep/install.log --single-version-externally-managed
[3.180s] DEBUG:colcon.colcon_core.event_handler.log_command:Invoked command in '/home/zain/Projects/MasterThesis/src/drone_controller_vrep' returned '0': CONDA_PROMPT_MODIFIER=(MasterThesis) PYTHONPATH=/home/zain/Projects/MasterThesis/build/drone_controller_vrep/prefix_override:/home/zain/Projects/MasterThesis/install/drone_controller_vrep/lib/python3.10/site-packages:${PYTHONPATH} VSCODE_ENV_PREPEND=PATH=/home/zain/.modular/pkg/packages.modular.com_mojo/bin\x3a/opt/anaconda3/envs/MasterThesis/bin\x3a/opt/anaconda3/condabin\x3a/home/zain/bin\x3a/usr/local/bin\x3a/opt/gcc-arm-none-eabi-9-2020-q2-update/bin\x3a/home/zain/.cargo/bin\x3a/home/zain/.local/bin\x3a/usr/local/sbin\x3a/usr/local/bin\x3a/usr/sbin\x3a/usr/bin\x3a/sbin\x3a/bin\x3a/usr/games\x3a/usr/local/games\x3a/snap/bin\x3a:PS1=(MasterThesis) /usr/bin/python3 setup.py egg_info --egg-base ../../build/drone_controller_vrep build --build-base /home/zain/Projects/MasterThesis/build/drone_controller_vrep/build install --record /home/zain/Projects/MasterThesis/build/drone_controller_vrep/install.log --single-version-externally-managed
[3.202s] Level 1:colcon.colcon_core.environment:checking '/home/zain/Projects/MasterThesis/install/drone_controller_vrep' for CMake module files
[3.203s] Level 1:colcon.colcon_core.environment:checking '/home/zain/Projects/MasterThesis/install/drone_controller_vrep' for CMake config files
[3.204s] Level 1:colcon.colcon_core.environment:checking '/home/zain/Projects/MasterThesis/install/drone_controller_vrep/lib'
[3.204s] Level 1:colcon.colcon_core.environment:checking '/home/zain/Projects/MasterThesis/install/drone_controller_vrep/bin'
[3.204s] Level 1:colcon.colcon_core.environment:checking '/home/zain/Projects/MasterThesis/install/drone_controller_vrep/lib/pkgconfig/drone_controller_vrep.pc'
[3.204s] Level 1:colcon.colcon_core.environment:checking '/home/zain/Projects/MasterThesis/install/drone_controller_vrep/lib/python3.10/site-packages'
[3.204s] Level 1:colcon.colcon_core.shell:create_environment_hook('drone_controller_vrep', 'pythonpath')
[3.223s] INFO:colcon.colcon_core.shell:Creating environment hook '/home/zain/Projects/MasterThesis/install/drone_controller_vrep/share/drone_controller_vrep/hook/pythonpath.ps1'
[3.224s] INFO:colcon.colcon_core.shell:Creating environment descriptor '/home/zain/Projects/MasterThesis/install/drone_controller_vrep/share/drone_controller_vrep/hook/pythonpath.dsv'
[3.224s] INFO:colcon.colcon_core.shell:Creating environment hook '/home/zain/Projects/MasterThesis/install/drone_controller_vrep/share/drone_controller_vrep/hook/pythonpath.sh'
[3.226s] Level 1:colcon.colcon_core.environment:checking '/home/zain/Projects/MasterThesis/install/drone_controller_vrep/bin'
[3.226s] Level 1:colcon.colcon_core.environment:create_environment_scripts_only(drone_controller_vrep)
[3.246s] INFO:colcon.colcon_core.shell:Creating package script '/home/zain/Projects/MasterThesis/install/drone_controller_vrep/share/drone_controller_vrep/package.ps1'
[3.247s] INFO:colcon.colcon_core.shell:Creating package descriptor '/home/zain/Projects/MasterThesis/install/drone_controller_vrep/share/drone_controller_vrep/package.dsv'
[3.248s] INFO:colcon.colcon_core.shell:Creating package script '/home/zain/Projects/MasterThesis/install/drone_controller_vrep/share/drone_controller_vrep/package.sh'
[3.248s] INFO:colcon.colcon_core.shell:Creating package script '/home/zain/Projects/MasterThesis/install/drone_controller_vrep/share/drone_controller_vrep/package.bash'
[3.249s] INFO:colcon.colcon_core.shell:Creating package script '/home/zain/Projects/MasterThesis/install/drone_controller_vrep/share/drone_controller_vrep/package.zsh'
[3.249s] Level 1:colcon.colcon_core.environment:create_file_with_runtime_dependencies(/home/zain/Projects/MasterThesis/install/drone_controller_vrep/share/colcon-core/packages/drone_controller_vrep)
[3.250s] DEBUG:colcon.colcon_parallel_executor.executor.parallel:closing loop
[3.250s] DEBUG:colcon.colcon_parallel_executor.executor.parallel:loop closed
[3.250s] DEBUG:colcon.colcon_parallel_executor.executor.parallel:run_until_complete finished with '0'
[3.250s] DEBUG:colcon.colcon_core.event_reactor:joining thread
[3.281s] INFO:colcon.colcon_core.plugin_system:Skipping extension 'colcon_notification.desktop_notification.terminal_notifier': Not used on non-Darwin systems
[3.281s] INFO:colcon.colcon_core.plugin_system:Skipping extension 'colcon_notification.desktop_notification.win32': Not used on non-Windows systems
[3.281s] INFO:colcon.colcon_notification.desktop_notification:Sending desktop notification using 'notify2'
[3.411s] DEBUG:colcon.colcon_core.event_reactor:joined thread
[3.428s] INFO:colcon.colcon_core.shell:Creating prefix script '/home/zain/Projects/MasterThesis/install/local_setup.ps1'
[3.430s] INFO:colcon.colcon_core.shell:Creating prefix util module '/home/zain/Projects/MasterThesis/install/_local_setup_util_ps1.py'
[3.431s] INFO:colcon.colcon_core.shell:Creating prefix chain script '/home/zain/Projects/MasterThesis/install/setup.ps1'
[3.448s] INFO:colcon.colcon_core.shell:Creating prefix script '/home/zain/Projects/MasterThesis/install/local_setup.sh'
[3.448s] INFO:colcon.colcon_core.shell:Creating prefix util module '/home/zain/Projects/MasterThesis/install/_local_setup_util_sh.py'
[3.449s] INFO:colcon.colcon_core.shell:Creating prefix chain script '/home/zain/Projects/MasterThesis/install/setup.sh'
[3.466s] INFO:colcon.colcon_core.shell:Creating prefix script '/home/zain/Projects/MasterThesis/install/local_setup.bash'
[3.466s] INFO:colcon.colcon_core.shell:Creating prefix chain script '/home/zain/Projects/MasterThesis/install/setup.bash'
[3.485s] INFO:colcon.colcon_core.shell:Creating prefix script '/home/zain/Projects/MasterThesis/install/local_setup.zsh'
[3.485s] INFO:colcon.colcon_core.shell:Creating prefix chain script '/home/zain/Projects/MasterThesis/install/setup.zsh'
