[0.137s] Invoking command in '/home/zain/Projects/MasterThesis/build/drone_controller_vrep': CMAKE_PREFIX_PATH=${CMAKE_PREFIX_PATH}:/opt/ros/humble CONDA_PROMPT_MODIFIER=(MasterThesis) /usr/local/bin/cmake /home/zain/Projects/MasterThesis/src/drone_controller_vrep -DCMAKE_BUILD_TYPE=Release -DAMENT_CMAKE_SYMLINK_INSTALL=1 -DCMAKE_INSTALL_PREFIX=/home/zain/Projects/MasterThesis/install/drone_controller_vrep
[0.199s] -- The C compiler identification is GNU 11.4.0
[0.267s] -- The CXX compiler identification is GNU 11.4.0
[0.277s] -- Detecting C compiler ABI info
[0.324s] -- Detecting C compiler ABI info - done
[0.337s] -- Check for working C compiler: /usr/bin/cc - skipped
[0.337s] -- Detecting C compile features
[0.338s] -- Detecting C compile features - done
[0.341s] -- Detecting CXX compiler ABI info
[0.393s] -- Detecting CXX compiler ABI info - done
[0.406s] -- Check for working CXX compiler: /usr/bin/c++ - skipped
[0.406s] -- Detecting CXX compile features
[0.407s] -- Detecting CXX compile features - done
[0.409s] -- Found ament_cmake: 1.3.8 (/opt/ros/humble/share/ament_cmake/cmake)
[0.501s] -- Found Python3: /opt/anaconda3/envs/MasterThesis/bin/python3 (found version "3.11.7") found components: Interpreter
[0.558s] -- Override CMake install command with custom implementation using symlinks instead of copying resources
[0.575s] -- Found rclcpp: 16.0.8 (/opt/ros/humble/share/rclcpp/cmake)
[0.613s] -- Found rosidl_generator_c: 3.1.5 (/opt/ros/humble/share/rosidl_generator_c/cmake)
[0.617s] -- Found rosidl_adapter: 3.1.5 (/opt/ros/humble/share/rosidl_adapter/cmake)
[0.624s] -- Found rosidl_generator_cpp: 3.1.5 (/opt/ros/humble/share/rosidl_generator_cpp/cmake)
[0.636s] -- Using all available rosidl_typesupport_c: rosidl_typesupport_fastrtps_c;rosidl_typesupport_introspection_c
[0.656s] -- Using all available rosidl_typesupport_cpp: rosidl_typesupport_fastrtps_cpp;rosidl_typesupport_introspection_cpp
[0.721s] -- Found rmw_implementation_cmake: 6.1.1 (/opt/ros/humble/share/rmw_implementation_cmake/cmake)
[0.723s] -- Found rmw_fastrtps_cpp: 6.2.6 (/opt/ros/humble/share/rmw_fastrtps_cpp/cmake)
[0.801s] -- Found OpenSSL: /usr/lib/x86_64-linux-gnu/libcrypto.so (found version "3.0.2")
[0.825s] -- Found FastRTPS: /opt/ros/humble/include
[0.869s] -- Using RMW implementation 'rmw_fastrtps_cpp' as default
[0.880s] -- Performing Test CMAKE_HAVE_LIBC_PTHREAD
[0.924s] -- Performing Test CMAKE_HAVE_LIBC_PTHREAD - Success
[0.924s] -- Found Threads: TRUE
[1.199s] -- Found Boost: /opt/anaconda3/envs/MasterThesis/lib/cmake/Boost-1.84.0/BoostConfig.cmake (found version "1.84.0")
[1.204s] -- Found ament_lint_auto: 0.12.10 (/opt/ros/humble/share/ament_lint_auto/cmake)
[1.331s] -- Added test 'cppcheck' to perform static code analysis on C / C++ code
[1.331s] -- Configured cppcheck include dirs: /home/zain/Projects/MasterThesis/src/drone_controller_vrep/include/drone_controller_vrep
[1.331s] -- Configured cppcheck exclude dirs and/or files: 
[1.331s] -- Added test 'lint_cmake' to check CMake code style
[1.332s] -- Added test 'uncrustify' to check C / C++ code style
[1.332s] -- Configured uncrustify additional arguments: 
[1.332s] -- Added test 'xmllint' to check XML markup files
[1.334s] -- Configuring done (1.2s)
[1.339s] -- Generating done (0.0s)
[1.340s] -- Build files have been written to: /home/zain/Projects/MasterThesis/build/drone_controller_vrep
