[ 33%] [32mBuilding CXX object CMakeFiles/drone_feedback_controller_node.dir/src/drone_feedback_controller.cpp.o[0m
[ 66%] [32mBuilding CXX object CMakeFiles/drone_feedback_controller_node.dir/src/OIAC.cpp.o[0m
[01m[K/home/zain/Projects/MasterThesis/src/drone_controller_vrep/src/OIAC.cpp:[m[K In constructor ‘[01m[KOIAC::OIAC(double, double, double)[m[K’:
[01m[K/home/zain/Projects/MasterThesis/src/drone_controller_vrep/src/OIAC.cpp:9:20:[m[K [01;31m[Kerror: [m[Kconverting to ‘[01m[Kboost::numeric::ublas::vector<double>[m[K’ from initializer list would use explicit constructor ‘[01m[Kboost::numeric::ublas::vector<T, A>::vector(boost::numeric::ublas::vector<T, A>::size_type) [with T = double; A = boost::numeric::ublas::unbounded_array<double, std::allocator<double> >; boost::numeric::ublas::vector<T, A>::size_type = long unsigned int][m[K’
    9 |     [01;31m[Kset_feedforward({0.0})[m[K;
      |     [01;31m[K~~~~~~~~~~~~~~~^~~~~~~[m[K
[01m[K/home/zain/Projects/MasterThesis/src/drone_controller_vrep/src/OIAC.cpp:9:20:[m[K [01;31m[Kerror: [m[Knarrowing conversion of ‘[01m[K0.0[m[K’ from ‘[01m[Kdouble[m[K’ to ‘[01m[Kboost::numeric::ublas::vector<double>::size_type[m[K’ {aka ‘[01m[Klong unsigned int[m[K’} [[01;31m[K]8;;https://gcc.gnu.org/onlinedocs/gcc/Warning-Options.html#index-Wnarrowing-Wnarrowing]8;;[m[K]
[01m[K/home/zain/Projects/MasterThesis/src/drone_controller_vrep/src/OIAC.cpp:[m[K In constructor ‘[01m[KOIAC::OIAC(double, double, double, double, double)[m[K’:
[01m[K/home/zain/Projects/MasterThesis/src/drone_controller_vrep/src/OIAC.cpp:27:20:[m[K [01;31m[Kerror: [m[Kconverting to ‘[01m[Kboost::numeric::ublas::vector<double>[m[K’ from initializer list would use explicit constructor ‘[01m[Kboost::numeric::ublas::vector<T, A>::vector(boost::numeric::ublas::vector<T, A>::size_type) [with T = double; A = boost::numeric::ublas::unbounded_array<double, std::allocator<double> >; boost::numeric::ublas::vector<T, A>::size_type = long unsigned int][m[K’
   27 |     [01;31m[Kset_feedforward({0.0})[m[K;
      |     [01;31m[K~~~~~~~~~~~~~~~^~~~~~~[m[K
[01m[K/home/zain/Projects/MasterThesis/src/drone_controller_vrep/src/OIAC.cpp:27:20:[m[K [01;31m[Kerror: [m[Knarrowing conversion of ‘[01m[K0.0[m[K’ from ‘[01m[Kdouble[m[K’ to ‘[01m[Kboost::numeric::ublas::vector<double>::size_type[m[K’ {aka ‘[01m[Klong unsigned int[m[K’} [[01;31m[K]8;;https://gcc.gnu.org/onlinedocs/gcc/Warning-Options.html#index-Wnarrowing-Wnarrowing]8;;[m[K]
gmake[2]: *** [CMakeFiles/drone_feedback_controller_node.dir/build.make:90: CMakeFiles/drone_feedback_controller_node.dir/src/OIAC.cpp.o] Error 1
gmake[2]: *** Waiting for unfinished jobs....
In file included from [01m[K/home/zain/Projects/MasterThesis/src/drone_controller_vrep/src/drone_feedback_controller.cpp:1[m[K:
[01m[K/home/zain/Projects/MasterThesis/src/drone_controller_vrep/include/drone_controller_vrep/drone_feedback_controller.hpp:16:42:[m[K [01;31m[Kerror: [m[K‘[01m[KString[m[K’ in namespace ‘[01m[Kstd_msgs::msg[m[K’ does not name a type
   16 |     void drone_pose(const std_msgs::msg::[01;31m[KString[m[K & msg) const;
      |                                          [01;31m[K^~~~~~[m[K
[01m[K/home/zain/Projects/MasterThesis/src/drone_controller_vrep/src/drone_feedback_controller.cpp:[m[K In constructor ‘[01m[KDroneFeedbackController::DroneFeedbackController()[m[K’:
[01m[K/home/zain/Projects/MasterThesis/src/drone_controller_vrep/src/drone_feedback_controller.cpp:7:92:[m[K [01;31m[Kerror: [m[K‘[01m[K_1[m[K’ was not declared in this scope; did you mean ‘[01m[Kstd::placeholders::_1[m[K’?
    7 |       "/Current_local_position", 10, std::bind(&DroneFeedbackController::drone_pose, this, [01;31m[K_1[m[K));
      |                                                                                            [01;31m[K^~[m[K
      |                                                                                            [32m[Kstd::placeholders::_1[m[K
In file included from [01m[K/opt/anaconda3/envs/MasterThesis/include/boost/system/detail/error_category.hpp:18[m[K,
                 from [01m[K/opt/anaconda3/envs/MasterThesis/include/boost/system/detail/error_code.hpp:14[m[K,
                 from [01m[K/opt/anaconda3/envs/MasterThesis/include/boost/system/error_code.hpp:13[m[K,
                 from [01m[K/opt/anaconda3/envs/MasterThesis/include/boost/chrono/detail/system.hpp:11[m[K,
                 from [01m[K/opt/anaconda3/envs/MasterThesis/include/boost/chrono/system_clocks.hpp:64[m[K,
                 from [01m[K/opt/anaconda3/envs/MasterThesis/include/boost/chrono/chrono.hpp:13[m[K,
                 from [01m[K/opt/anaconda3/envs/MasterThesis/include/boost/chrono/include.hpp:15[m[K,
                 from [01m[K/opt/anaconda3/envs/MasterThesis/include/boost/chrono.hpp:17[m[K,
                 from [01m[K/home/zain/Projects/MasterThesis/src/drone_controller_vrep/include/drone_controller_vrep/drone_feedback_controller.hpp:1[m[K,
                 from [01m[K/home/zain/Projects/MasterThesis/src/drone_controller_vrep/src/drone_feedback_controller.cpp:1[m[K:
[01m[K/usr/include/c++/11/functional:225:34:[m[K [01;36m[Knote: [m[K‘[01m[Kstd::placeholders::_1[m[K’ declared here
  225 |     extern const _Placeholder<1> [01;36m[K_1[m[K;
      |                                  [01;36m[K^~[m[K
[01m[K/home/zain/Projects/MasterThesis/src/drone_controller_vrep/src/drone_feedback_controller.cpp:9:76:[m[K [01;31m[Kerror: [m[K‘[01m[Kdrone_velocity[m[K’ is not a member of ‘[01m[KDroneFeedbackController[m[K’
    9 |         "/Current_local_velocity", 10, std::bind(&DroneFeedbackController::[01;31m[Kdrone_velocity[m[K, this, _1));
      |                                                                            [01;31m[K^~~~~~~~~~~~~~[m[K
[01m[K/home/zain/Projects/MasterThesis/src/drone_controller_vrep/src/drone_feedback_controller.cpp:[m[K At global scope:
[01m[K/home/zain/Projects/MasterThesis/src/drone_controller_vrep/src/drone_feedback_controller.cpp:14:6:[m[K [01;31m[Kerror: [m[Kno declaration matches ‘[01m[Kvoid DroneFeedbackController::drone_pose(const PoseStamped&) const[m[K’
   14 | void [01;31m[KDroneFeedbackController[m[K::drone_pose(const geometry_msgs::msg::PoseStamped & msg) const
      |      [01;31m[K^~~~~~~~~~~~~~~~~~~~~~~[m[K
In file included from [01m[K/home/zain/Projects/MasterThesis/src/drone_controller_vrep/src/drone_feedback_controller.cpp:1[m[K:
[01m[K/home/zain/Projects/MasterThesis/src/drone_controller_vrep/include/drone_controller_vrep/drone_feedback_controller.hpp:16:10:[m[K [01;36m[Knote: [m[Kcandidate is: ‘[01m[Kvoid DroneFeedbackController::drone_pose(const int&) const[m[K’
   16 |     void [01;36m[Kdrone_pose[m[K(const std_msgs::msg::String & msg) const;
      |          [01;36m[K^~~~~~~~~~[m[K
[01m[K/home/zain/Projects/MasterThesis/src/drone_controller_vrep/include/drone_controller_vrep/drone_feedback_controller.hpp:10:7:[m[K [01;36m[Knote: [m[K‘[01m[Kclass DroneFeedbackController[m[K’ defined here
   10 | class [01;36m[KDroneFeedbackController[m[K : public rclcpp::Node
      |       [01;36m[K^~~~~~~~~~~~~~~~~~~~~~~[m[K
gmake[2]: *** [CMakeFiles/drone_feedback_controller_node.dir/build.make:76: CMakeFiles/drone_feedback_controller_node.dir/src/drone_feedback_controller.cpp.o] Error 1
gmake[1]: *** [CMakeFiles/Makefile2:137: CMakeFiles/drone_feedback_controller_node.dir/all] Error 2
gmake: *** [Makefile:146: all] Error 2
