[0.047s] Invoking command in '/home/zain/Projects/MasterThesis/build/sim_ros2_interface': CMAKE_PREFIX_PATH=/opt/ros/humble CONDA_PROMPT_MODIFIER=(MasterThesis) /usr/bin/cmake /home/zain/Projects/MasterThesis/src/sim_ros2_interface -DAMENT_CMAKE_SYMLINK_INSTALL=1 -DCMAKE_INSTALL_PREFIX=/home/zain/Projects/MasterThesis/install/sim_ros2_interface
[0.080s] -- The C compiler identification is GNU 11.4.0
[0.120s] -- The CXX compiler identification is GNU 11.4.0
[0.126s] -- Detecting C compiler ABI info
[0.179s] -- Detecting C compiler ABI info - done
[0.184s] -- Check for working C compiler: /usr/bin/cc - skipped
[0.184s] -- Detecting C compile features
[0.185s] -- Detecting C compile features - done
[0.187s] -- Detecting CXX compiler ABI info
[0.244s] -- Detecting CXX compiler ABI info - done
[0.251s] -- Check for working CXX compiler: /usr/bin/c++ - skipped
[0.251s] -- Detecting CXX compile features
[0.252s] -- Detecting CXX compile features - done
[0.253s] -- Found ament_cmake: 1.3.7 (/opt/ros/humble/share/ament_cmake/cmake)
[0.543s] -- Found Python3: /opt/anaconda3/envs/MasterThesis/bin/python3.1 (found version "3.11.7") found components: Interpreter 
[0.587s] -- Override CMake install command with custom implementation using symlinks instead of copying resources
[0.601s] -- Found ament_cmake_ros: 0.10.0 (/opt/ros/humble/share/ament_cmake_ros/cmake)
[0.606s] -- Found diagnostic_msgs: 4.2.3 (/opt/ros/humble/share/diagnostic_msgs/cmake)
[0.630s] -- Found rosidl_generator_c: 3.1.5 (/opt/ros/humble/share/rosidl_generator_c/cmake)
[0.634s] -- Found rosidl_adapter: 3.1.5 (/opt/ros/humble/share/rosidl_adapter/cmake)
[0.639s] -- Found rosidl_generator_cpp: 3.1.5 (/opt/ros/humble/share/rosidl_generator_cpp/cmake)
[0.649s] -- Using all available rosidl_typesupport_c: rosidl_typesupport_fastrtps_c;rosidl_typesupport_introspection_c
[0.662s] -- Using all available rosidl_typesupport_cpp: rosidl_typesupport_fastrtps_cpp;rosidl_typesupport_introspection_cpp
[0.752s] -- Found geometry_msgs: 4.2.3 (/opt/ros/humble/share/geometry_msgs/cmake)
[0.786s] -- Found lifecycle_msgs: 1.2.1 (/opt/ros/humble/share/lifecycle_msgs/cmake)
[0.799s] -- Found map_msgs: 2.1.0 (/opt/ros/humble/share/map_msgs/cmake)
[1.062s] -- Found pendulum_msgs: 0.20.3 (/opt/ros/humble/share/pendulum_msgs/cmake)
[1.086s] -- Found rosgraph_msgs: 1.2.1 (/opt/ros/humble/share/rosgraph_msgs/cmake)
[1.114s] -- Found shape_msgs: 4.2.3 (/opt/ros/humble/share/shape_msgs/cmake)
[1.158s] -- Found stereo_msgs: 4.2.3 (/opt/ros/humble/share/stereo_msgs/cmake)
[1.229s] -- Found tf2_geometry_msgs: 0.25.5 (/opt/ros/humble/share/tf2_geometry_msgs/cmake)
[1.253s] -- Found eigen3_cmake_module: 0.1.1 (/opt/ros/humble/share/eigen3_cmake_module/cmake)
[1.255s] -- Found Eigen3: TRUE (found version "3.4.0") 
[1.255s] -- Ensuring Eigen3 include directory is part of orocos-kdl CMake target
[1.382s] -- Found rmw_implementation_cmake: 6.1.1 (/opt/ros/humble/share/rmw_implementation_cmake/cmake)
[1.384s] -- Found rmw_fastrtps_cpp: 6.2.6 (/opt/ros/humble/share/rmw_fastrtps_cpp/cmake)
[1.463s] -- Found OpenSSL: /usr/lib/x86_64-linux-gnu/libcrypto.so (found version "3.0.2")  
[1.488s] -- Found FastRTPS: /opt/ros/humble/include  
[1.533s] -- Using RMW implementation 'rmw_fastrtps_cpp' as default
[1.541s] -- Looking for pthread.h
[1.597s] -- Looking for pthread.h - found
[1.598s] -- Performing Test CMAKE_HAVE_LIBC_PTHREAD
[1.661s] -- Performing Test CMAKE_HAVE_LIBC_PTHREAD - Success
[1.662s] -- Found Threads: TRUE  
[1.990s] -- Found trajectory_msgs: 4.2.3 (/opt/ros/humble/share/trajectory_msgs/cmake)
[2.056s] -- Found visualization_msgs: 4.2.3 (/opt/ros/humble/share/visualization_msgs/cmake)
[2.149s] -- Found std_srvs: 4.2.3 (/opt/ros/humble/share/std_srvs/cmake)
[2.162s] -- Found example_interfaces: 0.9.3 (/opt/ros/humble/share/example_interfaces/cmake)
[2.206s] -- Found image_transport: 3.1.8 (/opt/ros/humble/share/image_transport/cmake)
[2.226s] -- CoppeliaSim: COPPELIASIM_INCLUDE_DIR: /opt/CoppeliaSim_Edu_V4_6_0_rev18_Ubuntu22_04/programming/include
[2.226s] -- CoppeliaSim: COPPELIASIM_ROOT_DIR: /opt/CoppeliaSim_Edu_V4_6_0_rev18_Ubuntu22_04
[2.226s] -- Checking CoppeliaSim header version...
[2.442s] -- CoppeliaSim headers version 4.6.0 rev18
[2.442s] -- CoppeliaSim: COPPELIASIM_RESOURCES_DIR: /opt/CoppeliaSim_Edu_V4_6_0_rev18_Ubuntu22_04
[2.442s] -- CoppeliaSim: COPPELIASIM_PLUGINS_DIR: /opt/CoppeliaSim_Edu_V4_6_0_rev18_Ubuntu22_04
[2.442s] -- CoppeliaSim: COPPELIASIM_EXECUTABLES_DIR: /opt/CoppeliaSim_Edu_V4_6_0_rev18_Ubuntu22_04
[2.442s] -- CoppeliaSim: COPPELIASIM_LIBRARIES_DIR: /opt/CoppeliaSim_Edu_V4_6_0_rev18_Ubuntu22_04
[2.442s] -- CoppeliaSim: COPPELIASIM_ADDONS_DIR: /opt/CoppeliaSim_Edu_V4_6_0_rev18_Ubuntu22_04/addOns
[2.442s] -- CoppeliaSim: COPPELIASIM_HELPFILES_DIR: /opt/CoppeliaSim_Edu_V4_6_0_rev18_Ubuntu22_04/helpFiles
[2.442s] -- CoppeliaSim: COPPELIASIM_MODELS_DIR: /opt/CoppeliaSim_Edu_V4_6_0_rev18_Ubuntu22_04/models
[2.442s] -- CoppeliaSim: COPPELIASIM_SCENES_DIR: /opt/CoppeliaSim_Edu_V4_6_0_rev18_Ubuntu22_04/scenes
[2.442s] -- CoppeliaSim: COPPELIASIM_LUA_DIR: /opt/CoppeliaSim_Edu_V4_6_0_rev18_Ubuntu22_04/lua
[2.442s] -- CoppeliaSim: COPPELIASIM_PYTHON_DIR: /opt/CoppeliaSim_Edu_V4_6_0_rev18_Ubuntu22_04/python
[2.442s] -- CoppeliaSim: COPPELIASIM_EXECUTABLE: /opt/CoppeliaSim_Edu_V4_6_0_rev18_Ubuntu22_04/coppeliaSim
[2.450s] -- Found Boost: /opt/anaconda3/envs/MasterThesis/lib/cmake/Boost-1.84.0/BoostConfig.cmake (found version "1.84.0") found components: regex 
[2.454s] -- Found Git: /usr/bin/git (found version "2.34.1") 
[2.493s] -- Found Boost: /opt/anaconda3/envs/MasterThesis/lib/cmake/Boost-1.84.0/BoostConfig.cmake (found version "1.84.0")  
[2.494s] -- Adding simStubsGen command...
[2.530s] -- Reading plugin metadata...
[3.087s] -- Plugin: simROS2
[3.110s] Traceback (most recent call last):
[3.110s]   File "/opt/ros/humble/share/ament_cmake_core/cmake/core/package_xml_2_cmake.py", line 22, in <module>
[3.110s]     from catkin_pkg.package import parse_package_string
[3.110s] ModuleNotFoundError: No module named 'catkin_pkg'
[3.112s] [31mCMake Error at /opt/ros/humble/share/ament_cmake_core/cmake/core/ament_package_xml.cmake:95 (message):
[3.112s]   execute_process(/opt/anaconda3/envs/MasterThesis/bin/python3.1
[3.112s]   /opt/ros/humble/share/ament_cmake_core/cmake/core/package_xml_2_cmake.py
[3.112s]   /home/zain/Projects/MasterThesis/src/sim_ros2_interface/package.xml
[3.112s]   /home/zain/Projects/MasterThesis/build/sim_ros2_interface/ament_cmake_core/package.cmake)
[3.112s]   returned error code 1
[3.112s] Call Stack (most recent call first):
[3.113s]   /opt/ros/humble/share/ament_cmake_core/cmake/core/ament_package_xml.cmake:49 (_ament_package_xml)
[3.113s]   /opt/ros/humble/share/ament_cmake_core/cmake/core/ament_package.cmake:63 (ament_package_xml)
[3.113s]   CMakeLists.txt:132 (ament_package)
[3.113s] 
[3.113s] [0m
[3.113s] -- Configuring incomplete, errors occurred!
[3.113s] See also "/home/zain/Projects/MasterThesis/build/sim_ros2_interface/CMakeFiles/CMakeOutput.log".
[3.121s] Invoked command in '/home/zain/Projects/MasterThesis/build/sim_ros2_interface' returned '1': CMAKE_PREFIX_PATH=/opt/ros/humble CONDA_PROMPT_MODIFIER=(MasterThesis) /usr/bin/cmake /home/zain/Projects/MasterThesis/src/sim_ros2_interface -DAMENT_CMAKE_SYMLINK_INSTALL=1 -DCMAKE_INSTALL_PREFIX=/home/zain/Projects/MasterThesis/install/sim_ros2_interface
