[0.067s] Invoking command in '/home/zain/Projects/MasterThesis/build/drone_controller_vrep': CMAKE_PREFIX_PATH=${CMAKE_PREFIX_PATH}:/opt/ros/humble CONDA_PROMPT_MODIFIER=(MasterThesis) /usr/local/bin/cmake --build /home/zain/Projects/MasterThesis/build/drone_controller_vrep -- -j16 -l16
[0.098s] -- Found ament_cmake: 1.3.8 (/opt/ros/humble/share/ament_cmake/cmake)
[0.269s] -- Override CMake install command with custom implementation using symlinks instead of copying resources
[0.283s] -- Found rclcpp: 16.0.8 (/opt/ros/humble/share/rclcpp/cmake)
[0.327s] -- Found rosidl_generator_c: 3.1.5 (/opt/ros/humble/share/rosidl_generator_c/cmake)
[0.330s] -- Found rosidl_adapter: 3.1.5 (/opt/ros/humble/share/rosidl_adapter/cmake)
[0.340s] -- Found rosidl_generator_cpp: 3.1.5 (/opt/ros/humble/share/rosidl_generator_cpp/cmake)
[0.358s] -- Using all available rosidl_typesupport_c: rosidl_typesupport_fastrtps_c;rosidl_typesupport_introspection_c
[0.381s] -- Using all available rosidl_typesupport_cpp: rosidl_typesupport_fastrtps_cpp;rosidl_typesupport_introspection_cpp
[0.455s] -- Found rmw_implementation_cmake: 6.1.1 (/opt/ros/humble/share/rmw_implementation_cmake/cmake)
[0.457s] -- Found rmw_fastrtps_cpp: 6.2.6 (/opt/ros/humble/share/rmw_fastrtps_cpp/cmake)
[0.596s] -- Using RMW implementation 'rmw_fastrtps_cpp' as default
[0.865s] -- Found ament_lint_auto: 0.12.10 (/opt/ros/humble/share/ament_lint_auto/cmake)
[0.983s] -- Added test 'cppcheck' to perform static code analysis on C / C++ code
[0.983s] -- Configured cppcheck include dirs: /home/zain/Projects/MasterThesis/src/drone_controller_vrep/include/drone_controller_vrep
[0.983s] -- Configured cppcheck exclude dirs and/or files: 
[0.984s] -- Added test 'lint_cmake' to check CMake code style
[0.985s] -- Added test 'uncrustify' to check C / C++ code style
[0.985s] -- Configured uncrustify additional arguments: 
[0.985s] -- Added test 'xmllint' to check XML markup files
[0.986s] -- Configuring done (0.9s)
[0.990s] -- Generating done (0.0s)
[0.991s] -- Build files have been written to: /home/zain/Projects/MasterThesis/build/drone_controller_vrep
[1.003s] Invoked command in '/home/zain/Projects/MasterThesis/build/drone_controller_vrep' returned '0': CMAKE_PREFIX_PATH=${CMAKE_PREFIX_PATH}:/opt/ros/humble CONDA_PROMPT_MODIFIER=(MasterThesis) /usr/local/bin/cmake --build /home/zain/Projects/MasterThesis/build/drone_controller_vrep -- -j16 -l16
[1.015s] Invoking command in '/home/zain/Projects/MasterThesis/build/drone_controller_vrep': CMAKE_PREFIX_PATH=${CMAKE_PREFIX_PATH}:/opt/ros/humble CONDA_PROMPT_MODIFIER=(MasterThesis) /usr/local/bin/cmake --install /home/zain/Projects/MasterThesis/build/drone_controller_vrep
[1.017s] -- Install configuration: "Release"
[1.018s] -- Execute custom install script
[1.018s] -- Up-to-date symlink: /home/zain/Projects/MasterThesis/install/drone_controller_vrep/share/ament_index/resource_index/package_run_dependencies/drone_controller_vrep
[1.018s] -- Up-to-date symlink: /home/zain/Projects/MasterThesis/install/drone_controller_vrep/share/ament_index/resource_index/parent_prefix_path/drone_controller_vrep
[1.019s] -- Up-to-date symlink: /home/zain/Projects/MasterThesis/install/drone_controller_vrep/share/drone_controller_vrep/environment/ament_prefix_path.sh
[1.019s] -- Up-to-date symlink: /home/zain/Projects/MasterThesis/install/drone_controller_vrep/share/drone_controller_vrep/environment/ament_prefix_path.dsv
[1.019s] -- Up-to-date symlink: /home/zain/Projects/MasterThesis/install/drone_controller_vrep/share/drone_controller_vrep/environment/path.sh
[1.019s] -- Up-to-date symlink: /home/zain/Projects/MasterThesis/install/drone_controller_vrep/share/drone_controller_vrep/environment/path.dsv
[1.019s] -- Up-to-date symlink: /home/zain/Projects/MasterThesis/install/drone_controller_vrep/share/drone_controller_vrep/local_setup.bash
[1.020s] -- Up-to-date symlink: /home/zain/Projects/MasterThesis/install/drone_controller_vrep/share/drone_controller_vrep/local_setup.sh
[1.020s] -- Up-to-date symlink: /home/zain/Projects/MasterThesis/install/drone_controller_vrep/share/drone_controller_vrep/local_setup.zsh
[1.020s] -- Up-to-date symlink: /home/zain/Projects/MasterThesis/install/drone_controller_vrep/share/drone_controller_vrep/local_setup.dsv
[1.020s] -- Symlinking: /home/zain/Projects/MasterThesis/install/drone_controller_vrep/share/drone_controller_vrep/package.dsv
[1.023s] -- Up-to-date symlink: /home/zain/Projects/MasterThesis/install/drone_controller_vrep/share/ament_index/resource_index/packages/drone_controller_vrep
[1.023s] -- Up-to-date symlink: /home/zain/Projects/MasterThesis/install/drone_controller_vrep/share/drone_controller_vrep/cmake/drone_controller_vrepConfig.cmake
[1.023s] -- Up-to-date symlink: /home/zain/Projects/MasterThesis/install/drone_controller_vrep/share/drone_controller_vrep/cmake/drone_controller_vrepConfig-version.cmake
[1.023s] -- Up-to-date symlink: /home/zain/Projects/MasterThesis/install/drone_controller_vrep/share/drone_controller_vrep/package.xml
[1.024s] Invoked command in '/home/zain/Projects/MasterThesis/build/drone_controller_vrep' returned '0': CMAKE_PREFIX_PATH=${CMAKE_PREFIX_PATH}:/opt/ros/humble CONDA_PROMPT_MODIFIER=(MasterThesis) /usr/local/bin/cmake --install /home/zain/Projects/MasterThesis/build/drone_controller_vrep
