[0.059s] Invoking command in '/home/zain/Projects/MasterThesis/build/sim_ros2_interface': CMAKE_PREFIX_PATH=${CMAKE_PREFIX_PATH}:/opt/ros/humble CONDA_PROMPT_MODIFIER=(MasterThesis) /usr/bin/cmake --build /home/zain/Projects/MasterThesis/build/sim_ros2_interface -- -j16 -l16
[0.092s] [ 10%] [34m[1mGenerating generated/actcli_cancelLastGoal.cpp[0m
[0.092s] [ 10%] [34m[1mGenerating generated/actcli_del.cpp[0m
[0.092s] [ 10%] [34m[1mGenerating generated/actcli_new.cpp[0m
[0.092s] [ 12%] [34m[1mGenerating generated/actcli_sendGoal.cpp[0m
[0.092s] [ 12%] [34m[1mGenerating generated/actsrv_action_abort.cpp[0m
[0.093s] [ 15%] [34m[1mGenerating generated/actsrv_action_canceled.cpp[0m
[0.093s] [ 17%] [34m[1mGenerating generated/actsrv_action_execute.cpp[0m
[0.093s] [ 20%] [34m[1mGenerating generated/actsrv_action_is_active.cpp[0m
[0.093s] [ 22%] [34m[1mGenerating generated/actsrv_action_is_canceling.cpp[0m
[0.093s] [ 25%] [34m[1mGenerating generated/actsrv_action_publish_feedback.cpp[0m
[0.093s] [ 27%] [34m[1mGenerating generated/actsrv_action_is_executing.cpp[0m
[0.093s] [ 30%] [34m[1mGenerating generated/actsrv_action_succeed.cpp[0m
[0.094s] [ 32%] [34m[1mGenerating generated/actsrv_del.cpp[0m
[0.094s] [ 35%] [34m[1mGenerating generated/actsrv_new.cpp[0m
[0.094s] [ 37%] [34m[1mGenerating generated/callbacks.cpp[0m
[0.094s] [ 40%] [34m[1mGenerating generated/callbacks.h[0m
[0.418s] [ 42%] [34m[1mGenerating generated/cli_call.cpp[0m
[0.438s] [ 45%] [34m[1mGenerating generated/cli_del.cpp[0m
[0.461s] [ 47%] [34m[1mGenerating generated/cli_new.cpp[0m
[0.485s] [ 55%] [34m[1mGenerating generated/cli_wait.cpp[0m
[0.485s] [ 55%] [34m[1mGenerating generated/if_const.cpp[0m
[0.485s] [ 55%] [34m[1mGenerating generated/if_list.cpp[0m
[0.553s] [ 57%] [34m[1mGenerating generated/if_new.cpp[0m
[0.553s] [ 65%] [34m[1mGenerating generated/pub_del.cpp[0m
[0.554s] [ 60%] [34m[1mGenerating generated/pub_publish.cpp[0m
[0.567s] [ 62%] [34m[1mGenerating generated/pub_new.cpp[0m
[0.588s] [ 67%] [34m[1mGenerating generated/srv_del.cpp[0m
[0.615s] [ 70%] [34m[1mGenerating generated/srv_new.cpp[0m
[0.659s] [ 72%] [34m[1mGenerating generated/sub_del.cpp[0m
[0.681s] [ 75%] [34m[1mGenerating generated/sub_new.cpp[0m
[1.034s] [ 75%] Built target generate_ros_code
[1.050s] [35m[1mConsolidate compiler generated dependencies of target simROS2[0m
[1.078s] [ 77%] [32mBuilding CXX object CMakeFiles/simROS2.dir/src/sim_ros2_interface.cpp.o[0m
[1.079s] [ 80%] [32mBuilding CXX object CMakeFiles/simROS2.dir/generated/callbacks.cpp.o[0m
[119.357s] [ 82%] [32m[1mLinking CXX shared library libsimROS2.so[0m
[120.359s] [100%] Built target simROS2
[120.368s] Invoked command in '/home/zain/Projects/MasterThesis/build/sim_ros2_interface' returned '0': CMAKE_PREFIX_PATH=${CMAKE_PREFIX_PATH}:/opt/ros/humble CONDA_PROMPT_MODIFIER=(MasterThesis) /usr/bin/cmake --build /home/zain/Projects/MasterThesis/build/sim_ros2_interface -- -j16 -l16
[120.398s] Invoking command in '/home/zain/Projects/MasterThesis/build/sim_ros2_interface': CMAKE_PREFIX_PATH=${CMAKE_PREFIX_PATH}:/opt/ros/humble CONDA_PROMPT_MODIFIER=(MasterThesis) /usr/bin/cmake --install /home/zain/Projects/MasterThesis/build/sim_ros2_interface
[120.402s] -- Install configuration: "Release"
[120.403s] -- Execute custom install script
[120.403s] -- Up-to-date symlink: /opt/CoppeliaSim_Edu_V4_6_0_rev18_Ubuntu22_04/lua/simROS2-typecheck.lua
[120.403s] -- Up-to-date symlink: /opt/CoppeliaSim_Edu_V4_6_0_rev18_Ubuntu22_04/lua/simROS2.lua
[120.403s] -- Up-to-date symlink: /opt/CoppeliaSim_Edu_V4_6_0_rev18_Ubuntu22_04/helpFiles/en/simROS2.htm
[120.403s] -- Up-to-date symlink: /opt/CoppeliaSim_Edu_V4_6_0_rev18_Ubuntu22_04/helpFiles/index/simROS2.json
[120.404s] -- Up-to-date symlink: /opt/CoppeliaSim_Edu_V4_6_0_rev18_Ubuntu22_04/lua/simROS2-ce.lua
[120.404s] -- Up-to-date symlink: /opt/CoppeliaSim_Edu_V4_6_0_rev18_Ubuntu22_04/libsimROS2.so
[120.404s] -- Up-to-date symlink: /home/zain/Projects/MasterThesis/install/sim_ros2_interface/share/ament_index/resource_index/package_run_dependencies/sim_ros2_interface
[120.404s] -- Up-to-date symlink: /home/zain/Projects/MasterThesis/install/sim_ros2_interface/share/ament_index/resource_index/parent_prefix_path/sim_ros2_interface
[120.404s] -- Up-to-date symlink: /home/zain/Projects/MasterThesis/install/sim_ros2_interface/share/sim_ros2_interface/environment/ament_prefix_path.sh
[120.404s] -- Up-to-date symlink: /home/zain/Projects/MasterThesis/install/sim_ros2_interface/share/sim_ros2_interface/environment/ament_prefix_path.dsv
[120.404s] -- Up-to-date symlink: /home/zain/Projects/MasterThesis/install/sim_ros2_interface/share/sim_ros2_interface/environment/path.sh
[120.404s] -- Up-to-date symlink: /home/zain/Projects/MasterThesis/install/sim_ros2_interface/share/sim_ros2_interface/environment/path.dsv
[120.404s] -- Up-to-date symlink: /home/zain/Projects/MasterThesis/install/sim_ros2_interface/share/sim_ros2_interface/local_setup.bash
[120.404s] -- Up-to-date symlink: /home/zain/Projects/MasterThesis/install/sim_ros2_interface/share/sim_ros2_interface/local_setup.sh
[120.404s] -- Up-to-date symlink: /home/zain/Projects/MasterThesis/install/sim_ros2_interface/share/sim_ros2_interface/local_setup.zsh
[120.405s] -- Up-to-date symlink: /home/zain/Projects/MasterThesis/install/sim_ros2_interface/share/sim_ros2_interface/local_setup.dsv
[120.405s] -- Symlinking: /home/zain/Projects/MasterThesis/install/sim_ros2_interface/share/sim_ros2_interface/package.dsv
[120.410s] -- Up-to-date symlink: /home/zain/Projects/MasterThesis/install/sim_ros2_interface/share/ament_index/resource_index/packages/sim_ros2_interface
[120.410s] -- Up-to-date symlink: /home/zain/Projects/MasterThesis/install/sim_ros2_interface/share/sim_ros2_interface/cmake/sim_ros2_interfaceConfig.cmake
[120.410s] -- Up-to-date symlink: /home/zain/Projects/MasterThesis/install/sim_ros2_interface/share/sim_ros2_interface/cmake/sim_ros2_interfaceConfig-version.cmake
[120.410s] -- Up-to-date symlink: /home/zain/Projects/MasterThesis/install/sim_ros2_interface/share/sim_ros2_interface/package.xml
[120.411s] Invoked command in '/home/zain/Projects/MasterThesis/build/sim_ros2_interface' returned '0': CMAKE_PREFIX_PATH=${CMAKE_PREFIX_PATH}:/opt/ros/humble CONDA_PROMPT_MODIFIER=(MasterThesis) /usr/bin/cmake --install /home/zain/Projects/MasterThesis/build/sim_ros2_interface
