In file included from [01m[K/home/zain/Projects/MasterThesis/src/drone_controller_vrep/src/drone_feedback_controller.cpp:1[m[K:
[01m[K/home/zain/Projects/MasterThesis/src/drone_controller_vrep/include/drone_controller_vrep/drone_feedback_controller.hpp:1:10:[m[K [01;31m[Kfatal error: [m[Kboost/chrono: No such file or directory
    1 | #include [01;31m[K<boost/chrono>[m[K
      |          [01;31m[K^~~~~~~~~~~~~~[m[K
compilation terminated.
gmake[2]: *** [CMakeFiles/drone_feedback_controller_node.dir/build.make:76: CMakeFiles/drone_feedback_controller_node.dir/src/drone_feedback_controller.cpp.o] Error 1
gmake[2]: *** Waiting for unfinished jobs....
In file included from [01m[K/home/zain/Projects/MasterThesis/src/drone_controller_vrep/src/OIAC.cpp:1[m[K:
[01m[K/home/zain/Projects/MasterThesis/src/drone_controller_vrep/include/drone_controller_vrep/OIAC.hpp:30:54:[m[K [01;31m[Kerror: [m[Kexpected ‘[01m[K;[m[K’ at end of member declaration
   30 |         void set_lower_and_upper_bound(double, double[01;31m[K)[m[K
      |                                                      [01;31m[K^[m[K
      |                                                       [32m[K;[m[K
[01m[K/home/zain/Projects/MasterThesis/src/drone_controller_vrep/src/OIAC.cpp:[m[K In constructor ‘[01m[KOIAC::OIAC(double, double, double)[m[K’:
[01m[K/home/zain/Projects/MasterThesis/src/drone_controller_vrep/src/OIAC.cpp:9:21:[m[K [01;31m[Kerror: [m[Kcannot convert ‘[01m[Kdouble[m[K’ to ‘[01m[Kboost::numeric::ublas::vector<double>[m[K’
    9 |     set_feedforward([01;31m[K0.0[m[K);
      |                     [01;31m[K^~~[m[K
      |                     [01;31m[K|[m[K
      |                     [01;31m[Kdouble[m[K
In file included from [01m[K/home/zain/Projects/MasterThesis/src/drone_controller_vrep/src/OIAC.cpp:1[m[K:
[01m[K/home/zain/Projects/MasterThesis/src/drone_controller_vrep/include/drone_controller_vrep/OIAC.hpp:29:30:[m[K [01;36m[Knote: [m[K  initializing argument 1 of ‘[01m[Kvoid OIAC::set_feedforward(boost::numeric::ublas::vector<double>)[m[K’
   29 |         void set_feedforward([01;36m[Kublas::vector<double>[m[K);
      |                              [01;36m[K^~~~~~~~~~~~~~~~~~~~~[m[K
[01m[K/home/zain/Projects/MasterThesis/src/drone_controller_vrep/src/OIAC.cpp:[m[K In constructor ‘[01m[KOIAC::OIAC(double, double, double, double, double)[m[K’:
[01m[K/home/zain/Projects/MasterThesis/src/drone_controller_vrep/src/OIAC.cpp:27:21:[m[K [01;31m[Kerror: [m[K‘[01m[Kfeedforward[m[K’ was not declared in this scope; did you mean ‘[01m[K_feedforward[m[K’?
   27 |     set_feedforward([01;31m[Kfeedforward[m[K);
      |                     [01;31m[K^~~~~~~~~~~[m[K
      |                     [32m[K_feedforward[m[K
gmake[2]: *** [CMakeFiles/drone_feedback_controller_node.dir/build.make:90: CMakeFiles/drone_feedback_controller_node.dir/src/OIAC.cpp.o] Error 1
gmake[1]: *** [CMakeFiles/Makefile2:137: CMakeFiles/drone_feedback_controller_node.dir/all] Error 2
gmake: *** [Makefile:146: all] Error 2
