-- Found ament_cmake: 1.3.8 (/opt/ros/humble/share/ament_cmake/cmake)
-- Override CMake install command with custom implementation using symlinks instead of copying resources
-- Found rclcpp: 16.0.8 (/opt/ros/humble/share/rclcpp/cmake)
-- Found rosidl_generator_c: 3.1.5 (/opt/ros/humble/share/rosidl_generator_c/cmake)
-- Found rosidl_adapter: 3.1.5 (/opt/ros/humble/share/rosidl_adapter/cmake)
-- Found rosidl_generator_cpp: 3.1.5 (/opt/ros/humble/share/rosidl_generator_cpp/cmake)
-- Using all available rosidl_typesupport_c: rosidl_typesupport_fastrtps_c;rosidl_typesupport_introspection_c
-- Using all available rosidl_typesupport_cpp: rosidl_typesupport_fastrtps_cpp;rosidl_typesupport_introspection_cpp
-- Found rmw_implementation_cmake: 6.1.1 (/opt/ros/humble/share/rmw_implementation_cmake/cmake)
-- Found rmw_fastrtps_cpp: 6.2.6 (/opt/ros/humble/share/rmw_fastrtps_cpp/cmake)
-- Using RMW implementation 'rmw_fastrtps_cpp' as default
-- Found geometry_msgs: 4.2.3 (/opt/ros/humble/share/geometry_msgs/cmake)
-- Found ament_lint_auto: 0.12.10 (/opt/ros/humble/share/ament_lint_auto/cmake)
-- Added test 'cppcheck' to perform static code analysis on C / C++ code
-- Configured cppcheck include dirs: /home/zain/Projects/MasterThesis/src/drone_controller_vrep/include;/home/zain/Projects/MasterThesis/src/drone_controller_vrep/include/drone_controller_vrep
-- Configured cppcheck exclude dirs and/or files: 
-- Added test 'lint_cmake' to check CMake code style
-- Added test 'uncrustify' to check C / C++ code style
-- Configured uncrustify additional arguments: 
-- Added test 'xmllint' to check XML markup files
-- Configuring done (1.3s)
-- Generating done (0.0s)
-- Build files have been written to: /home/zain/Projects/MasterThesis/build/drone_controller_vrep
[ 33%] [32mBuilding CXX object CMakeFiles/drone_feedback_controller_node.dir/src/drone_feedback_controller.cpp.o[0m
[ 66%] [32mBuilding CXX object CMakeFiles/drone_feedback_controller_node.dir/src/OIAC.cpp.o[0m
In file included from [01m[K/home/zain/Projects/MasterThesis/src/drone_controller_vrep/src/drone_feedback_controller.cpp:1[m[K:
[01m[K/home/zain/Projects/MasterThesis/src/drone_controller_vrep/include/drone_controller_vrep/drone_feedback_controller.hpp:1:10:[m[K [01;31m[Kfatal error: [m[Kboost/chrono: No such file or directory
    1 | #include [01;31m[K<boost/chrono>[m[K
      |          [01;31m[K^~~~~~~~~~~~~~[m[K
compilation terminated.
gmake[2]: *** [CMakeFiles/drone_feedback_controller_node.dir/build.make:76: CMakeFiles/drone_feedback_controller_node.dir/src/drone_feedback_controller.cpp.o] Error 1
gmake[2]: *** Waiting for unfinished jobs....
In file included from [01m[K/home/zain/Projects/MasterThesis/src/drone_controller_vrep/src/OIAC.cpp:1[m[K:
[01m[K/home/zain/Projects/MasterThesis/src/drone_controller_vrep/include/drone_controller_vrep/OIAC.hpp:30:54:[m[K [01;31m[Kerror: [m[Kexpected ‘[01m[K;[m[K’ at end of member declaration
   30 |         void set_lower_and_upper_bound(double, double[01;31m[K)[m[K
      |                                                      [01;31m[K^[m[K
      |                                                       [32m[K;[m[K
[01m[K/home/zain/Projects/MasterThesis/src/drone_controller_vrep/src/OIAC.cpp:[m[K In constructor ‘[01m[KOIAC::OIAC(double, double, double)[m[K’:
[01m[K/home/zain/Projects/MasterThesis/src/drone_controller_vrep/src/OIAC.cpp:9:21:[m[K [01;31m[Kerror: [m[Kcannot convert ‘[01m[Kdouble[m[K’ to ‘[01m[Kboost::numeric::ublas::vector<double>[m[K’
    9 |     set_feedforward([01;31m[K0.0[m[K);
      |                     [01;31m[K^~~[m[K
      |                     [01;31m[K|[m[K
      |                     [01;31m[Kdouble[m[K
In file included from [01m[K/home/zain/Projects/MasterThesis/src/drone_controller_vrep/src/OIAC.cpp:1[m[K:
[01m[K/home/zain/Projects/MasterThesis/src/drone_controller_vrep/include/drone_controller_vrep/OIAC.hpp:29:30:[m[K [01;36m[Knote: [m[K  initializing argument 1 of ‘[01m[Kvoid OIAC::set_feedforward(boost::numeric::ublas::vector<double>)[m[K’
   29 |         void set_feedforward([01;36m[Kublas::vector<double>[m[K);
      |                              [01;36m[K^~~~~~~~~~~~~~~~~~~~~[m[K
[01m[K/home/zain/Projects/MasterThesis/src/drone_controller_vrep/src/OIAC.cpp:[m[K In constructor ‘[01m[KOIAC::OIAC(double, double, double, double, double)[m[K’:
[01m[K/home/zain/Projects/MasterThesis/src/drone_controller_vrep/src/OIAC.cpp:27:21:[m[K [01;31m[Kerror: [m[K‘[01m[Kfeedforward[m[K’ was not declared in this scope; did you mean ‘[01m[K_feedforward[m[K’?
   27 |     set_feedforward([01;31m[Kfeedforward[m[K);
      |                     [01;31m[K^~~~~~~~~~~[m[K
      |                     [32m[K_feedforward[m[K
gmake[2]: *** [CMakeFiles/drone_feedback_controller_node.dir/build.make:90: CMakeFiles/drone_feedback_controller_node.dir/src/OIAC.cpp.o] Error 1
gmake[1]: *** [CMakeFiles/Makefile2:137: CMakeFiles/drone_feedback_controller_node.dir/all] Error 2
gmake: *** [Makefile:146: all] Error 2
