running egg_info
writing ../../build/drone_controller_vrep/drone_controller_vrep.egg-info/PKG-INFO
writing dependency_links to ../../build/drone_controller_vrep/drone_controller_vrep.egg-info/dependency_links.txt
writing entry points to ../../build/drone_controller_vrep/drone_controller_vrep.egg-info/entry_points.txt
writing requirements to ../../build/drone_controller_vrep/drone_controller_vrep.egg-info/requires.txt
writing top-level names to ../../build/drone_controller_vrep/drone_controller_vrep.egg-info/top_level.txt
reading manifest file '../../build/drone_controller_vrep/drone_controller_vrep.egg-info/SOURCES.txt'
adding license file 'LICENSE'
writing manifest file '../../build/drone_controller_vrep/drone_controller_vrep.egg-info/SOURCES.txt'
running build
running build_py
copying drone_controller_vrep/header_file.py -> /home/zain/Projects/MasterThesis/build/drone_controller_vrep/build/lib/drone_controller_vrep
copying drone_controller_vrep/rrtstar.py -> /home/zain/Projects/MasterThesis/build/drone_controller_vrep/build/lib/drone_controller_vrep
copying drone_controller_vrep/rrtstarplotter.py -> /home/zain/Projects/MasterThesis/build/drone_controller_vrep/build/lib/drone_controller_vrep
copying drone_controller_vrep/polynomialtrajectory.py -> /home/zain/Projects/MasterThesis/build/drone_controller_vrep/build/lib/drone_controller_vrep
copying drone_controller_vrep/minimum_snap.py -> /home/zain/Projects/MasterThesis/build/drone_controller_vrep/build/lib/drone_controller_vrep
copying drone_controller_vrep/drone_feedback_controller.py -> /home/zain/Projects/MasterThesis/build/drone_controller_vrep/build/lib/drone_controller_vrep
copying drone_controller_vrep/traj_planner.py -> /home/zain/Projects/MasterThesis/build/drone_controller_vrep/build/lib/drone_controller_vrep
copying drone_controller_vrep/main.py -> /home/zain/Projects/MasterThesis/build/drone_controller_vrep/build/lib/drone_controller_vrep
copying drone_controller_vrep/polynomialgenerator.py -> /home/zain/Projects/MasterThesis/build/drone_controller_vrep/build/lib/drone_controller_vrep
copying drone_controller_vrep/__init__.py -> /home/zain/Projects/MasterThesis/build/drone_controller_vrep/build/lib/drone_controller_vrep
running install
/usr/lib/python3/dist-packages/setuptools/command/install.py:34: SetuptoolsDeprecationWarning: setup.py install is deprecated. Use build and pip and other standards-based tools.
  warnings.warn(
running install_lib
copying /home/zain/Projects/MasterThesis/build/drone_controller_vrep/build/lib/drone_controller_vrep/header_file.py -> /home/zain/Projects/MasterThesis/install/drone_controller_vrep/lib/python3.10/site-packages/drone_controller_vrep
copying /home/zain/Projects/MasterThesis/build/drone_controller_vrep/build/lib/drone_controller_vrep/rrtstar.py -> /home/zain/Projects/MasterThesis/install/drone_controller_vrep/lib/python3.10/site-packages/drone_controller_vrep
copying /home/zain/Projects/MasterThesis/build/drone_controller_vrep/build/lib/drone_controller_vrep/rrtstarplotter.py -> /home/zain/Projects/MasterThesis/install/drone_controller_vrep/lib/python3.10/site-packages/drone_controller_vrep
copying /home/zain/Projects/MasterThesis/build/drone_controller_vrep/build/lib/drone_controller_vrep/polynomialtrajectory.py -> /home/zain/Projects/MasterThesis/install/drone_controller_vrep/lib/python3.10/site-packages/drone_controller_vrep
copying /home/zain/Projects/MasterThesis/build/drone_controller_vrep/build/lib/drone_controller_vrep/minimum_snap.py -> /home/zain/Projects/MasterThesis/install/drone_controller_vrep/lib/python3.10/site-packages/drone_controller_vrep
copying /home/zain/Projects/MasterThesis/build/drone_controller_vrep/build/lib/drone_controller_vrep/drone_feedback_controller.py -> /home/zain/Projects/MasterThesis/install/drone_controller_vrep/lib/python3.10/site-packages/drone_controller_vrep
copying /home/zain/Projects/MasterThesis/build/drone_controller_vrep/build/lib/drone_controller_vrep/traj_planner.py -> /home/zain/Projects/MasterThesis/install/drone_controller_vrep/lib/python3.10/site-packages/drone_controller_vrep
copying /home/zain/Projects/MasterThesis/build/drone_controller_vrep/build/lib/drone_controller_vrep/main.py -> /home/zain/Projects/MasterThesis/install/drone_controller_vrep/lib/python3.10/site-packages/drone_controller_vrep
copying /home/zain/Projects/MasterThesis/build/drone_controller_vrep/build/lib/drone_controller_vrep/polynomialgenerator.py -> /home/zain/Projects/MasterThesis/install/drone_controller_vrep/lib/python3.10/site-packages/drone_controller_vrep
copying /home/zain/Projects/MasterThesis/build/drone_controller_vrep/build/lib/drone_controller_vrep/__init__.py -> /home/zain/Projects/MasterThesis/install/drone_controller_vrep/lib/python3.10/site-packages/drone_controller_vrep
byte-compiling /home/zain/Projects/MasterThesis/install/drone_controller_vrep/lib/python3.10/site-packages/drone_controller_vrep/header_file.py to header_file.cpython-310.pyc
byte-compiling /home/zain/Projects/MasterThesis/install/drone_controller_vrep/lib/python3.10/site-packages/drone_controller_vrep/rrtstar.py to rrtstar.cpython-310.pyc
byte-compiling /home/zain/Projects/MasterThesis/install/drone_controller_vrep/lib/python3.10/site-packages/drone_controller_vrep/rrtstarplotter.py to rrtstarplotter.cpython-310.pyc
byte-compiling /home/zain/Projects/MasterThesis/install/drone_controller_vrep/lib/python3.10/site-packages/drone_controller_vrep/polynomialtrajectory.py to polynomialtrajectory.cpython-310.pyc
byte-compiling /home/zain/Projects/MasterThesis/install/drone_controller_vrep/lib/python3.10/site-packages/drone_controller_vrep/minimum_snap.py to minimum_snap.cpython-310.pyc
byte-compiling /home/zain/Projects/MasterThesis/install/drone_controller_vrep/lib/python3.10/site-packages/drone_controller_vrep/drone_feedback_controller.py to drone_feedback_controller.cpython-310.pyc
byte-compiling /home/zain/Projects/MasterThesis/install/drone_controller_vrep/lib/python3.10/site-packages/drone_controller_vrep/traj_planner.py to traj_planner.cpython-310.pyc
byte-compiling /home/zain/Projects/MasterThesis/install/drone_controller_vrep/lib/python3.10/site-packages/drone_controller_vrep/main.py to main.cpython-310.pyc
byte-compiling /home/zain/Projects/MasterThesis/install/drone_controller_vrep/lib/python3.10/site-packages/drone_controller_vrep/polynomialgenerator.py to polynomialgenerator.cpython-310.pyc
byte-compiling /home/zain/Projects/MasterThesis/install/drone_controller_vrep/lib/python3.10/site-packages/drone_controller_vrep/__init__.py to __init__.cpython-310.pyc
running install_data
running install_egg_info
removing '/home/zain/Projects/MasterThesis/install/drone_controller_vrep/lib/python3.10/site-packages/drone_controller_vrep-0.1.0-py3.10.egg-info' (and everything under it)
Copying ../../build/drone_controller_vrep/drone_controller_vrep.egg-info to /home/zain/Projects/MasterThesis/install/drone_controller_vrep/lib/python3.10/site-packages/drone_controller_vrep-0.1.0-py3.10.egg-info
running install_scripts
Installing drone_feedback_controller script to /home/zain/Projects/MasterThesis/install/drone_controller_vrep/lib/drone_controller_vrep
writing list of installed files to '/home/zain/Projects/MasterThesis/build/drone_controller_vrep/install.log'
