running egg_info
creating ../../build/drone_controller_vrep/drone_controller_vrep.egg-info
writing ../../build/drone_controller_vrep/drone_controller_vrep.egg-info/PKG-INFO
writing dependency_links to ../../build/drone_controller_vrep/drone_controller_vrep.egg-info/dependency_links.txt
writing entry points to ../../build/drone_controller_vrep/drone_controller_vrep.egg-info/entry_points.txt
writing requirements to ../../build/drone_controller_vrep/drone_controller_vrep.egg-info/requires.txt
writing top-level names to ../../build/drone_controller_vrep/drone_controller_vrep.egg-info/top_level.txt
writing manifest file '../../build/drone_controller_vrep/drone_controller_vrep.egg-info/SOURCES.txt'
reading manifest file '../../build/drone_controller_vrep/drone_controller_vrep.egg-info/SOURCES.txt'
adding license file 'LICENSE'
writing manifest file '../../build/drone_controller_vrep/drone_controller_vrep.egg-info/SOURCES.txt'
running build
running build_py
creating /home/zain/Projects/MasterThesis/build/drone_controller_vrep/build
creating /home/zain/Projects/MasterThesis/build/drone_controller_vrep/build/lib
creating /home/zain/Projects/MasterThesis/build/drone_controller_vrep/build/lib/drone_controller_vrep
copying drone_controller_vrep/__init__.py -> /home/zain/Projects/MasterThesis/build/drone_controller_vrep/build/lib/drone_controller_vrep
running install
/usr/lib/python3/dist-packages/setuptools/command/install.py:34: SetuptoolsDeprecationWarning: setup.py install is deprecated. Use build and pip and other standards-based tools.
  warnings.warn(
running install_lib
creating /home/zain/Projects/MasterThesis/install/drone_controller_vrep/lib/python3.10/site-packages/drone_controller_vrep
copying /home/zain/Projects/MasterThesis/build/drone_controller_vrep/build/lib/drone_controller_vrep/__init__.py -> /home/zain/Projects/MasterThesis/install/drone_controller_vrep/lib/python3.10/site-packages/drone_controller_vrep
byte-compiling /home/zain/Projects/MasterThesis/install/drone_controller_vrep/lib/python3.10/site-packages/drone_controller_vrep/__init__.py to __init__.cpython-310.pyc
running install_data
creating /home/zain/Projects/MasterThesis/install/drone_controller_vrep/share/ament_index
creating /home/zain/Projects/MasterThesis/install/drone_controller_vrep/share/ament_index/resource_index
creating /home/zain/Projects/MasterThesis/install/drone_controller_vrep/share/ament_index/resource_index/packages
copying resource/drone_controller_vrep -> /home/zain/Projects/MasterThesis/install/drone_controller_vrep/share/ament_index/resource_index/packages
copying package.xml -> /home/zain/Projects/MasterThesis/install/drone_controller_vrep/share/drone_controller_vrep
running install_egg_info
Copying ../../build/drone_controller_vrep/drone_controller_vrep.egg-info to /home/zain/Projects/MasterThesis/install/drone_controller_vrep/lib/python3.10/site-packages/drone_controller_vrep-0.0.0-py3.10.egg-info
running install_scripts
writing list of installed files to '/home/zain/Projects/MasterThesis/build/drone_controller_vrep/install.log'
