[0.656s] Invoking command in '/home/zain/Projects/MasterThesis/src/drone_controller_vrep': CONDA_PROMPT_MODIFIER=(MasterThesis) PYTHONPATH=/home/zain/Projects/MasterThesis/build/drone_controller_vrep/prefix_override:/home/zain/Projects/MasterThesis/install/drone_controller_vrep/lib/python3.10/site-packages:${PYTHONPATH} /usr/bin/python3 setup.py egg_info --egg-base ../../build/drone_controller_vrep build --build-base /home/zain/Projects/MasterThesis/build/drone_controller_vrep/build install --record /home/zain/Projects/MasterThesis/build/drone_controller_vrep/install.log --single-version-externally-managed
[0.850s] running egg_info
[0.850s] creating ../../build/drone_controller_vrep/drone_controller_vrep.egg-info
[0.850s] writing ../../build/drone_controller_vrep/drone_controller_vrep.egg-info/PKG-INFO
[0.850s] writing dependency_links to ../../build/drone_controller_vrep/drone_controller_vrep.egg-info/dependency_links.txt
[0.850s] writing entry points to ../../build/drone_controller_vrep/drone_controller_vrep.egg-info/entry_points.txt
[0.851s] writing requirements to ../../build/drone_controller_vrep/drone_controller_vrep.egg-info/requires.txt
[0.851s] writing top-level names to ../../build/drone_controller_vrep/drone_controller_vrep.egg-info/top_level.txt
[0.851s] writing manifest file '../../build/drone_controller_vrep/drone_controller_vrep.egg-info/SOURCES.txt'
[0.852s] reading manifest file '../../build/drone_controller_vrep/drone_controller_vrep.egg-info/SOURCES.txt'
[0.853s] adding license file 'LICENSE'
[0.853s] writing manifest file '../../build/drone_controller_vrep/drone_controller_vrep.egg-info/SOURCES.txt'
[0.853s] running build
[0.853s] running build_py
[0.853s] creating /home/zain/Projects/MasterThesis/build/drone_controller_vrep/build
[0.853s] creating /home/zain/Projects/MasterThesis/build/drone_controller_vrep/build/lib
[0.853s] creating /home/zain/Projects/MasterThesis/build/drone_controller_vrep/build/lib/drone_controller_vrep
[0.853s] copying drone_controller_vrep/__init__.py -> /home/zain/Projects/MasterThesis/build/drone_controller_vrep/build/lib/drone_controller_vrep
[0.853s] running install
[0.860s] /usr/lib/python3/dist-packages/setuptools/command/install.py:34: SetuptoolsDeprecationWarning: setup.py install is deprecated. Use build and pip and other standards-based tools.
[0.860s]   warnings.warn(
[0.860s] running install_lib
[0.861s] creating /home/zain/Projects/MasterThesis/install/drone_controller_vrep/lib/python3.10/site-packages/drone_controller_vrep
[0.861s] copying /home/zain/Projects/MasterThesis/build/drone_controller_vrep/build/lib/drone_controller_vrep/__init__.py -> /home/zain/Projects/MasterThesis/install/drone_controller_vrep/lib/python3.10/site-packages/drone_controller_vrep
[0.861s] byte-compiling /home/zain/Projects/MasterThesis/install/drone_controller_vrep/lib/python3.10/site-packages/drone_controller_vrep/__init__.py to __init__.cpython-310.pyc
[0.861s] running install_data
[0.861s] creating /home/zain/Projects/MasterThesis/install/drone_controller_vrep/share/ament_index
[0.862s] creating /home/zain/Projects/MasterThesis/install/drone_controller_vrep/share/ament_index/resource_index
[0.862s] creating /home/zain/Projects/MasterThesis/install/drone_controller_vrep/share/ament_index/resource_index/packages
[0.862s] copying resource/drone_controller_vrep -> /home/zain/Projects/MasterThesis/install/drone_controller_vrep/share/ament_index/resource_index/packages
[0.862s] copying package.xml -> /home/zain/Projects/MasterThesis/install/drone_controller_vrep/share/drone_controller_vrep
[0.862s] running install_egg_info
[0.863s] Copying ../../build/drone_controller_vrep/drone_controller_vrep.egg-info to /home/zain/Projects/MasterThesis/install/drone_controller_vrep/lib/python3.10/site-packages/drone_controller_vrep-0.0.0-py3.10.egg-info
[0.863s] running install_scripts
[0.877s] writing list of installed files to '/home/zain/Projects/MasterThesis/build/drone_controller_vrep/install.log'
[0.891s] Invoked command in '/home/zain/Projects/MasterThesis/src/drone_controller_vrep' returned '0': CONDA_PROMPT_MODIFIER=(MasterThesis) PYTHONPATH=/home/zain/Projects/MasterThesis/build/drone_controller_vrep/prefix_override:/home/zain/Projects/MasterThesis/install/drone_controller_vrep/lib/python3.10/site-packages:${PYTHONPATH} /usr/bin/python3 setup.py egg_info --egg-base ../../build/drone_controller_vrep build --build-base /home/zain/Projects/MasterThesis/build/drone_controller_vrep/build install --record /home/zain/Projects/MasterThesis/build/drone_controller_vrep/install.log --single-version-externally-managed
