[0.101s] Invoking command in '/home/zain/Projects/MasterThesis/build/drone_controller_vrep': CMAKE_PREFIX_PATH=/opt/ros/humble CONDA_PROMPT_MODIFIER=(MasterThesis) /usr/local/bin/cmake --build /home/zain/Projects/MasterThesis/build/drone_controller_vrep -- -j16 -l16
[0.162s] [ 33%] [32mBuilding CXX object CMakeFiles/drone_feedback_controller_node.dir/src/drone_feedback_controller.cpp.o[0m
[0.165s] [ 66%] [32mBuilding CXX object CMakeFiles/drone_feedback_controller_node.dir/src/OIAC.cpp.o[0m
[0.881s] In file included from [01m[K/home/zain/Projects/MasterThesis/src/drone_controller_vrep/src/drone_feedback_controller.cpp:1[m[K:
[0.882s] [01m[K/home/zain/Projects/MasterThesis/src/drone_controller_vrep/include/drone_controller_vrep/drone_feedback_controller.hpp:7:10:[m[K [01;31m[Kfatal error: [m[Kgeometry_msgs/msg/PoseStamped.hpp: No such file or directory
[0.882s]     7 | #include [01;31m[K<geometry_msgs/msg/PoseStamped.hpp>[m[K
[0.882s]       |          [01;31m[K^~~~~~~~~~~~~~~~~~~~~~~~~~~~~~~~~~~[m[K
[0.882s] compilation terminated.
[0.894s] gmake[2]: *** [CMakeFiles/drone_feedback_controller_node.dir/build.make:76: CMakeFiles/drone_feedback_controller_node.dir/src/drone_feedback_controller.cpp.o] Error 1
[0.894s] gmake[2]: *** Waiting for unfinished jobs....
[1.469s] [01m[K/home/zain/Projects/MasterThesis/src/drone_controller_vrep/src/OIAC.cpp:[m[K In constructor ‘[01m[KOIAC::OIAC(double, double, double)[m[K’:
[1.469s] [01m[K/home/zain/Projects/MasterThesis/src/drone_controller_vrep/src/OIAC.cpp:9:20:[m[K [01;31m[Kerror: [m[Kconverting to ‘[01m[Kboost::numeric::ublas::vector<double>[m[K’ from initializer list would use explicit constructor ‘[01m[Kboost::numeric::ublas::vector<T, A>::vector(boost::numeric::ublas::vector<T, A>::size_type) [with T = double; A = boost::numeric::ublas::unbounded_array<double, std::allocator<double> >; boost::numeric::ublas::vector<T, A>::size_type = long unsigned int][m[K’
[1.469s]     9 |     [01;31m[Kset_feedforward({0.0})[m[K;
[1.469s]       |     [01;31m[K~~~~~~~~~~~~~~~^~~~~~~[m[K
[1.469s] [01m[K/home/zain/Projects/MasterThesis/src/drone_controller_vrep/src/OIAC.cpp:9:20:[m[K [01;31m[Kerror: [m[Knarrowing conversion of ‘[01m[K0.0[m[K’ from ‘[01m[Kdouble[m[K’ to ‘[01m[Kboost::numeric::ublas::vector<double>::size_type[m[K’ {aka ‘[01m[Klong unsigned int[m[K’} [[01;31m[K]8;;https://gcc.gnu.org/onlinedocs/gcc/Warning-Options.html#index-Wnarrowing-Wnarrowing]8;;[m[K]
[1.469s] [01m[K/home/zain/Projects/MasterThesis/src/drone_controller_vrep/src/OIAC.cpp:[m[K In constructor ‘[01m[KOIAC::OIAC(double, double, double, double, double)[m[K’:
[1.469s] [01m[K/home/zain/Projects/MasterThesis/src/drone_controller_vrep/src/OIAC.cpp:27:20:[m[K [01;31m[Kerror: [m[Kconverting to ‘[01m[Kboost::numeric::ublas::vector<double>[m[K’ from initializer list would use explicit constructor ‘[01m[Kboost::numeric::ublas::vector<T, A>::vector(boost::numeric::ublas::vector<T, A>::size_type) [with T = double; A = boost::numeric::ublas::unbounded_array<double, std::allocator<double> >; boost::numeric::ublas::vector<T, A>::size_type = long unsigned int][m[K’
[1.469s]    27 |     [01;31m[Kset_feedforward({0.0})[m[K;
[1.469s]       |     [01;31m[K~~~~~~~~~~~~~~~^~~~~~~[m[K
[1.470s] [01m[K/home/zain/Projects/MasterThesis/src/drone_controller_vrep/src/OIAC.cpp:27:20:[m[K [01;31m[Kerror: [m[Knarrowing conversion of ‘[01m[K0.0[m[K’ from ‘[01m[Kdouble[m[K’ to ‘[01m[Kboost::numeric::ublas::vector<double>::size_type[m[K’ {aka ‘[01m[Klong unsigned int[m[K’} [[01;31m[K]8;;https://gcc.gnu.org/onlinedocs/gcc/Warning-Options.html#index-Wnarrowing-Wnarrowing]8;;[m[K]
[1.588s] gmake[2]: *** [CMakeFiles/drone_feedback_controller_node.dir/build.make:90: CMakeFiles/drone_feedback_controller_node.dir/src/OIAC.cpp.o] Error 1
[1.588s] gmake[1]: *** [CMakeFiles/Makefile2:137: CMakeFiles/drone_feedback_controller_node.dir/all] Error 2
[1.588s] gmake: *** [Makefile:146: all] Error 2
[1.591s] Invoked command in '/home/zain/Projects/MasterThesis/build/drone_controller_vrep' returned '2': CMAKE_PREFIX_PATH=/opt/ros/humble CONDA_PROMPT_MODIFIER=(MasterThesis) /usr/local/bin/cmake --build /home/zain/Projects/MasterThesis/build/drone_controller_vrep -- -j16 -l16
