[0.410s] Invoking command in '/home/zain/Projects/MasterThesis/build/sim_ros2_interface': CMAKE_PREFIX_PATH=${CMAKE_PREFIX_PATH}:/home/zain/Projects/MasterThesis/install/drone_controller_vrep:/opt/ros/humble CONDA_PROMPT_MODIFIER=(MasterThesis) /usr/local/bin/cmake /home/zain/Projects/MasterThesis/src/sim_ros2_interface -DCMAKE_INSTALL_PREFIX=/home/zain/Projects/MasterThesis/install/sim_ros2_interface
[0.498s] -- The C compiler identification is GNU 11.4.0
[0.569s] -- The CXX compiler identification is GNU 11.4.0
[0.580s] -- Detecting C compiler ABI info
[0.630s] -- Detecting C compiler ABI info - done
[0.643s] -- Check for working C compiler: /usr/bin/cc - skipped
[0.644s] -- Detecting C compile features
[0.644s] -- Detecting C compile features - done
[0.648s] -- Detecting CXX compiler ABI info
[0.701s] -- Detecting CXX compiler ABI info - done
[0.718s] -- Check for working CXX compiler: /usr/bin/c++ - skipped
[0.718s] -- Detecting CXX compile features
[0.719s] -- Detecting CXX compile features - done
[0.724s] -- Found ament_cmake: 1.3.8 (/opt/ros/humble/share/ament_cmake/cmake)
[0.906s] -- Found Python3: /opt/anaconda3/envs/MasterThesis/bin/python3 (found version "3.11.7") found components: Interpreter
[1.053s] -- Found ament_cmake_ros: 0.10.0 (/opt/ros/humble/share/ament_cmake_ros/cmake)
[1.065s] -- Found diagnostic_msgs: 4.2.3 (/opt/ros/humble/share/diagnostic_msgs/cmake)
[1.124s] -- Found rosidl_generator_c: 3.1.5 (/opt/ros/humble/share/rosidl_generator_c/cmake)
[1.131s] -- Found rosidl_adapter: 3.1.5 (/opt/ros/humble/share/rosidl_adapter/cmake)
[1.143s] -- Found rosidl_generator_cpp: 3.1.5 (/opt/ros/humble/share/rosidl_generator_cpp/cmake)
[1.162s] -- Using all available rosidl_typesupport_c: rosidl_typesupport_fastrtps_c;rosidl_typesupport_introspection_c
[1.191s] -- Using all available rosidl_typesupport_cpp: rosidl_typesupport_fastrtps_cpp;rosidl_typesupport_introspection_cpp
[1.345s] -- Found geometry_msgs: 4.2.3 (/opt/ros/humble/share/geometry_msgs/cmake)
[1.404s] -- Found lifecycle_msgs: 1.2.1 (/opt/ros/humble/share/lifecycle_msgs/cmake)
[1.427s] -- Found map_msgs: 2.1.0 (/opt/ros/humble/share/map_msgs/cmake)
[1.776s] -- Found pendulum_msgs: 0.20.3 (/opt/ros/humble/share/pendulum_msgs/cmake)
[1.808s] -- Found rosgraph_msgs: 1.2.1 (/opt/ros/humble/share/rosgraph_msgs/cmake)
[1.845s] -- Found shape_msgs: 4.2.3 (/opt/ros/humble/share/shape_msgs/cmake)
[1.904s] -- Found stereo_msgs: 4.2.3 (/opt/ros/humble/share/stereo_msgs/cmake)
[1.988s] -- Found tf2_geometry_msgs: 0.25.6 (/opt/ros/humble/share/tf2_geometry_msgs/cmake)
[2.005s] -- Found eigen3_cmake_module: 0.1.1 (/opt/ros/humble/share/eigen3_cmake_module/cmake)
[2.006s] -- Found Eigen3: TRUE (found version "3.4.0")
[2.006s] -- Ensuring Eigen3 include directory is part of orocos-kdl CMake target
[2.165s] -- Found rmw_implementation_cmake: 6.1.1 (/opt/ros/humble/share/rmw_implementation_cmake/cmake)
[2.168s] -- Found rmw_fastrtps_cpp: 6.2.6 (/opt/ros/humble/share/rmw_fastrtps_cpp/cmake)
[2.252s] -- Found OpenSSL: /usr/lib/x86_64-linux-gnu/libcrypto.so (found version "3.0.2")
[2.279s] -- Found FastRTPS: /opt/ros/humble/include
[2.323s] -- Using RMW implementation 'rmw_fastrtps_cpp' as default
[2.335s] -- Performing Test CMAKE_HAVE_LIBC_PTHREAD
[2.386s] -- Performing Test CMAKE_HAVE_LIBC_PTHREAD - Success
[2.387s] -- Found Threads: TRUE
[2.781s] -- Found trajectory_msgs: 4.2.3 (/opt/ros/humble/share/trajectory_msgs/cmake)
[2.865s] -- Found visualization_msgs: 4.2.3 (/opt/ros/humble/share/visualization_msgs/cmake)
[2.990s] -- Found std_srvs: 4.2.3 (/opt/ros/humble/share/std_srvs/cmake)
[3.009s] -- Found example_interfaces: 0.9.3 (/opt/ros/humble/share/example_interfaces/cmake)
[3.065s] -- Found image_transport: 3.1.8 (/opt/ros/humble/share/image_transport/cmake)
[3.094s] -- CoppeliaSim: COPPELIASIM_INCLUDE_DIR: /opt/CoppeliaSim_Edu_V4_6_0_rev18_Ubuntu22_04/programming/include
[3.094s] -- CoppeliaSim: COPPELIASIM_ROOT_DIR: /opt/CoppeliaSim_Edu_V4_6_0_rev18_Ubuntu22_04
[3.094s] -- Checking CoppeliaSim header version...
[3.362s] -- CoppeliaSim headers version 4.6.0 rev18
[3.362s] -- CoppeliaSim: COPPELIASIM_RESOURCES_DIR: /opt/CoppeliaSim_Edu_V4_6_0_rev18_Ubuntu22_04
[3.362s] -- CoppeliaSim: COPPELIASIM_PLUGINS_DIR: /opt/CoppeliaSim_Edu_V4_6_0_rev18_Ubuntu22_04
[3.362s] -- CoppeliaSim: COPPELIASIM_EXECUTABLES_DIR: /opt/CoppeliaSim_Edu_V4_6_0_rev18_Ubuntu22_04
[3.362s] -- CoppeliaSim: COPPELIASIM_LIBRARIES_DIR: /opt/CoppeliaSim_Edu_V4_6_0_rev18_Ubuntu22_04
[3.362s] -- CoppeliaSim: COPPELIASIM_ADDONS_DIR: /opt/CoppeliaSim_Edu_V4_6_0_rev18_Ubuntu22_04/addOns
[3.362s] -- CoppeliaSim: COPPELIASIM_HELPFILES_DIR: /opt/CoppeliaSim_Edu_V4_6_0_rev18_Ubuntu22_04/helpFiles
[3.362s] -- CoppeliaSim: COPPELIASIM_MODELS_DIR: /opt/CoppeliaSim_Edu_V4_6_0_rev18_Ubuntu22_04/models
[3.362s] -- CoppeliaSim: COPPELIASIM_SCENES_DIR: /opt/CoppeliaSim_Edu_V4_6_0_rev18_Ubuntu22_04/scenes
[3.363s] -- CoppeliaSim: COPPELIASIM_LUA_DIR: /opt/CoppeliaSim_Edu_V4_6_0_rev18_Ubuntu22_04/lua
[3.363s] -- CoppeliaSim: COPPELIASIM_PYTHON_DIR: /opt/CoppeliaSim_Edu_V4_6_0_rev18_Ubuntu22_04/python
[3.363s] -- CoppeliaSim: COPPELIASIM_EXECUTABLE: /opt/CoppeliaSim_Edu_V4_6_0_rev18_Ubuntu22_04/coppeliaSim
[3.373s] -- Found Boost: /opt/anaconda3/envs/MasterThesis/lib/cmake/Boost-1.84.0/BoostConfig.cmake (found version "1.84.0") found components: regex
[3.377s] -- Found Git: /usr/bin/git (found version "2.34.1")
[3.477s] -- Found Boost: /opt/anaconda3/envs/MasterThesis/lib/cmake/Boost-1.84.0/BoostConfig.cmake (found version "1.84.0")
[3.478s] -- Adding simStubsGen command...
[3.571s] -- Reading plugin metadata...
[4.251s] -- Plugin: simROS2
[4.336s] -- Configuring done (3.9s)
[4.358s] -- Generating done (0.0s)
[4.360s] -- Build files have been written to: /home/zain/Projects/MasterThesis/build/sim_ros2_interface
[4.372s] Invoked command in '/home/zain/Projects/MasterThesis/build/sim_ros2_interface' returned '0': CMAKE_PREFIX_PATH=${CMAKE_PREFIX_PATH}:/home/zain/Projects/MasterThesis/install/drone_controller_vrep:/opt/ros/humble CONDA_PROMPT_MODIFIER=(MasterThesis) /usr/local/bin/cmake /home/zain/Projects/MasterThesis/src/sim_ros2_interface -DCMAKE_INSTALL_PREFIX=/home/zain/Projects/MasterThesis/install/sim_ros2_interface
[4.373s] Invoking command in '/home/zain/Projects/MasterThesis/build/sim_ros2_interface': CMAKE_PREFIX_PATH=${CMAKE_PREFIX_PATH}:/home/zain/Projects/MasterThesis/install/drone_controller_vrep:/opt/ros/humble CONDA_PROMPT_MODIFIER=(MasterThesis) /usr/local/bin/cmake --build /home/zain/Projects/MasterThesis/build/sim_ros2_interface -- -j16 -l16
[4.397s] [ 15%] [34m[1mGenerating generated/actsrv_action_abort.cpp[0m
[4.398s] [ 15%] [34m[1mGenerating generated/actcli_cancelLastGoal.cpp[0m
[4.398s] [ 15%] [34m[1mGenerating generated/actcli_del.cpp[0m
[4.398s] [ 20%] [34m[1mGenerating generated/actsrv_action_is_active.cpp[0m
[4.398s] [ 20%] [34m[1mGenerating generated/actsrv_action_execute.cpp[0m
[4.398s] [ 22%] [34m[1mGenerating generated/actsrv_action_is_canceling.cpp[0m
[4.398s] [ 15%] [34m[1mGenerating generated/actsrv_action_canceled.cpp[0m
[4.398s] [ 15%] [34m[1mGenerating generated/actcli_sendGoal.cpp[0m
[4.398s] [ 15%] [34m[1mGenerating generated/actcli_new.cpp[0m
[4.398s] [ 27%] [34m[1mGenerating generated/actsrv_action_publish_feedback.cpp[0m
[4.399s] [ 27%] [34m[1mGenerating generated/actsrv_action_is_executing.cpp[0m
[4.399s] [ 30%] [34m[1mGenerating generated/actsrv_action_succeed.cpp[0m
[4.399s] [ 32%] [34m[1mGenerating generated/actsrv_del.cpp[0m
[4.399s] [ 35%] [34m[1mGenerating generated/actsrv_new.cpp[0m
[4.404s] [ 40%] [34m[1mGenerating generated/callbacks.h[0m
[4.404s] [ 40%] [34m[1mGenerating generated/callbacks.cpp[0m
[5.030s] [ 45%] [34m[1mGenerating generated/cli_new.cpp[0m
[5.030s] [ 47%] [34m[1mGenerating generated/cli_del.cpp[0m
[5.031s] [ 47%] [34m[1mGenerating generated/cli_call.cpp[0m
[5.038s] [ 52%] [34m[1mGenerating generated/if_const.cpp[0m
[5.038s] [ 52%] [34m[1mGenerating generated/cli_wait.cpp[0m
[5.051s] [ 55%] [34m[1mGenerating generated/if_list.cpp[0m
[5.058s] [ 60%] [34m[1mGenerating generated/pub_publish.cpp[0m
[5.061s] [ 62%] [34m[1mGenerating generated/srv_new.cpp[0m
[5.062s] [ 65%] [34m[1mGenerating generated/pub_new.cpp[0m
[5.063s] [ 67%] [34m[1mGenerating generated/srv_del.cpp[0m
[5.063s] [ 60%] [34m[1mGenerating generated/pub_del.cpp[0m
[5.067s] [ 70%] [34m[1mGenerating generated/if_new.cpp[0m
[5.083s] [ 72%] [34m[1mGenerating generated/sub_new.cpp[0m
[5.090s] [ 75%] [34m[1mGenerating generated/sub_del.cpp[0m
[5.621s] [ 75%] Built target generate_ros_code
[5.626s] [ 77%] [34m[1mGenerating generated/stubs.cpp, generated/stubs.h, generated/plugin.h, generated/stubsPlusPlus.cpp, generated/index.json, generated/reference.html, generated/typecheck.lua[0m
[5.660s] /opt/CoppeliaSim_Edu_V4_6_0_rev18_Ubuntu22_04/programming/include/simStubsGen/generate.py --verbose --xml-file /home/zain/Projects/MasterThesis/src/sim_ros2_interface/meta/callbacks.xml --gen-all /home/zain/Projects/MasterThesis/build/sim_ros2_interface/generated --lua-file /home/zain/Projects/MasterThesis/src/sim_ros2_interface/lua/simROS2.lua
[5.988s] /opt/anaconda3/envs/MasterThesis/bin/python3 /opt/CoppeliaSim_Edu_V4_6_0_rev18_Ubuntu22_04/programming/include/simStubsGen/generate_lua_xml.py /home/zain/Projects/MasterThesis/src/sim_ros2_interface/meta/callbacks.xml /home/zain/Projects/MasterThesis/src/sim_ros2_interface/lua/simROS2.lua /home/zain/Projects/MasterThesis/build/sim_ros2_interface/generated/lua.xml
[6.360s] /opt/anaconda3/envs/MasterThesis/bin/python3 /opt/CoppeliaSim_Edu_V4_6_0_rev18_Ubuntu22_04/programming/include/simStubsGen/merge_xml.py /home/zain/Projects/MasterThesis/src/sim_ros2_interface/meta/callbacks.xml /home/zain/Projects/MasterThesis/build/sim_ros2_interface/generated/lua.xml /home/zain/Projects/MasterThesis/build/sim_ros2_interface/generated/reference.xml
[6.390s] xsltproc -o /home/zain/Projects/MasterThesis/build/sim_ros2_interface/generated/reference.html /opt/CoppeliaSim_Edu_V4_6_0_rev18_Ubuntu22_04/programming/include/simStubsGen/xsl/reference.xsl /home/zain/Projects/MasterThesis/build/sim_ros2_interface/generated/reference.xml
[6.412s] /opt/anaconda3/envs/MasterThesis/bin/python3 /opt/CoppeliaSim_Edu_V4_6_0_rev18_Ubuntu22_04/programming/include/simStubsGen/generate_lua_typechecker.py /home/zain/Projects/MasterThesis/src/sim_ros2_interface/meta/callbacks.xml /home/zain/Projects/MasterThesis/src/sim_ros2_interface/lua/simROS2.lua /home/zain/Projects/MasterThesis/build/sim_ros2_interface/generated/lua.xml /home/zain/Projects/MasterThesis/build/sim_ros2_interface/generated/typecheck.lua
[6.995s] /opt/anaconda3/envs/MasterThesis/bin/python3 /opt/CoppeliaSim_Edu_V4_6_0_rev18_Ubuntu22_04/programming/include/simStubsGen/generate_api_index.py /home/zain/Projects/MasterThesis/build/sim_ros2_interface/generated/reference.xml /home/zain/Projects/MasterThesis/build/sim_ros2_interface/generated/index.json
[7.555s] /opt/anaconda3/envs/MasterThesis/bin/python3 /opt/CoppeliaSim_Edu_V4_6_0_rev18_Ubuntu22_04/programming/include/simStubsGen/generate_ce.py /home/zain/Projects/MasterThesis/build/sim_ros2_interface/generated/reference.xml /home/zain/Projects/MasterThesis/build/sim_ros2_interface/generated/ce.lua
[8.169s] /opt/anaconda3/envs/MasterThesis/bin/python3 /opt/CoppeliaSim_Edu_V4_6_0_rev18_Ubuntu22_04/programming/include/simStubsGen/external/pycpp/pycpp.py -p xml_file=/home/zain/Projects/MasterThesis/src/sim_ros2_interface/meta/callbacks.xml -P /opt/CoppeliaSim_Edu_V4_6_0_rev18_Ubuntu22_04/programming/include/simStubsGen -i /opt/CoppeliaSim_Edu_V4_6_0_rev18_Ubuntu22_04/programming/include/simStubsGen/cpp/stubs.cpp -o /home/zain/Projects/MasterThesis/build/sim_ros2_interface/generated/stubs.cpp
[8.632s] /opt/anaconda3/envs/MasterThesis/bin/python3 /opt/CoppeliaSim_Edu_V4_6_0_rev18_Ubuntu22_04/programming/include/simStubsGen/external/pycpp/pycpp.py -p xml_file=/home/zain/Projects/MasterThesis/src/sim_ros2_interface/meta/callbacks.xml -P /opt/CoppeliaSim_Edu_V4_6_0_rev18_Ubuntu22_04/programming/include/simStubsGen -i /opt/CoppeliaSim_Edu_V4_6_0_rev18_Ubuntu22_04/programming/include/simStubsGen/cpp/stubs.h -o /home/zain/Projects/MasterThesis/build/sim_ros2_interface/generated/stubs.h
[9.077s] /opt/anaconda3/envs/MasterThesis/bin/python3 /opt/CoppeliaSim_Edu_V4_6_0_rev18_Ubuntu22_04/programming/include/simStubsGen/external/pycpp/pycpp.py -p xml_file=/home/zain/Projects/MasterThesis/src/sim_ros2_interface/meta/callbacks.xml -P /opt/CoppeliaSim_Edu_V4_6_0_rev18_Ubuntu22_04/programming/include/simStubsGen -i /opt/CoppeliaSim_Edu_V4_6_0_rev18_Ubuntu22_04/programming/include/simStubsGen/cpp/plugin.h -o /home/zain/Projects/MasterThesis/build/sim_ros2_interface/generated/plugin.h
[9.550s] /opt/anaconda3/envs/MasterThesis/bin/python3 /opt/CoppeliaSim_Edu_V4_6_0_rev18_Ubuntu22_04/programming/include/simStubsGen/external/pycpp/pycpp.py -p xml_file=/home/zain/Projects/MasterThesis/src/sim_ros2_interface/meta/callbacks.xml -P /opt/CoppeliaSim_Edu_V4_6_0_rev18_Ubuntu22_04/programming/include/simStubsGen -i /opt/CoppeliaSim_Edu_V4_6_0_rev18_Ubuntu22_04/programming/include/simStubsGen/cpp/stubsPlusPlus.cpp -o /home/zain/Projects/MasterThesis/build/sim_ros2_interface/generated/stubsPlusPlus.cpp
[10.000s] [ 82%] [32mBuilding CXX object CMakeFiles/simROS2.dir/opt/CoppeliaSim_Edu_V4_6_0_rev18_Ubuntu22_04/programming/include/simLib/simLib.cpp.o[0m
[10.001s] [ 82%] [32mBuilding CXX object CMakeFiles/simROS2.dir/generated/stubs.cpp.o[0m
[10.001s] [ 85%] [32mBuilding CXX object CMakeFiles/simROS2.dir/opt/CoppeliaSim_Edu_V4_6_0_rev18_Ubuntu22_04/programming/include/simPlusPlus/Lib.cpp.o[0m
[10.001s] [ 87%] [32mBuilding CXX object CMakeFiles/simROS2.dir/src/sim_ros2_interface.cpp.o[0m
[10.001s] [ 90%] [32mBuilding CXX object CMakeFiles/simROS2.dir/generated/callbacks.cpp.o[0m
[10.001s] [ 92%] [32mBuilding CXX object CMakeFiles/simROS2.dir/opt/CoppeliaSim_Edu_V4_6_0_rev18_Ubuntu22_04/programming/include/simPlusPlus/Plugin.cpp.o[0m
[10.001s] [ 95%] [32mBuilding CXX object CMakeFiles/simROS2.dir/src/ros_msg_builtin_io.cpp.o[0m
[151.754s] [ 97%] [32m[1mLinking CXX shared library libsimROS2.so[0m
[165.211s] [100%] Built target simROS2
[165.219s] Invoked command in '/home/zain/Projects/MasterThesis/build/sim_ros2_interface' returned '0': CMAKE_PREFIX_PATH=${CMAKE_PREFIX_PATH}:/home/zain/Projects/MasterThesis/install/drone_controller_vrep:/opt/ros/humble CONDA_PROMPT_MODIFIER=(MasterThesis) /usr/local/bin/cmake --build /home/zain/Projects/MasterThesis/build/sim_ros2_interface -- -j16 -l16
[165.245s] Invoking command in '/home/zain/Projects/MasterThesis/build/sim_ros2_interface': CMAKE_PREFIX_PATH=${CMAKE_PREFIX_PATH}:/home/zain/Projects/MasterThesis/install/drone_controller_vrep:/opt/ros/humble CONDA_PROMPT_MODIFIER=(MasterThesis) /usr/local/bin/cmake --install /home/zain/Projects/MasterThesis/build/sim_ros2_interface
[165.247s] -- Install configuration: ""
[165.248s] -- Installing: /home/zain/Projects/MasterThesis/install/sim_ros2_interface/share/sim_ros2_interface/package.dsv
[165.249s] Invoked command in '/home/zain/Projects/MasterThesis/build/sim_ros2_interface' returned '0': CMAKE_PREFIX_PATH=${CMAKE_PREFIX_PATH}:/home/zain/Projects/MasterThesis/install/drone_controller_vrep:/opt/ros/humble CONDA_PROMPT_MODIFIER=(MasterThesis) /usr/local/bin/cmake --install /home/zain/Projects/MasterThesis/build/sim_ros2_interface
